{"H:\\fullstack\\travel-together\\frontend\\src\\app\\App.tsx": {"path":"H:\\fullstack\\travel-together\\frontend\\src\\app\\App.tsx","statementMap":{"0":{"start":{"line":5,"column":2},"end":{"line":5,"column":null}}},"fnMap":{"0":{"name":"App","decl":{"start":{"line":4,"column":24},"end":{"line":4,"column":30}},"loc":{"start":{"line":4,"column":30},"end":{"line":6,"column":null}},"line":4}},"branchMap":{},"s":{"0":0},"f":{"0":0},"b":{},"meta":{"lastBranch":0,"lastFunction":1,"lastStatement":1,"seen":{"f:4:24:4:30":0,"s:5:2:5:Infinity":0}}}
,"H:\\fullstack\\travel-together\\frontend\\src\\app\\routes.ts": {"path":"H:\\fullstack\\travel-together\\frontend\\src\\app\\routes.ts","statementMap":{"0":{"start":{"line":13,"column":13},"end":{"line":35,"column":null}}},"fnMap":{},"branchMap":{},"s":{"0":1},"f":{},"b":{},"meta":{"lastBranch":0,"lastFunction":0,"lastStatement":1,"seen":{"s:13:13:35:Infinity":0}}}
,"H:\\fullstack\\travel-together\\frontend\\src\\app\\components\\Header.tsx": {"path":"H:\\fullstack\\travel-together\\frontend\\src\\app\\components\\Header.tsx","statementMap":{"0":{"start":{"line":14,"column":40},"end":{"line":14,"column":null}},"1":{"start":{"line":15,"column":8},"end":{"line":15,"column":null}},"2":{"start":{"line":16,"column":38},"end":{"line":16,"column":null}},"3":{"start":{"line":17,"column":8},"end":{"line":17,"column":null}},"4":{"start":{"line":19,"column":2},"end":{"line":31,"column":null}},"5":{"start":{"line":20,"column":31},"end":{"line":27,"column":null}},"6":{"start":{"line":21,"column":6},"end":{"line":26,"column":null}},"7":{"start":{"line":25,"column":8},"end":{"line":25,"column":null}},"8":{"start":{"line":29,"column":4},"end":{"line":29,"column":null}},"9":{"start":{"line":30,"column":4},"end":{"line":30,"column":null}},"10":{"start":{"line":30,"column":17},"end":{"line":30,"column":null}},"11":{"start":{"line":33,"column":23},"end":{"line":37,"column":null}},"12":{"start":{"line":34,"column":4},"end":{"line":34,"column":null}},"13":{"start":{"line":35,"column":4},"end":{"line":35,"column":null}},"14":{"start":{"line":36,"column":4},"end":{"line":36,"column":null}},"15":{"start":{"line":39,"column":2},"end":{"line":132,"column":null}},"16":{"start":{"line":57,"column":33},"end":{"line":57,"column":null}},"17":{"start":{"line":79,"column":37},"end":{"line":79,"column":null}},"18":{"start":{"line":87,"column":37},"end":{"line":87,"column":null}},"19":{"start":{"line":95,"column":37},"end":{"line":95,"column":null}}},"fnMap":{"0":{"name":"Header","decl":{"start":{"line":13,"column":16},"end":{"line":13,"column":25}},"loc":{"start":{"line":13,"column":25},"end":{"line":134,"column":null}},"line":13},"1":{"name":"(anonymous_1)","decl":{"start":{"line":19,"column":12},"end":{"line":19,"column":18}},"loc":{"start":{"line":19,"column":18},"end":{"line":31,"column":5}},"line":19},"2":{"name":"(anonymous_2)","decl":{"start":{"line":20,"column":31},"end":{"line":20,"column":32}},"loc":{"start":{"line":20,"column":54},"end":{"line":27,"column":null}},"line":20},"3":{"name":"(anonymous_3)","decl":{"start":{"line":30,"column":11},"end":{"line":30,"column":17}},"loc":{"start":{"line":30,"column":17},"end":{"line":30,"column":null}},"line":30},"4":{"name":"(anonymous_4)","decl":{"start":{"line":33,"column":23},"end":{"line":33,"column":35}},"loc":{"start":{"line":33,"column":35},"end":{"line":37,"column":null}},"line":33},"5":{"name":"(anonymous_5)","decl":{"start":{"line":57,"column":27},"end":{"line":57,"column":33}},"loc":{"start":{"line":57,"column":33},"end":{"line":57,"column":null}},"line":57},"6":{"name":"(anonymous_6)","decl":{"start":{"line":79,"column":31},"end":{"line":79,"column":37}},"loc":{"start":{"line":79,"column":37},"end":{"line":79,"column":null}},"line":79},"7":{"name":"(anonymous_7)","decl":{"start":{"line":87,"column":31},"end":{"line":87,"column":37}},"loc":{"start":{"line":87,"column":37},"end":{"line":87,"column":null}},"line":87},"8":{"name":"(anonymous_8)","decl":{"start":{"line":95,"column":31},"end":{"line":95,"column":37}},"loc":{"start":{"line":95,"column":37},"end":{"line":95,"column":null}},"line":95}},"branchMap":{"0":{"loc":{"start":{"line":21,"column":6},"end":{"line":26,"column":null}},"type":"if","locations":[{"start":{"line":21,"column":6},"end":{"line":26,"column":null}},{"start":{},"end":{}}],"line":21},"1":{"loc":{"start":{"line":22,"column":8},"end":{"line":23,"column":null}},"type":"binary-expr","locations":[{"start":{"line":22,"column":8},"end":{"line":22,"column":null}},{"start":{"line":23,"column":8},"end":{"line":23,"column":null}}],"line":22},"2":{"loc":{"start":{"line":54,"column":13},"end":{"line":127,"column":null}},"type":"cond-expr","locations":[{"start":{"line":55,"column":14},"end":{"line":112,"column":null}},{"start":{"line":114,"column":14},"end":{"line":127,"column":null}}],"line":54},"3":{"loc":{"start":{"line":54,"column":13},"end":{"line":54,"column":null}},"type":"binary-expr","locations":[{"start":{"line":54,"column":13},"end":{"line":54,"column":32}},{"start":{"line":54,"column":32},"end":{"line":54,"column":null}}],"line":54},"4":{"loc":{"start":{"line":75,"column":17},"end":{"line":110,"column":null}},"type":"binary-expr","locations":[{"start":{"line":75,"column":17},"end":{"line":75,"column":null}},{"start":{"line":76,"column":18},"end":{"line":110,"column":null}}],"line":75}},"s":{"0":6,"1":6,"2":6,"3":6,"4":6,"5":3,"6":0,"7":0,"8":3,"9":3,"10":3,"11":6,"12":0,"13":0,"14":0,"15":6,"16":0,"17":0,"18":0,"19":0},"f":{"0":6,"1":3,"2":0,"3":3,"4":0,"5":0,"6":0,"7":0,"8":0},"b":{"0":[0,0],"1":[0,0],"2":[1,5],"3":[6,1],"4":[1,0]},"meta":{"lastBranch":5,"lastFunction":9,"lastStatement":20,"seen":{"f:13:16:13:25":0,"s:14:40:14:Infinity":0,"s:15:8:15:Infinity":1,"s:16:38:16:Infinity":2,"s:17:8:17:Infinity":3,"s:19:2:31:Infinity":4,"f:19:12:19:18":1,"s:20:31:27:Infinity":5,"f:20:31:20:32":2,"b:21:6:26:Infinity:undefined:undefined:undefined:undefined":0,"s:21:6:26:Infinity":6,"b:22:8:22:Infinity:23:8:23:Infinity":1,"s:25:8:25:Infinity":7,"s:29:4:29:Infinity":8,"s:30:4:30:Infinity":9,"f:30:11:30:17":3,"s:30:17:30:Infinity":10,"s:33:23:37:Infinity":11,"f:33:23:33:35":4,"s:34:4:34:Infinity":12,"s:35:4:35:Infinity":13,"s:36:4:36:Infinity":14,"s:39:2:132:Infinity":15,"b:55:14:112:Infinity:114:14:127:Infinity":2,"b:54:13:54:32:54:32:54:Infinity":3,"f:57:27:57:33":5,"s:57:33:57:Infinity":16,"b:75:17:75:Infinity:76:18:110:Infinity":4,"f:79:31:79:37":6,"s:79:37:79:Infinity":17,"f:87:31:87:37":7,"s:87:37:87:Infinity":18,"f:95:31:95:37":8,"s:95:37:95:Infinity":19}}}
,"H:\\fullstack\\travel-together\\frontend\\src\\app\\components\\Layout.tsx": {"path":"H:\\fullstack\\travel-together\\frontend\\src\\app\\components\\Layout.tsx","statementMap":{"0":{"start":{"line":5,"column":2},"end":{"line":11,"column":null}}},"fnMap":{"0":{"name":"Layout","decl":{"start":{"line":4,"column":16},"end":{"line":4,"column":25}},"loc":{"start":{"line":4,"column":25},"end":{"line":13,"column":null}},"line":4}},"branchMap":{},"s":{"0":1},"f":{"0":1},"b":{},"meta":{"lastBranch":0,"lastFunction":1,"lastStatement":1,"seen":{"f:4:16:4:25":0,"s:5:2:11:Infinity":0}}}
,"H:\\fullstack\\travel-together\\frontend\\src\\app\\components\\SEO.tsx": {"path":"H:\\fullstack\\travel-together\\frontend\\src\\app\\components\\SEO.tsx","statementMap":{"0":{"start":{"line":12,"column":19},"end":{"line":36,"column":null}},"1":{"start":{"line":19,"column":18},"end":{"line":19,"column":null}},"2":{"start":{"line":20,"column":24},"end":{"line":20,"column":null}},"3":{"start":{"line":21,"column":20},"end":{"line":21,"column":null}},"4":{"start":{"line":23,"column":2},"end":{"line":34,"column":null}}},"fnMap":{"0":{"name":"(anonymous_0)","decl":{"start":{"line":12,"column":19},"end":{"line":12,"column":20}},"loc":{"start":{"line":18,"column":29},"end":{"line":36,"column":null}},"line":18}},"branchMap":{"0":{"loc":{"start":{"line":17,"column":2},"end":{"line":17,"column":null}},"type":"default-arg","locations":[{"start":{"line":17,"column":9},"end":{"line":17,"column":null}}],"line":17},"1":{"loc":{"start":{"line":19,"column":18},"end":{"line":19,"column":null}},"type":"binary-expr","locations":[{"start":{"line":19,"column":18},"end":{"line":19,"column":51}},{"start":{"line":19,"column":51},"end":{"line":19,"column":null}}],"line":19},"2":{"loc":{"start":{"line":20,"column":24},"end":{"line":20,"column":null}},"type":"cond-expr","locations":[{"start":{"line":20,"column":39},"end":{"line":20,"column":69}},{"start":{"line":20,"column":69},"end":{"line":20,"column":null}}],"line":20},"3":{"loc":{"start":{"line":32,"column":7},"end":{"line":32,"column":null}},"type":"binary-expr","locations":[{"start":{"line":32,"column":7},"end":{"line":32,"column":18}},{"start":{"line":32,"column":18},"end":{"line":32,"column":null}}],"line":32}},"s":{"0":4,"1":28,"2":28,"3":28,"4":28},"f":{"0":28},"b":{"0":[28],"1":[28,0],"2":[15,13],"3":[28,1]},"meta":{"lastBranch":4,"lastFunction":1,"lastStatement":5,"seen":{"s:12:19:36:Infinity":0,"f:12:19:12:20":0,"b:17:9:17:Infinity":0,"s:19:18:19:Infinity":1,"b:19:18:19:51:19:51:19:Infinity":1,"s:20:24:20:Infinity":2,"b:20:39:20:69:20:69:20:Infinity":2,"s:21:20:21:Infinity":3,"s:23:2:34:Infinity":4,"b:32:7:32:18:32:18:32:Infinity":3}}}
,"H:\\fullstack\\travel-together\\frontend\\src\\app\\components\\auth\\Login.tsx": {"path":"H:\\fullstack\\travel-together\\frontend\\src\\app\\components\\auth\\Login.tsx","statementMap":{"0":{"start":{"line":7,"column":24},"end":{"line":7,"column":null}},"1":{"start":{"line":8,"column":30},"end":{"line":8,"column":null}},"2":{"start":{"line":9,"column":24},"end":{"line":9,"column":null}},"3":{"start":{"line":10,"column":28},"end":{"line":10,"column":null}},"4":{"start":{"line":11,"column":16},"end":{"line":11,"column":null}},"5":{"start":{"line":12,"column":8},"end":{"line":12,"column":null}},"6":{"start":{"line":14,"column":23},"end":{"line":29,"column":null}},"7":{"start":{"line":15,"column":4},"end":{"line":15,"column":null}},"8":{"start":{"line":16,"column":4},"end":{"line":16,"column":null}},"9":{"start":{"line":17,"column":4},"end":{"line":17,"column":null}},"10":{"start":{"line":19,"column":4},"end":{"line":28,"column":null}},"11":{"start":{"line":20,"column":6},"end":{"line":20,"column":null}},"12":{"start":{"line":21,"column":6},"end":{"line":21,"column":null}},"13":{"start":{"line":23,"column":6},"end":{"line":25,"column":null}},"14":{"start":{"line":27,"column":6},"end":{"line":27,"column":null}},"15":{"start":{"line":31,"column":2},"end":{"line":117,"column":null}},"16":{"start":{"line":79,"column":35},"end":{"line":79,"column":null}},"17":{"start":{"line":100,"column":35},"end":{"line":100,"column":null}}},"fnMap":{"0":{"name":"Login","decl":{"start":{"line":6,"column":16},"end":{"line":6,"column":24}},"loc":{"start":{"line":6,"column":24},"end":{"line":119,"column":null}},"line":6},"1":{"name":"(anonymous_1)","decl":{"start":{"line":14,"column":23},"end":{"line":14,"column":30}},"loc":{"start":{"line":14,"column":55},"end":{"line":29,"column":null}},"line":14},"2":{"name":"(anonymous_2)","decl":{"start":{"line":79,"column":28},"end":{"line":79,"column":29}},"loc":{"start":{"line":79,"column":35},"end":{"line":79,"column":null}},"line":79},"3":{"name":"(anonymous_3)","decl":{"start":{"line":100,"column":28},"end":{"line":100,"column":29}},"loc":{"start":{"line":100,"column":35},"end":{"line":100,"column":null}},"line":100}},"branchMap":{"0":{"loc":{"start":{"line":24,"column":8},"end":{"line":24,"column":null}},"type":"binary-expr","locations":[{"start":{"line":24,"column":8},"end":{"line":24,"column":37}},{"start":{"line":24,"column":37},"end":{"line":24,"column":null}}],"line":24},"1":{"loc":{"start":{"line":57,"column":11},"end":{"line":61,"column":null}},"type":"binary-expr","locations":[{"start":{"line":57,"column":11},"end":{"line":57,"column":null}},{"start":{"line":58,"column":12},"end":{"line":61,"column":null}}],"line":57},"2":{"loc":{"start":{"line":113,"column":13},"end":{"line":113,"column":null}},"type":"cond-expr","locations":[{"start":{"line":113,"column":23},"end":{"line":113,"column":35}},{"start":{"line":113,"column":35},"end":{"line":113,"column":null}}],"line":113}},"s":{"0":52,"1":52,"2":52,"3":52,"4":52,"5":52,"6":52,"7":2,"8":2,"9":2,"10":2,"11":2,"12":1,"13":1,"14":2,"15":52,"16":26,"17":16},"f":{"0":52,"1":2,"2":26,"3":16},"b":{"0":[1,0],"1":[52,1],"2":[3,49]},"meta":{"lastBranch":3,"lastFunction":4,"lastStatement":18,"seen":{"f:6:16:6:24":0,"s:7:24:7:Infinity":0,"s:8:30:8:Infinity":1,"s:9:24:9:Infinity":2,"s:10:28:10:Infinity":3,"s:11:16:11:Infinity":4,"s:12:8:12:Infinity":5,"s:14:23:29:Infinity":6,"f:14:23:14:30":1,"s:15:4:15:Infinity":7,"s:16:4:16:Infinity":8,"s:17:4:17:Infinity":9,"s:19:4:28:Infinity":10,"s:20:6:20:Infinity":11,"s:21:6:21:Infinity":12,"s:23:6:25:Infinity":13,"b:24:8:24:37:24:37:24:Infinity":0,"s:27:6:27:Infinity":14,"s:31:2:117:Infinity":15,"b:57:11:57:Infinity:58:12:61:Infinity":1,"f:79:28:79:29":2,"s:79:35:79:Infinity":16,"f:100:28:100:29":3,"s:100:35:100:Infinity":17,"b:113:23:113:35:113:35:113:Infinity":2}}}
,"H:\\fullstack\\travel-together\\frontend\\src\\app\\components\\auth\\Register.tsx": {"path":"H:\\fullstack\\travel-together\\frontend\\src\\app\\components\\auth\\Register.tsx","statementMap":{"0":{"start":{"line":7,"column":30},"end":{"line":13,"column":null}},"1":{"start":{"line":14,"column":24},"end":{"line":14,"column":null}},"2":{"start":{"line":15,"column":28},"end":{"line":15,"column":null}},"3":{"start":{"line":16,"column":19},"end":{"line":16,"column":null}},"4":{"start":{"line":17,"column":8},"end":{"line":17,"column":null}},"5":{"start":{"line":19,"column":23},"end":{"line":21,"column":null}},"6":{"start":{"line":20,"column":4},"end":{"line":20,"column":null}},"7":{"start":{"line":23,"column":23},"end":{"line":40,"column":null}},"8":{"start":{"line":24,"column":4},"end":{"line":24,"column":null}},"9":{"start":{"line":25,"column":4},"end":{"line":25,"column":null}},"10":{"start":{"line":26,"column":4},"end":{"line":26,"column":null}},"11":{"start":{"line":28,"column":4},"end":{"line":39,"column":null}},"12":{"start":{"line":29,"column":6},"end":{"line":29,"column":null}},"13":{"start":{"line":30,"column":6},"end":{"line":30,"column":null}},"14":{"start":{"line":32,"column":6},"end":{"line":36,"column":null}},"15":{"start":{"line":38,"column":6},"end":{"line":38,"column":null}},"16":{"start":{"line":42,"column":2},"end":{"line":199,"column":null}}},"fnMap":{"0":{"name":"Register","decl":{"start":{"line":6,"column":16},"end":{"line":6,"column":27}},"loc":{"start":{"line":6,"column":27},"end":{"line":201,"column":null}},"line":6},"1":{"name":"(anonymous_1)","decl":{"start":{"line":19,"column":23},"end":{"line":19,"column":24}},"loc":{"start":{"line":19,"column":67},"end":{"line":21,"column":null}},"line":19},"2":{"name":"(anonymous_2)","decl":{"start":{"line":23,"column":23},"end":{"line":23,"column":30}},"loc":{"start":{"line":23,"column":53},"end":{"line":40,"column":null}},"line":23}},"branchMap":{"0":{"loc":{"start":{"line":33,"column":8},"end":{"line":35,"column":null}},"type":"binary-expr","locations":[{"start":{"line":33,"column":8},"end":{"line":33,"column":null}},{"start":{"line":34,"column":10},"end":{"line":34,"column":null}},{"start":{"line":35,"column":10},"end":{"line":35,"column":null}}],"line":33},"1":{"loc":{"start":{"line":68,"column":11},"end":{"line":72,"column":null}},"type":"binary-expr","locations":[{"start":{"line":68,"column":11},"end":{"line":68,"column":null}},{"start":{"line":69,"column":12},"end":{"line":72,"column":null}}],"line":68},"2":{"loc":{"start":{"line":195,"column":13},"end":{"line":195,"column":null}},"type":"cond-expr","locations":[{"start":{"line":195,"column":23},"end":{"line":195,"column":42}},{"start":{"line":195,"column":42},"end":{"line":195,"column":null}}],"line":195}},"s":{"0":42,"1":42,"2":42,"3":42,"4":42,"5":42,"6":34,"7":42,"8":1,"9":1,"10":1,"11":1,"12":1,"13":1,"14":0,"15":1,"16":42},"f":{"0":42,"1":34,"2":1},"b":{"0":[0,0,0],"1":[42,0],"2":[2,40]},"meta":{"lastBranch":3,"lastFunction":3,"lastStatement":17,"seen":{"f:6:16:6:27":0,"s:7:30:13:Infinity":0,"s:14:24:14:Infinity":1,"s:15:28:15:Infinity":2,"s:16:19:16:Infinity":3,"s:17:8:17:Infinity":4,"s:19:23:21:Infinity":5,"f:19:23:19:24":1,"s:20:4:20:Infinity":6,"s:23:23:40:Infinity":7,"f:23:23:23:30":2,"s:24:4:24:Infinity":8,"s:25:4:25:Infinity":9,"s:26:4:26:Infinity":10,"s:28:4:39:Infinity":11,"s:29:6:29:Infinity":12,"s:30:6:30:Infinity":13,"s:32:6:36:Infinity":14,"b:33:8:33:Infinity:34:10:34:Infinity:35:10:35:Infinity":0,"s:38:6:38:Infinity":15,"s:42:2:199:Infinity":16,"b:68:11:68:Infinity:69:12:72:Infinity":1,"b:195:23:195:42:195:42:195:Infinity":2}}}
,"H:\\fullstack\\travel-together\\frontend\\src\\app\\components\\figma\\ImageWithFallback.tsx": {"path":"H:\\fullstack\\travel-together\\frontend\\src\\app\\components\\figma\\ImageWithFallback.tsx","statementMap":{"0":{"start":{"line":4,"column":2},"end":{"line":4,"column":null}},"1":{"start":{"line":9,"column":30},"end":{"line":9,"column":null}},"2":{"start":{"line":11,"column":22},"end":{"line":13,"column":null}},"3":{"start":{"line":12,"column":4},"end":{"line":12,"column":null}},"4":{"start":{"line":15,"column":50},"end":{"line":15,"column":null}},"5":{"start":{"line":17,"column":2},"end":{"line":41,"column":null}}},"fnMap":{"0":{"name":"ImageWithFallback","decl":{"start":{"line":6,"column":16},"end":{"line":6,"column":null}},"loc":{"start":{"line":8,"column":2},"end":{"line":43,"column":null}},"line":8},"1":{"name":"(anonymous_1)","decl":{"start":{"line":11,"column":22},"end":{"line":11,"column":28}},"loc":{"start":{"line":11,"column":28},"end":{"line":13,"column":null}},"line":11}},"branchMap":{"0":{"loc":{"start":{"line":17,"column":9},"end":{"line":41,"column":null}},"type":"cond-expr","locations":[{"start":{"line":18,"column":4},"end":{"line":31,"column":null}},{"start":{"line":33,"column":4},"end":{"line":41,"column":null}}],"line":17},"1":{"loc":{"start":{"line":19,"column":70},"end":{"line":19,"column":85}},"type":"binary-expr","locations":[{"start":{"line":19,"column":70},"end":{"line":19,"column":83}},{"start":{"line":19,"column":83},"end":{"line":19,"column":85}}],"line":19}},"s":{"0":1,"1":3,"2":3,"3":1,"4":3,"5":3},"f":{"0":3,"1":1},"b":{"0":[1,2],"1":[1,1]},"meta":{"lastBranch":2,"lastFunction":2,"lastStatement":6,"seen":{"s:4:2:4:Infinity":0,"f:6:16:6:Infinity":0,"s:9:30:9:Infinity":1,"s:11:22:13:Infinity":2,"f:11:22:11:28":1,"s:12:4:12:Infinity":3,"s:15:50:15:Infinity":4,"s:17:2:41:Infinity":5,"b:18:4:31:Infinity:33:4:41:Infinity":0,"b:19:70:19:83:19:83:19:85":1}}}
,"H:\\fullstack\\travel-together\\frontend\\src\\app\\components\\pages\\Applications.tsx": {"path":"H:\\fullstack\\travel-together\\frontend\\src\\app\\components\\pages\\Applications.tsx","statementMap":{"0":{"start":{"line":22,"column":27},"end":{"line":22,"column":null}},"1":{"start":{"line":23,"column":30},"end":{"line":23,"column":null}},"2":{"start":{"line":24,"column":30},"end":{"line":24,"column":null}},"3":{"start":{"line":25,"column":28},"end":{"line":25,"column":null}},"4":{"start":{"line":26,"column":24},"end":{"line":26,"column":null}},"5":{"start":{"line":27,"column":30},"end":{"line":27,"column":null}},"6":{"start":{"line":28,"column":38},"end":{"line":28,"column":null}},"7":{"start":{"line":30,"column":2},"end":{"line":32,"column":null}},"8":{"start":{"line":31,"column":4},"end":{"line":31,"column":null}},"9":{"start":{"line":31,"column":14},"end":{"line":31,"column":null}},"10":{"start":{"line":34,"column":19},"end":{"line":47,"column":null}},"11":{"start":{"line":35,"column":4},"end":{"line":46,"column":null}},"12":{"start":{"line":36,"column":25},"end":{"line":39,"column":null}},"13":{"start":{"line":40,"column":6},"end":{"line":40,"column":null}},"14":{"start":{"line":40,"column":35},"end":{"line":40,"column":null}},"15":{"start":{"line":41,"column":6},"end":{"line":41,"column":null}},"16":{"start":{"line":41,"column":35},"end":{"line":41,"column":null}},"17":{"start":{"line":43,"column":6},"end":{"line":43,"column":null}},"18":{"start":{"line":45,"column":6},"end":{"line":45,"column":null}},"19":{"start":{"line":49,"column":25},"end":{"line":65,"column":null}},"20":{"start":{"line":53,"column":4},"end":{"line":53,"column":null}},"21":{"start":{"line":54,"column":4},"end":{"line":64,"column":null}},"22":{"start":{"line":55,"column":6},"end":{"line":56,"column":null}},"23":{"start":{"line":55,"column":33},"end":{"line":55,"column":null}},"24":{"start":{"line":56,"column":11},"end":{"line":56,"column":null}},"25":{"start":{"line":57,"column":6},"end":{"line":57,"column":null}},"26":{"start":{"line":58,"column":17},"end":{"line":58,"column":null}},"27":{"start":{"line":59,"column":6},"end":{"line":59,"column":null}},"28":{"start":{"line":59,"column":33},"end":{"line":59,"column":null}},"29":{"start":{"line":61,"column":6},"end":{"line":61,"column":null}},"30":{"start":{"line":63,"column":6},"end":{"line":63,"column":null}},"31":{"start":{"line":67,"column":2},"end":{"line":71,"column":null}},"32":{"start":{"line":68,"column":4},"end":{"line":71,"column":null}},"33":{"start":{"line":73,"column":2},"end":{"line":77,"column":null}},"34":{"start":{"line":74,"column":4},"end":{"line":77,"column":null}},"35":{"start":{"line":80,"column":20},"end":{"line":160,"column":null}},"36":{"start":{"line":81,"column":17},"end":{"line":81,"column":null}},"37":{"start":{"line":82,"column":20},"end":{"line":82,"column":null}},"38":{"start":{"line":83,"column":22},"end":{"line":83,"column":null}},"39":{"start":{"line":84,"column":23},"end":{"line":84,"column":null}},"40":{"start":{"line":86,"column":4},"end":{"line":158,"column":null}},"41":{"start":{"line":134,"column":33},"end":{"line":134,"column":null}},"42":{"start":{"line":144,"column":33},"end":{"line":144,"column":null}},"43":{"start":{"line":162,"column":2},"end":{"line":201,"column":null}},"44":{"start":{"line":177,"column":30},"end":{"line":177,"column":null}},"45":{"start":{"line":190,"column":32},"end":{"line":190,"column":56}},"46":{"start":{"line":198,"column":32},"end":{"line":198,"column":56}}},"fnMap":{"0":{"name":"Applications","decl":{"start":{"line":21,"column":24},"end":{"line":21,"column":39}},"loc":{"start":{"line":21,"column":39},"end":{"line":203,"column":null}},"line":21},"1":{"name":"(anonymous_1)","decl":{"start":{"line":30,"column":12},"end":{"line":30,"column":18}},"loc":{"start":{"line":30,"column":18},"end":{"line":32,"column":5}},"line":30},"2":{"name":"(anonymous_2)","decl":{"start":{"line":34,"column":19},"end":{"line":34,"column":31}},"loc":{"start":{"line":34,"column":31},"end":{"line":47,"column":null}},"line":34},"3":{"name":"(anonymous_3)","decl":{"start":{"line":49,"column":25},"end":{"line":49,"column":null}},"loc":{"start":{"line":52,"column":7},"end":{"line":65,"column":null}},"line":52},"4":{"name":"(anonymous_4)","decl":{"start":{"line":80,"column":20},"end":{"line":80,"column":21}},"loc":{"start":{"line":80,"column":73},"end":{"line":160,"column":null}},"line":80},"5":{"name":"(anonymous_5)","decl":{"start":{"line":134,"column":27},"end":{"line":134,"column":33}},"loc":{"start":{"line":134,"column":33},"end":{"line":134,"column":null}},"line":134},"6":{"name":"(anonymous_6)","decl":{"start":{"line":144,"column":27},"end":{"line":144,"column":33}},"loc":{"start":{"line":144,"column":33},"end":{"line":144,"column":null}},"line":144},"7":{"name":"(anonymous_7)","decl":{"start":{"line":177,"column":20},"end":{"line":177,"column":21}},"loc":{"start":{"line":177,"column":30},"end":{"line":177,"column":null}},"line":177},"8":{"name":"(anonymous_8)","decl":{"start":{"line":190,"column":25},"end":{"line":190,"column":26}},"loc":{"start":{"line":190,"column":32},"end":{"line":190,"column":56}},"line":190},"9":{"name":"(anonymous_9)","decl":{"start":{"line":198,"column":25},"end":{"line":198,"column":26}},"loc":{"start":{"line":198,"column":32},"end":{"line":198,"column":56}},"line":198}},"branchMap":{"0":{"loc":{"start":{"line":31,"column":4},"end":{"line":31,"column":null}},"type":"if","locations":[{"start":{"line":31,"column":4},"end":{"line":31,"column":null}},{"start":{},"end":{}}],"line":31},"1":{"loc":{"start":{"line":40,"column":6},"end":{"line":40,"column":null}},"type":"if","locations":[{"start":{"line":40,"column":6},"end":{"line":40,"column":null}},{"start":{},"end":{}}],"line":40},"2":{"loc":{"start":{"line":40,"column":10},"end":{"line":40,"column":35}},"type":"binary-expr","locations":[{"start":{"line":40,"column":10},"end":{"line":40,"column":25}},{"start":{"line":40,"column":25},"end":{"line":40,"column":35}}],"line":40},"3":{"loc":{"start":{"line":41,"column":6},"end":{"line":41,"column":null}},"type":"if","locations":[{"start":{"line":41,"column":6},"end":{"line":41,"column":null}},{"start":{},"end":{}}],"line":41},"4":{"loc":{"start":{"line":41,"column":10},"end":{"line":41,"column":35}},"type":"binary-expr","locations":[{"start":{"line":41,"column":10},"end":{"line":41,"column":25}},{"start":{"line":41,"column":25},"end":{"line":41,"column":35}}],"line":41},"5":{"loc":{"start":{"line":43,"column":15},"end":{"line":43,"column":47}},"type":"binary-expr","locations":[{"start":{"line":43,"column":15},"end":{"line":43,"column":30}},{"start":{"line":43,"column":30},"end":{"line":43,"column":47}}],"line":43},"6":{"loc":{"start":{"line":55,"column":6},"end":{"line":56,"column":null}},"type":"if","locations":[{"start":{"line":55,"column":6},"end":{"line":56,"column":null}},{"start":{"line":56,"column":11},"end":{"line":56,"column":null}}],"line":55},"7":{"loc":{"start":{"line":59,"column":6},"end":{"line":59,"column":null}},"type":"if","locations":[{"start":{"line":59,"column":6},"end":{"line":59,"column":null}},{"start":{},"end":{}}],"line":59},"8":{"loc":{"start":{"line":59,"column":10},"end":{"line":59,"column":33}},"type":"binary-expr","locations":[{"start":{"line":59,"column":10},"end":{"line":59,"column":24}},{"start":{"line":59,"column":24},"end":{"line":59,"column":33}}],"line":59},"9":{"loc":{"start":{"line":61,"column":12},"end":{"line":61,"column":45}},"type":"binary-expr","locations":[{"start":{"line":61,"column":12},"end":{"line":61,"column":27}},{"start":{"line":61,"column":27},"end":{"line":61,"column":45}}],"line":61},"10":{"loc":{"start":{"line":67,"column":2},"end":{"line":71,"column":null}},"type":"if","locations":[{"start":{"line":67,"column":2},"end":{"line":71,"column":null}},{"start":{},"end":{}}],"line":67},"11":{"loc":{"start":{"line":73,"column":2},"end":{"line":77,"column":null}},"type":"if","locations":[{"start":{"line":73,"column":2},"end":{"line":77,"column":null}},{"start":{},"end":{}}],"line":73},"12":{"loc":{"start":{"line":92,"column":17},"end":{"line":92,"column":null}},"type":"binary-expr","locations":[{"start":{"line":92,"column":17},"end":{"line":92,"column":32}},{"start":{"line":92,"column":32},"end":{"line":92,"column":null}}],"line":92},"13":{"loc":{"start":{"line":97,"column":15},"end":{"line":105,"column":null}},"type":"binary-expr","locations":[{"start":{"line":97,"column":15},"end":{"line":97,"column":null}},{"start":{"line":98,"column":16},"end":{"line":105,"column":null}}],"line":97},"14":{"loc":{"start":{"line":100,"column":21},"end":{"line":100,"column":null}},"type":"binary-expr","locations":[{"start":{"line":100,"column":21},"end":{"line":100,"column":48}},{"start":{"line":100,"column":48},"end":{"line":100,"column":null}}],"line":100},"15":{"loc":{"start":{"line":107,"column":15},"end":{"line":113,"column":null}},"type":"binary-expr","locations":[{"start":{"line":107,"column":15},"end":{"line":107,"column":null}},{"start":{"line":108,"column":16},"end":{"line":113,"column":null}}],"line":107},"16":{"loc":{"start":{"line":118,"column":20},"end":{"line":118,"column":null}},"type":"cond-expr","locations":[{"start":{"line":118,"column":32},"end":{"line":118,"column":44}},{"start":{"line":118,"column":44},"end":{"line":118,"column":null}}],"line":118},"17":{"loc":{"start":{"line":118,"column":44},"end":{"line":118,"column":null}},"type":"cond-expr","locations":[{"start":{"line":118,"column":57},"end":{"line":118,"column":69}},{"start":{"line":118,"column":69},"end":{"line":118,"column":null}}],"line":118},"18":{"loc":{"start":{"line":121,"column":20},"end":{"line":121,"column":null}},"type":"cond-expr","locations":[{"start":{"line":121,"column":32},"end":{"line":121,"column":44}},{"start":{"line":121,"column":44},"end":{"line":121,"column":null}}],"line":121},"19":{"loc":{"start":{"line":121,"column":44},"end":{"line":121,"column":null}},"type":"cond-expr","locations":[{"start":{"line":121,"column":57},"end":{"line":121,"column":69}},{"start":{"line":121,"column":69},"end":{"line":121,"column":null}}],"line":121},"20":{"loc":{"start":{"line":127,"column":13},"end":{"line":149,"column":null}},"type":"binary-expr","locations":[{"start":{"line":127,"column":13},"end":{"line":127,"column":36}},{"start":{"line":127,"column":36},"end":{"line":127,"column":null}},{"start":{"line":128,"column":14},"end":{"line":149,"column":null}}],"line":127},"21":{"loc":{"start":{"line":151,"column":13},"end":{"line":154,"column":null}},"type":"binary-expr","locations":[{"start":{"line":151,"column":13},"end":{"line":151,"column":36}},{"start":{"line":151,"column":36},"end":{"line":151,"column":null}},{"start":{"line":152,"column":14},"end":{"line":154,"column":null}}],"line":151},"22":{"loc":{"start":{"line":153,"column":17},"end":{"line":153,"column":null}},"type":"cond-expr","locations":[{"start":{"line":153,"column":30},"end":{"line":153,"column":44}},{"start":{"line":153,"column":44},"end":{"line":153,"column":null}}],"line":153},"23":{"loc":{"start":{"line":184,"column":9},"end":{"line":190,"column":null}},"type":"binary-expr","locations":[{"start":{"line":184,"column":9},"end":{"line":184,"column":null}},{"start":{"line":185,"column":11},"end":{"line":190,"column":null}}],"line":184},"24":{"loc":{"start":{"line":185,"column":11},"end":{"line":190,"column":null}},"type":"cond-expr","locations":[{"start":{"line":186,"column":12},"end":{"line":188,"column":null}},{"start":{"line":190,"column":12},"end":{"line":190,"column":null}}],"line":185},"25":{"loc":{"start":{"line":192,"column":9},"end":{"line":198,"column":null}},"type":"binary-expr","locations":[{"start":{"line":192,"column":9},"end":{"line":192,"column":null}},{"start":{"line":193,"column":11},"end":{"line":198,"column":null}}],"line":192},"26":{"loc":{"start":{"line":193,"column":11},"end":{"line":198,"column":null}},"type":"cond-expr","locations":[{"start":{"line":194,"column":12},"end":{"line":196,"column":null}},{"start":{"line":198,"column":12},"end":{"line":198,"column":null}}],"line":193}},"s":{"0":15,"1":15,"2":15,"3":15,"4":15,"5":15,"6":15,"7":15,"8":6,"9":3,"10":15,"11":5,"12":5,"13":5,"14":5,"15":5,"16":5,"17":0,"18":5,"19":15,"20":2,"21":2,"22":2,"23":1,"24":1,"25":2,"26":2,"27":2,"28":2,"29":0,"30":2,"31":15,"32":6,"33":9,"34":9,"35":9,"36":9,"37":9,"38":9,"39":9,"40":9,"41":1,"42":1,"43":9,"44":0,"45":9,"46":0},"f":{"0":15,"1":6,"2":5,"3":2,"4":9,"5":1,"6":1,"7":0,"8":9,"9":0},"b":{"0":[3,3],"1":[5,0],"2":[5,5],"3":[5,0],"4":[5,5],"5":[0,0],"6":[1,1],"7":[2,0],"8":[2,2],"9":[0,0],"10":[6,9],"11":[0,9],"12":[9,0],"13":[9,9],"14":[9,0],"15":[9,0],"16":[9,0],"17":[0,0],"18":[9,0],"19":[0,0],"20":[9,9,9],"21":[9,0,0],"22":[0,0],"23":[9,9],"24":[0,9],"25":[15,0],"26":[0,0]},"meta":{"lastBranch":27,"lastFunction":10,"lastStatement":47,"seen":{"f:21:24:21:39":0,"s:22:27:22:Infinity":0,"s:23:30:23:Infinity":1,"s:24:30:24:Infinity":2,"s:25:28:25:Infinity":3,"s:26:24:26:Infinity":4,"s:27:30:27:Infinity":5,"s:28:38:28:Infinity":6,"s:30:2:32:Infinity":7,"f:30:12:30:18":1,"b:31:4:31:Infinity:undefined:undefined:undefined:undefined":0,"s:31:4:31:Infinity":8,"s:31:14:31:Infinity":9,"s:34:19:47:Infinity":10,"f:34:19:34:31":2,"s:35:4:46:Infinity":11,"s:36:25:39:Infinity":12,"b:40:6:40:Infinity:undefined:undefined:undefined:undefined":1,"s:40:6:40:Infinity":13,"b:40:10:40:25:40:25:40:35":2,"s:40:35:40:Infinity":14,"b:41:6:41:Infinity:undefined:undefined:undefined:undefined":3,"s:41:6:41:Infinity":15,"b:41:10:41:25:41:25:41:35":4,"s:41:35:41:Infinity":16,"s:43:6:43:Infinity":17,"b:43:15:43:30:43:30:43:47":5,"s:45:6:45:Infinity":18,"s:49:25:65:Infinity":19,"f:49:25:49:Infinity":3,"s:53:4:53:Infinity":20,"s:54:4:64:Infinity":21,"b:55:6:56:Infinity:56:11:56:Infinity":6,"s:55:6:56:Infinity":22,"s:55:33:55:Infinity":23,"s:56:11:56:Infinity":24,"s:57:6:57:Infinity":25,"s:58:17:58:Infinity":26,"b:59:6:59:Infinity:undefined:undefined:undefined:undefined":7,"s:59:6:59:Infinity":27,"b:59:10:59:24:59:24:59:33":8,"s:59:33:59:Infinity":28,"s:61:6:61:Infinity":29,"b:61:12:61:27:61:27:61:45":9,"s:63:6:63:Infinity":30,"b:67:2:71:Infinity:undefined:undefined:undefined:undefined":10,"s:67:2:71:Infinity":31,"s:68:4:71:Infinity":32,"b:73:2:77:Infinity:undefined:undefined:undefined:undefined":11,"s:73:2:77:Infinity":33,"s:74:4:77:Infinity":34,"s:80:20:160:Infinity":35,"f:80:20:80:21":4,"s:81:17:81:Infinity":36,"s:82:20:82:Infinity":37,"s:83:22:83:Infinity":38,"s:84:23:84:Infinity":39,"s:86:4:158:Infinity":40,"b:92:17:92:32:92:32:92:Infinity":12,"b:97:15:97:Infinity:98:16:105:Infinity":13,"b:100:21:100:48:100:48:100:Infinity":14,"b:107:15:107:Infinity:108:16:113:Infinity":15,"b:118:32:118:44:118:44:118:Infinity":16,"b:118:57:118:69:118:69:118:Infinity":17,"b:121:32:121:44:121:44:121:Infinity":18,"b:121:57:121:69:121:69:121:Infinity":19,"b:127:13:127:36:127:36:127:Infinity:128:14:149:Infinity":20,"f:134:27:134:33":5,"s:134:33:134:Infinity":41,"f:144:27:144:33":6,"s:144:33:144:Infinity":42,"b:151:13:151:36:151:36:151:Infinity:152:14:154:Infinity":21,"b:153:30:153:44:153:44:153:Infinity":22,"s:162:2:201:Infinity":43,"f:177:20:177:21":7,"s:177:30:177:Infinity":44,"b:184:9:184:Infinity:185:11:190:Infinity":23,"b:186:12:188:Infinity:190:12:190:Infinity":24,"f:190:25:190:26":8,"s:190:32:190:56":45,"b:192:9:192:Infinity:193:11:198:Infinity":25,"b:194:12:196:Infinity:198:12:198:Infinity":26,"f:198:25:198:26":9,"s:198:32:198:56":46}}}
,"H:\\fullstack\\travel-together\\frontend\\src\\app\\components\\pages\\Home.tsx": {"path":"H:\\fullstack\\travel-together\\frontend\\src\\app\\components\\pages\\Home.tsx","statementMap":{"0":{"start":{"line":23,"column":46},"end":{"line":27,"column":null}},"1":{"start":{"line":30,"column":24},"end":{"line":30,"column":null}},"2":{"start":{"line":31,"column":28},"end":{"line":31,"column":null}},"3":{"start":{"line":32,"column":36},"end":{"line":32,"column":null}},"4":{"start":{"line":33,"column":22},"end":{"line":33,"column":null}},"5":{"start":{"line":34,"column":34},"end":{"line":34,"column":null}},"6":{"start":{"line":35,"column":26},"end":{"line":35,"column":null}},"7":{"start":{"line":36,"column":24},"end":{"line":36,"column":null}},"8":{"start":{"line":37,"column":16},"end":{"line":37,"column":null}},"9":{"start":{"line":39,"column":2},"end":{"line":41,"column":null}},"10":{"start":{"line":40,"column":4},"end":{"line":40,"column":null}},"11":{"start":{"line":43,"column":20},"end":{"line":63,"column":null}},"12":{"start":{"line":44,"column":4},"end":{"line":44,"column":null}},"13":{"start":{"line":45,"column":4},"end":{"line":62,"column":null}},"14":{"start":{"line":46,"column":23},"end":{"line":53,"column":null}},"15":{"start":{"line":54,"column":6},"end":{"line":57,"column":null}},"16":{"start":{"line":55,"column":8},"end":{"line":55,"column":null}},"17":{"start":{"line":56,"column":8},"end":{"line":56,"column":null}},"18":{"start":{"line":59,"column":6},"end":{"line":59,"column":null}},"19":{"start":{"line":61,"column":6},"end":{"line":61,"column":null}},"20":{"start":{"line":65,"column":23},"end":{"line":69,"column":null}},"21":{"start":{"line":66,"column":4},"end":{"line":66,"column":null}},"22":{"start":{"line":67,"column":4},"end":{"line":67,"column":null}},"23":{"start":{"line":68,"column":4},"end":{"line":68,"column":null}},"24":{"start":{"line":71,"column":27},"end":{"line":76,"column":null}},"25":{"start":{"line":72,"column":34},"end":{"line":72,"column":null}},"26":{"start":{"line":73,"column":4},"end":{"line":73,"column":null}},"27":{"start":{"line":74,"column":4},"end":{"line":74,"column":null}},"28":{"start":{"line":75,"column":4},"end":{"line":75,"column":null}},"29":{"start":{"line":78,"column":26},"end":{"line":83,"column":null}},"30":{"start":{"line":79,"column":18},"end":{"line":79,"column":null}},"31":{"start":{"line":80,"column":16},"end":{"line":80,"column":null}},"32":{"start":{"line":81,"column":21},"end":{"line":81,"column":null}},"33":{"start":{"line":82,"column":4},"end":{"line":82,"column":null}},"34":{"start":{"line":85,"column":27},"end":{"line":88,"column":null}},"35":{"start":{"line":86,"column":4},"end":{"line":86,"column":null}},"36":{"start":{"line":86,"column":44},"end":{"line":86,"column":null}},"37":{"start":{"line":87,"column":4},"end":{"line":87,"column":null}},"38":{"start":{"line":90,"column":2},"end":{"line":99,"column":null}},"39":{"start":{"line":91,"column":4},"end":{"line":97,"column":null}},"40":{"start":{"line":100,"column":2},"end":{"line":283,"column":null}},"41":{"start":{"line":123,"column":31},"end":{"line":123,"column":null}},"42":{"start":{"line":153,"column":16},"end":{"line":224,"column":null}},"43":{"start":{"line":234,"column":39},"end":{"line":234,"column":null}},"44":{"start":{"line":234,"column":54},"end":{"line":234,"column":72}},"45":{"start":{"line":242,"column":66},"end":{"line":242,"column":71}},"46":{"start":{"line":244,"column":24},"end":{"line":252,"column":null}},"47":{"start":{"line":247,"column":43},"end":{"line":247,"column":null}},"48":{"start":{"line":258,"column":26},"end":{"line":258,"column":null}},"49":{"start":{"line":258,"column":41},"end":{"line":258,"column":68}}},"fnMap":{"0":{"name":"Home","decl":{"start":{"line":29,"column":16},"end":{"line":29,"column":23}},"loc":{"start":{"line":29,"column":23},"end":{"line":285,"column":null}},"line":29},"1":{"name":"(anonymous_1)","decl":{"start":{"line":39,"column":12},"end":{"line":39,"column":18}},"loc":{"start":{"line":39,"column":18},"end":{"line":41,"column":5}},"line":39},"2":{"name":"(anonymous_2)","decl":{"start":{"line":43,"column":20},"end":{"line":43,"column":32}},"loc":{"start":{"line":43,"column":32},"end":{"line":63,"column":null}},"line":43},"3":{"name":"(anonymous_3)","decl":{"start":{"line":65,"column":23},"end":{"line":65,"column":24}},"loc":{"start":{"line":65,"column":47},"end":{"line":69,"column":null}},"line":65},"4":{"name":"(anonymous_4)","decl":{"start":{"line":71,"column":27},"end":{"line":71,"column":28}},"loc":{"start":{"line":71,"column":46},"end":{"line":76,"column":null}},"line":71},"5":{"name":"(anonymous_5)","decl":{"start":{"line":78,"column":26},"end":{"line":78,"column":27}},"loc":{"start":{"line":78,"column":42},"end":{"line":83,"column":null}},"line":78},"6":{"name":"(anonymous_6)","decl":{"start":{"line":85,"column":27},"end":{"line":85,"column":28}},"loc":{"start":{"line":85,"column":51},"end":{"line":88,"column":null}},"line":85},"7":{"name":"(anonymous_7)","decl":{"start":{"line":123,"column":24},"end":{"line":123,"column":25}},"loc":{"start":{"line":123,"column":31},"end":{"line":123,"column":null}},"line":123},"8":{"name":"(anonymous_8)","decl":{"start":{"line":152,"column":25},"end":{"line":152,"column":26}},"loc":{"start":{"line":153,"column":16},"end":{"line":224,"column":null}},"line":153},"9":{"name":"(anonymous_9)","decl":{"start":{"line":234,"column":33},"end":{"line":234,"column":39}},"loc":{"start":{"line":234,"column":39},"end":{"line":234,"column":null}},"line":234},"10":{"name":"(anonymous_10)","decl":{"start":{"line":234,"column":47},"end":{"line":234,"column":48}},"loc":{"start":{"line":234,"column":54},"end":{"line":234,"column":72}},"line":234},"11":{"name":"(anonymous_11)","decl":{"start":{"line":242,"column":56},"end":{"line":242,"column":57}},"loc":{"start":{"line":242,"column":66},"end":{"line":242,"column":71}},"line":242},"12":{"name":"(anonymous_12)","decl":{"start":{"line":243,"column":22},"end":{"line":243,"column":23}},"loc":{"start":{"line":244,"column":24},"end":{"line":252,"column":null}},"line":244},"13":{"name":"(anonymous_13)","decl":{"start":{"line":247,"column":37},"end":{"line":247,"column":43}},"loc":{"start":{"line":247,"column":43},"end":{"line":247,"column":null}},"line":247},"14":{"name":"(anonymous_14)","decl":{"start":{"line":257,"column":33},"end":{"line":257,"column":null}},"loc":{"start":{"line":258,"column":26},"end":{"line":258,"column":null}},"line":258},"15":{"name":"(anonymous_15)","decl":{"start":{"line":258,"column":34},"end":{"line":258,"column":35}},"loc":{"start":{"line":258,"column":41},"end":{"line":258,"column":68}},"line":258}},"branchMap":{"0":{"loc":{"start":{"line":48,"column":16},"end":{"line":48,"column":null}},"type":"binary-expr","locations":[{"start":{"line":48,"column":16},"end":{"line":48,"column":31}},{"start":{"line":48,"column":31},"end":{"line":48,"column":null}}],"line":48},"1":{"loc":{"start":{"line":54,"column":6},"end":{"line":57,"column":null}},"type":"if","locations":[{"start":{"line":54,"column":6},"end":{"line":57,"column":null}},{"start":{},"end":{}}],"line":54},"2":{"loc":{"start":{"line":54,"column":10},"end":{"line":54,"column":45}},"type":"binary-expr","locations":[{"start":{"line":54,"column":10},"end":{"line":54,"column":30}},{"start":{"line":54,"column":30},"end":{"line":54,"column":45}}],"line":54},"3":{"loc":{"start":{"line":86,"column":4},"end":{"line":86,"column":null}},"type":"if","locations":[{"start":{"line":86,"column":4},"end":{"line":86,"column":null}},{"start":{},"end":{}}],"line":86},"4":{"loc":{"start":{"line":90,"column":2},"end":{"line":99,"column":null}},"type":"if","locations":[{"start":{"line":90,"column":2},"end":{"line":99,"column":null}},{"start":{},"end":{}}],"line":90},"5":{"loc":{"start":{"line":90,"column":6},"end":{"line":90,"column":37}},"type":"binary-expr","locations":[{"start":{"line":90,"column":6},"end":{"line":90,"column":17}},{"start":{"line":90,"column":17},"end":{"line":90,"column":37}}],"line":90},"6":{"loc":{"start":{"line":142,"column":9},"end":{"line":271,"column":null}},"type":"cond-expr","locations":[{"start":{"line":143,"column":10},"end":{"line":148,"column":null}},{"start":{"line":150,"column":10},"end":{"line":271,"column":null}}],"line":142},"7":{"loc":{"start":{"line":208,"column":28},"end":{"line":212,"column":null}},"type":"cond-expr","locations":[{"start":{"line":209,"column":32},"end":{"line":209,"column":null}},{"start":{"line":210,"column":32},"end":{"line":212,"column":null}}],"line":208},"8":{"loc":{"start":{"line":210,"column":32},"end":{"line":212,"column":null}},"type":"cond-expr","locations":[{"start":{"line":211,"column":34},"end":{"line":211,"column":null}},{"start":{"line":212,"column":34},"end":{"line":212,"column":null}}],"line":210},"9":{"loc":{"start":{"line":215,"column":27},"end":{"line":219,"column":null}},"type":"cond-expr","locations":[{"start":{"line":216,"column":30},"end":{"line":216,"column":null}},{"start":{"line":217,"column":30},"end":{"line":219,"column":null}}],"line":215},"10":{"loc":{"start":{"line":217,"column":30},"end":{"line":219,"column":null}},"type":"cond-expr","locations":[{"start":{"line":218,"column":32},"end":{"line":218,"column":null}},{"start":{"line":219,"column":32},"end":{"line":219,"column":null}}],"line":217},"11":{"loc":{"start":{"line":228,"column":13},"end":{"line":269,"column":null}},"type":"binary-expr","locations":[{"start":{"line":228,"column":13},"end":{"line":228,"column":null}},{"start":{"line":229,"column":14},"end":{"line":269,"column":null}}],"line":228},"12":{"loc":{"start":{"line":236,"column":26},"end":{"line":238,"column":null}},"type":"cond-expr","locations":[{"start":{"line":237,"column":30},"end":{"line":237,"column":null}},{"start":{"line":238,"column":30},"end":{"line":238,"column":null}}],"line":236},"13":{"loc":{"start":{"line":261,"column":26},"end":{"line":263,"column":null}},"type":"cond-expr","locations":[{"start":{"line":262,"column":30},"end":{"line":262,"column":null}},{"start":{"line":263,"column":30},"end":{"line":263,"column":null}}],"line":261}},"s":{"0":2,"1":19,"2":19,"3":19,"4":19,"5":19,"6":19,"7":19,"8":19,"9":19,"10":5,"11":19,"12":6,"13":6,"14":6,"15":6,"16":6,"17":6,"18":0,"19":6,"20":19,"21":1,"22":1,"23":1,"24":19,"25":1,"26":1,"27":1,"28":1,"29":19,"30":13,"31":13,"32":13,"33":13,"34":19,"35":13,"36":0,"37":13,"38":19,"39":4,"40":15,"41":4,"42":13,"43":0,"44":0,"45":0,"46":0,"47":0,"48":0,"49":0},"f":{"0":19,"1":5,"2":6,"3":1,"4":1,"5":13,"6":13,"7":4,"8":13,"9":0,"10":0,"11":0,"12":0,"13":0,"14":0,"15":0},"b":{"0":[6,5],"1":[6,0],"2":[6,6],"3":[0,13],"4":[4,15],"5":[19,6],"6":[2,13],"7":[13,0],"8":[0,0],"9":[13,0],"10":[0,0],"11":[13,0],"12":[0,0],"13":[0,0]},"meta":{"lastBranch":14,"lastFunction":16,"lastStatement":50,"seen":{"s:23:46:27:Infinity":0,"f:29:16:29:23":0,"s:30:24:30:Infinity":1,"s:31:28:31:Infinity":2,"s:32:36:32:Infinity":3,"s:33:22:33:Infinity":4,"s:34:34:34:Infinity":5,"s:35:26:35:Infinity":6,"s:36:24:36:Infinity":7,"s:37:16:37:Infinity":8,"s:39:2:41:Infinity":9,"f:39:12:39:18":1,"s:40:4:40:Infinity":10,"s:43:20:63:Infinity":11,"f:43:20:43:32":2,"s:44:4:44:Infinity":12,"s:45:4:62:Infinity":13,"s:46:23:53:Infinity":14,"b:48:16:48:31:48:31:48:Infinity":0,"b:54:6:57:Infinity:undefined:undefined:undefined:undefined":1,"s:54:6:57:Infinity":15,"b:54:10:54:30:54:30:54:45":2,"s:55:8:55:Infinity":16,"s:56:8:56:Infinity":17,"s:59:6:59:Infinity":18,"s:61:6:61:Infinity":19,"s:65:23:69:Infinity":20,"f:65:23:65:24":3,"s:66:4:66:Infinity":21,"s:67:4:67:Infinity":22,"s:68:4:68:Infinity":23,"s:71:27:76:Infinity":24,"f:71:27:71:28":4,"s:72:34:72:Infinity":25,"s:73:4:73:Infinity":26,"s:74:4:74:Infinity":27,"s:75:4:75:Infinity":28,"s:78:26:83:Infinity":29,"f:78:26:78:27":5,"s:79:18:79:Infinity":30,"s:80:16:80:Infinity":31,"s:81:21:81:Infinity":32,"s:82:4:82:Infinity":33,"s:85:27:88:Infinity":34,"f:85:27:85:28":6,"b:86:4:86:Infinity:undefined:undefined:undefined:undefined":3,"s:86:4:86:Infinity":35,"s:86:44:86:Infinity":36,"s:87:4:87:Infinity":37,"b:90:2:99:Infinity:undefined:undefined:undefined:undefined":4,"s:90:2:99:Infinity":38,"b:90:6:90:17:90:17:90:37":5,"s:91:4:97:Infinity":39,"s:100:2:283:Infinity":40,"f:123:24:123:25":7,"s:123:31:123:Infinity":41,"b:143:10:148:Infinity:150:10:271:Infinity":6,"f:152:25:152:26":8,"s:153:16:224:Infinity":42,"b:209:32:209:Infinity:210:32:212:Infinity":7,"b:211:34:211:Infinity:212:34:212:Infinity":8,"b:216:30:216:Infinity:217:30:219:Infinity":9,"b:218:32:218:Infinity:219:32:219:Infinity":10,"b:228:13:228:Infinity:229:14:269:Infinity":11,"f:234:33:234:39":9,"s:234:39:234:Infinity":43,"f:234:47:234:48":10,"s:234:54:234:72":44,"b:237:30:237:Infinity:238:30:238:Infinity":12,"f:242:56:242:57":11,"s:242:66:242:71":45,"f:243:22:243:23":12,"s:244:24:252:Infinity":46,"f:247:37:247:43":13,"s:247:43:247:Infinity":47,"f:257:33:257:Infinity":14,"s:258:26:258:Infinity":48,"f:258:34:258:35":15,"s:258:41:258:68":49,"b:262:30:262:Infinity:263:30:263:Infinity":13}}}
,"H:\\fullstack\\travel-together\\frontend\\src\\app\\components\\pages\\MyTrips.tsx": {"path":"H:\\fullstack\\travel-together\\frontend\\src\\app\\components\\pages\\MyTrips.tsx","statementMap":{"0":{"start":{"line":20,"column":15},"end":{"line":20,"column":null}},"1":{"start":{"line":21,"column":42},"end":{"line":21,"column":null}},"2":{"start":{"line":22,"column":36},"end":{"line":22,"column":null}},"3":{"start":{"line":23,"column":28},"end":{"line":23,"column":null}},"4":{"start":{"line":24,"column":24},"end":{"line":24,"column":null}},"5":{"start":{"line":25,"column":30},"end":{"line":25,"column":null}},"6":{"start":{"line":27,"column":2},"end":{"line":31,"column":null}},"7":{"start":{"line":28,"column":4},"end":{"line":30,"column":null}},"8":{"start":{"line":29,"column":6},"end":{"line":29,"column":null}},"9":{"start":{"line":33,"column":20},"end":{"line":58,"column":null}},"10":{"start":{"line":34,"column":4},"end":{"line":57,"column":null}},"11":{"start":{"line":35,"column":23},"end":{"line":37,"column":null}},"12":{"start":{"line":39,"column":6},"end":{"line":52,"column":null}},"13":{"start":{"line":40,"column":25},"end":{"line":40,"column":null}},"14":{"start":{"line":41,"column":8},"end":{"line":41,"column":null}},"15":{"start":{"line":42,"column":14},"end":{"line":44,"column":null}},"16":{"start":{"line":43,"column":10},"end":{"line":43,"column":null}},"17":{"start":{"line":45,"column":14},"end":{"line":47,"column":null}},"18":{"start":{"line":46,"column":10},"end":{"line":46,"column":null}},"19":{"start":{"line":48,"column":8},"end":{"line":50,"column":null}},"20":{"start":{"line":49,"column":36},"end":{"line":49,"column":67}},"21":{"start":{"line":51,"column":8},"end":{"line":51,"column":null}},"22":{"start":{"line":51,"column":49},"end":{"line":51,"column":77}},"23":{"start":{"line":54,"column":6},"end":{"line":54,"column":null}},"24":{"start":{"line":56,"column":6},"end":{"line":56,"column":null}},"25":{"start":{"line":60,"column":2},"end":{"line":64,"column":null}},"26":{"start":{"line":61,"column":4},"end":{"line":64,"column":null}},"27":{"start":{"line":66,"column":2},"end":{"line":70,"column":null}},"28":{"start":{"line":67,"column":4},"end":{"line":70,"column":null}},"29":{"start":{"line":73,"column":18},"end":{"line":73,"column":null}},"30":{"start":{"line":75,"column":4},"end":{"line":75,"column":null}},"31":{"start":{"line":77,"column":2},"end":{"line":154,"column":null}},"32":{"start":{"line":92,"column":30},"end":{"line":92,"column":null}},"33":{"start":{"line":109,"column":14},"end":{"line":149,"column":null}}},"fnMap":{"0":{"name":"MyTrips","decl":{"start":{"line":19,"column":24},"end":{"line":19,"column":34}},"loc":{"start":{"line":19,"column":34},"end":{"line":156,"column":null}},"line":19},"1":{"name":"(anonymous_1)","decl":{"start":{"line":27,"column":12},"end":{"line":27,"column":18}},"loc":{"start":{"line":27,"column":18},"end":{"line":31,"column":5}},"line":27},"2":{"name":"(anonymous_2)","decl":{"start":{"line":33,"column":20},"end":{"line":33,"column":32}},"loc":{"start":{"line":33,"column":32},"end":{"line":58,"column":null}},"line":33},"3":{"name":"(anonymous_3)","decl":{"start":{"line":42,"column":62},"end":{"line":42,"column":63}},"loc":{"start":{"line":43,"column":10},"end":{"line":43,"column":null}},"line":43},"4":{"name":"(anonymous_4)","decl":{"start":{"line":45,"column":56},"end":{"line":45,"column":57}},"loc":{"start":{"line":46,"column":10},"end":{"line":46,"column":null}},"line":46},"5":{"name":"(anonymous_5)","decl":{"start":{"line":49,"column":26},"end":{"line":49,"column":27}},"loc":{"start":{"line":49,"column":36},"end":{"line":49,"column":67}},"line":49},"6":{"name":"(anonymous_6)","decl":{"start":{"line":51,"column":39},"end":{"line":51,"column":40}},"loc":{"start":{"line":51,"column":49},"end":{"line":51,"column":77}},"line":51},"7":{"name":"(anonymous_7)","decl":{"start":{"line":92,"column":20},"end":{"line":92,"column":21}},"loc":{"start":{"line":92,"column":30},"end":{"line":92,"column":null}},"line":92},"8":{"name":"(anonymous_8)","decl":{"start":{"line":108,"column":25},"end":{"line":108,"column":26}},"loc":{"start":{"line":109,"column":14},"end":{"line":149,"column":null}},"line":109}},"branchMap":{"0":{"loc":{"start":{"line":28,"column":4},"end":{"line":30,"column":null}},"type":"if","locations":[{"start":{"line":28,"column":4},"end":{"line":30,"column":null}},{"start":{},"end":{}}],"line":28},"1":{"loc":{"start":{"line":39,"column":6},"end":{"line":52,"column":null}},"type":"if","locations":[{"start":{"line":39,"column":6},"end":{"line":52,"column":null}},{"start":{},"end":{}}],"line":39},"2":{"loc":{"start":{"line":39,"column":10},"end":{"line":39,"column":45}},"type":"binary-expr","locations":[{"start":{"line":39,"column":10},"end":{"line":39,"column":30}},{"start":{"line":39,"column":30},"end":{"line":39,"column":45}}],"line":39},"3":{"loc":{"start":{"line":42,"column":30},"end":{"line":42,"column":58}},"type":"binary-expr","locations":[{"start":{"line":42,"column":30},"end":{"line":42,"column":54}},{"start":{"line":42,"column":54},"end":{"line":42,"column":58}}],"line":42},"4":{"loc":{"start":{"line":43,"column":10},"end":{"line":43,"column":null}},"type":"cond-expr","locations":[{"start":{"line":43,"column":37},"end":{"line":43,"column":44}},{"start":{"line":43,"column":44},"end":{"line":43,"column":null}}],"line":43},"5":{"loc":{"start":{"line":45,"column":27},"end":{"line":45,"column":52}},"type":"binary-expr","locations":[{"start":{"line":45,"column":27},"end":{"line":45,"column":48}},{"start":{"line":45,"column":48},"end":{"line":45,"column":52}}],"line":45},"6":{"loc":{"start":{"line":46,"column":10},"end":{"line":46,"column":null}},"type":"cond-expr","locations":[{"start":{"line":46,"column":37},"end":{"line":46,"column":44}},{"start":{"line":46,"column":44},"end":{"line":46,"column":null}}],"line":46},"7":{"loc":{"start":{"line":54,"column":15},"end":{"line":54,"column":47}},"type":"binary-expr","locations":[{"start":{"line":54,"column":15},"end":{"line":54,"column":30}},{"start":{"line":54,"column":30},"end":{"line":54,"column":47}}],"line":54},"8":{"loc":{"start":{"line":60,"column":2},"end":{"line":64,"column":null}},"type":"if","locations":[{"start":{"line":60,"column":2},"end":{"line":64,"column":null}},{"start":{},"end":{}}],"line":60},"9":{"loc":{"start":{"line":66,"column":2},"end":{"line":70,"column":null}},"type":"if","locations":[{"start":{"line":66,"column":2},"end":{"line":70,"column":null}},{"start":{},"end":{}}],"line":66},"10":{"loc":{"start":{"line":73,"column":18},"end":{"line":73,"column":null}},"type":"cond-expr","locations":[{"start":{"line":73,"column":35},"end":{"line":73,"column":52}},{"start":{"line":73,"column":52},"end":{"line":73,"column":null}}],"line":73},"11":{"loc":{"start":{"line":75,"column":4},"end":{"line":75,"column":null}},"type":"cond-expr","locations":[{"start":{"line":75,"column":21},"end":{"line":75,"column":48}},{"start":{"line":75,"column":48},"end":{"line":75,"column":null}}],"line":75},"12":{"loc":{"start":{"line":102,"column":9},"end":{"line":151,"column":null}},"type":"cond-expr","locations":[{"start":{"line":103,"column":10},"end":{"line":105,"column":null}},{"start":{"line":107,"column":10},"end":{"line":151,"column":null}}],"line":102},"13":{"loc":{"start":{"line":132,"column":44},"end":{"line":132,"column":74}},"type":"binary-expr","locations":[{"start":{"line":132,"column":44},"end":{"line":132,"column":73}},{"start":{"line":132,"column":73},"end":{"line":132,"column":74}}],"line":132},"14":{"loc":{"start":{"line":138,"column":24},"end":{"line":142,"column":null}},"type":"cond-expr","locations":[{"start":{"line":139,"column":28},"end":{"line":139,"column":null}},{"start":{"line":140,"column":28},"end":{"line":142,"column":null}}],"line":138},"15":{"loc":{"start":{"line":140,"column":28},"end":{"line":142,"column":null}},"type":"cond-expr","locations":[{"start":{"line":141,"column":30},"end":{"line":141,"column":null}},{"start":{"line":142,"column":30},"end":{"line":142,"column":null}}],"line":140}},"s":{"0":4,"1":4,"2":4,"3":4,"4":4,"5":4,"6":4,"7":2,"8":1,"9":4,"10":1,"11":1,"12":1,"13":1,"14":1,"15":1,"16":1,"17":1,"18":1,"19":1,"20":2,"21":1,"22":2,"23":0,"24":1,"25":4,"26":2,"27":2,"28":0,"29":2,"30":4,"31":4,"32":1,"33":2},"f":{"0":4,"1":2,"2":1,"3":1,"4":1,"5":2,"6":2,"7":1,"8":2},"b":{"0":[1,1],"1":[1,0],"2":[1,1],"3":[1,0],"4":[1,0],"5":[1,0],"6":[1,0],"7":[0,0],"8":[2,2],"9":[0,2],"10":[1,1],"11":[1,1],"12":[0,2],"13":[2,2],"14":[1,1],"15":[0,1]},"meta":{"lastBranch":16,"lastFunction":9,"lastStatement":34,"seen":{"f:19:24:19:34":0,"s:20:15:20:Infinity":0,"s:21:42:21:Infinity":1,"s:22:36:22:Infinity":2,"s:23:28:23:Infinity":3,"s:24:24:24:Infinity":4,"s:25:30:25:Infinity":5,"s:27:2:31:Infinity":6,"f:27:12:27:18":1,"b:28:4:30:Infinity:undefined:undefined:undefined:undefined":0,"s:28:4:30:Infinity":7,"s:29:6:29:Infinity":8,"s:33:20:58:Infinity":9,"f:33:20:33:32":2,"s:34:4:57:Infinity":10,"s:35:23:37:Infinity":11,"b:39:6:52:Infinity:undefined:undefined:undefined:undefined":1,"s:39:6:52:Infinity":12,"b:39:10:39:30:39:30:39:45":2,"s:40:25:40:Infinity":13,"s:41:8:41:Infinity":14,"s:42:14:44:Infinity":15,"b:42:30:42:54:42:54:42:58":3,"f:42:62:42:63":3,"s:43:10:43:Infinity":16,"b:43:37:43:44:43:44:43:Infinity":4,"s:45:14:47:Infinity":17,"b:45:27:45:48:45:48:45:52":5,"f:45:56:45:57":4,"s:46:10:46:Infinity":18,"b:46:37:46:44:46:44:46:Infinity":6,"s:48:8:50:Infinity":19,"f:49:26:49:27":5,"s:49:36:49:67":20,"s:51:8:51:Infinity":21,"f:51:39:51:40":6,"s:51:49:51:77":22,"s:54:6:54:Infinity":23,"b:54:15:54:30:54:30:54:47":7,"s:56:6:56:Infinity":24,"b:60:2:64:Infinity:undefined:undefined:undefined:undefined":8,"s:60:2:64:Infinity":25,"s:61:4:64:Infinity":26,"b:66:2:70:Infinity:undefined:undefined:undefined:undefined":9,"s:66:2:70:Infinity":27,"s:67:4:70:Infinity":28,"s:73:18:73:Infinity":29,"b:73:35:73:52:73:52:73:Infinity":10,"s:75:4:75:Infinity":30,"b:75:21:75:48:75:48:75:Infinity":11,"s:77:2:154:Infinity":31,"f:92:20:92:21":7,"s:92:30:92:Infinity":32,"b:103:10:105:Infinity:107:10:151:Infinity":12,"f:108:25:108:26":8,"s:109:14:149:Infinity":33,"b:132:44:132:73:132:73:132:74":13,"b:139:28:139:Infinity:140:28:142:Infinity":14,"b:141:30:141:Infinity:142:30:142:Infinity":15}}}
,"H:\\fullstack\\travel-together\\frontend\\src\\app\\components\\pages\\Profile.tsx": {"path":"H:\\fullstack\\travel-together\\frontend\\src\\app\\components\\pages\\Profile.tsx","statementMap":{"0":{"start":{"line":16,"column":53},"end":{"line":16,"column":null}},"1":{"start":{"line":17,"column":8},"end":{"line":17,"column":null}},"2":{"start":{"line":18,"column":32},"end":{"line":18,"column":null}},"3":{"start":{"line":19,"column":32},"end":{"line":19,"column":null}},"4":{"start":{"line":21,"column":2},"end":{"line":27,"column":null}},"5":{"start":{"line":22,"column":4},"end":{"line":25,"column":null}},"6":{"start":{"line":23,"column":6},"end":{"line":23,"column":null}},"7":{"start":{"line":24,"column":6},"end":{"line":24,"column":null}},"8":{"start":{"line":26,"column":4},"end":{"line":26,"column":null}},"9":{"start":{"line":29,"column":21},"end":{"line":38,"column":null}},"10":{"start":{"line":30,"column":4},"end":{"line":37,"column":null}},"11":{"start":{"line":31,"column":19},"end":{"line":31,"column":null}},"12":{"start":{"line":32,"column":6},"end":{"line":34,"column":null}},"13":{"start":{"line":33,"column":8},"end":{"line":33,"column":null}},"14":{"start":{"line":36,"column":6},"end":{"line":36,"column":null}},"15":{"start":{"line":40,"column":29},"end":{"line":69,"column":null}},"16":{"start":{"line":41,"column":17},"end":{"line":41,"column":null}},"17":{"start":{"line":42,"column":4},"end":{"line":42,"column":null}},"18":{"start":{"line":42,"column":15},"end":{"line":42,"column":null}},"19":{"start":{"line":44,"column":4},"end":{"line":47,"column":null}},"20":{"start":{"line":45,"column":6},"end":{"line":45,"column":null}},"21":{"start":{"line":46,"column":6},"end":{"line":46,"column":null}},"22":{"start":{"line":49,"column":4},"end":{"line":52,"column":null}},"23":{"start":{"line":50,"column":6},"end":{"line":50,"column":null}},"24":{"start":{"line":51,"column":6},"end":{"line":51,"column":null}},"25":{"start":{"line":54,"column":4},"end":{"line":54,"column":null}},"26":{"start":{"line":55,"column":4},"end":{"line":68,"column":null}},"27":{"start":{"line":56,"column":19},"end":{"line":56,"column":null}},"28":{"start":{"line":57,"column":6},"end":{"line":63,"column":null}},"29":{"start":{"line":58,"column":8},"end":{"line":58,"column":null}},"30":{"start":{"line":59,"column":27},"end":{"line":59,"column":null}},"31":{"start":{"line":60,"column":8},"end":{"line":62,"column":null}},"32":{"start":{"line":61,"column":10},"end":{"line":61,"column":null}},"33":{"start":{"line":65,"column":6},"end":{"line":65,"column":null}},"34":{"start":{"line":67,"column":6},"end":{"line":67,"column":null}},"35":{"start":{"line":71,"column":2},"end":{"line":80,"column":null}},"36":{"start":{"line":72,"column":4},"end":{"line":78,"column":null}},"37":{"start":{"line":82,"column":2},"end":{"line":82,"column":null}},"38":{"start":{"line":82,"column":13},"end":{"line":82,"column":null}},"39":{"start":{"line":84,"column":8},"end":{"line":87,"column":null}},"40":{"start":{"line":89,"column":23},"end":{"line":89,"column":null}},"41":{"start":{"line":91,"column":2},"end":{"line":299,"column":null}},"42":{"start":{"line":208,"column":28},"end":{"line":214,"column":null}},"43":{"start":{"line":226,"column":28},"end":{"line":232,"column":null}},"44":{"start":{"line":245,"column":30},"end":{"line":251,"column":null}},"45":{"start":{"line":269,"column":22},"end":{"line":279,"column":null}}},"fnMap":{"0":{"name":"Profile","decl":{"start":{"line":15,"column":16},"end":{"line":15,"column":26}},"loc":{"start":{"line":15,"column":26},"end":{"line":301,"column":null}},"line":15},"1":{"name":"(anonymous_1)","decl":{"start":{"line":21,"column":12},"end":{"line":21,"column":18}},"loc":{"start":{"line":21,"column":18},"end":{"line":27,"column":5}},"line":21},"2":{"name":"(anonymous_2)","decl":{"start":{"line":29,"column":21},"end":{"line":29,"column":33}},"loc":{"start":{"line":29,"column":33},"end":{"line":38,"column":null}},"line":29},"3":{"name":"(anonymous_3)","decl":{"start":{"line":40,"column":29},"end":{"line":40,"column":36}},"loc":{"start":{"line":40,"column":79},"end":{"line":69,"column":null}},"line":40},"4":{"name":"(anonymous_4)","decl":{"start":{"line":207,"column":46},"end":{"line":207,"column":47}},"loc":{"start":{"line":208,"column":28},"end":{"line":214,"column":null}},"line":208},"5":{"name":"(anonymous_5)","decl":{"start":{"line":225,"column":54},"end":{"line":225,"column":55}},"loc":{"start":{"line":226,"column":28},"end":{"line":232,"column":null}},"line":226},"6":{"name":"(anonymous_6)","decl":{"start":{"line":244,"column":28},"end":{"line":244,"column":29}},"loc":{"start":{"line":245,"column":30},"end":{"line":251,"column":null}},"line":245},"7":{"name":"(anonymous_7)","decl":{"start":{"line":268,"column":37},"end":{"line":268,"column":38}},"loc":{"start":{"line":269,"column":22},"end":{"line":279,"column":null}},"line":269}},"branchMap":{"0":{"loc":{"start":{"line":22,"column":4},"end":{"line":25,"column":null}},"type":"if","locations":[{"start":{"line":22,"column":4},"end":{"line":25,"column":null}},{"start":{},"end":{}}],"line":22},"1":{"loc":{"start":{"line":22,"column":8},"end":{"line":22,"column":38}},"type":"binary-expr","locations":[{"start":{"line":22,"column":8},"end":{"line":22,"column":20}},{"start":{"line":22,"column":20},"end":{"line":22,"column":38}}],"line":22},"2":{"loc":{"start":{"line":32,"column":6},"end":{"line":34,"column":null}},"type":"if","locations":[{"start":{"line":32,"column":6},"end":{"line":34,"column":null}},{"start":{},"end":{}}],"line":32},"3":{"loc":{"start":{"line":42,"column":4},"end":{"line":42,"column":null}},"type":"if","locations":[{"start":{"line":42,"column":4},"end":{"line":42,"column":null}},{"start":{},"end":{}}],"line":42},"4":{"loc":{"start":{"line":44,"column":4},"end":{"line":47,"column":null}},"type":"if","locations":[{"start":{"line":44,"column":4},"end":{"line":47,"column":null}},{"start":{},"end":{}}],"line":44},"5":{"loc":{"start":{"line":49,"column":4},"end":{"line":52,"column":null}},"type":"if","locations":[{"start":{"line":49,"column":4},"end":{"line":52,"column":null}},{"start":{},"end":{}}],"line":49},"6":{"loc":{"start":{"line":57,"column":6},"end":{"line":63,"column":null}},"type":"if","locations":[{"start":{"line":57,"column":6},"end":{"line":63,"column":null}},{"start":{},"end":{}}],"line":57},"7":{"loc":{"start":{"line":60,"column":8},"end":{"line":62,"column":null}},"type":"if","locations":[{"start":{"line":60,"column":8},"end":{"line":62,"column":null}},{"start":{},"end":{}}],"line":60},"8":{"loc":{"start":{"line":60,"column":12},"end":{"line":60,"column":51}},"type":"binary-expr","locations":[{"start":{"line":60,"column":12},"end":{"line":60,"column":34}},{"start":{"line":60,"column":34},"end":{"line":60,"column":51}}],"line":60},"9":{"loc":{"start":{"line":65,"column":12},"end":{"line":65,"column":68}},"type":"binary-expr","locations":[{"start":{"line":65,"column":12},"end":{"line":65,"column":43}},{"start":{"line":65,"column":43},"end":{"line":65,"column":68}}],"line":65},"10":{"loc":{"start":{"line":71,"column":2},"end":{"line":80,"column":null}},"type":"if","locations":[{"start":{"line":71,"column":2},"end":{"line":80,"column":null}},{"start":{},"end":{}}],"line":71},"11":{"loc":{"start":{"line":82,"column":2},"end":{"line":82,"column":null}},"type":"if","locations":[{"start":{"line":82,"column":2},"end":{"line":82,"column":null}},{"start":{},"end":{}}],"line":82},"12":{"loc":{"start":{"line":84,"column":8},"end":{"line":87,"column":null}},"type":"binary-expr","locations":[{"start":{"line":84,"column":8},"end":{"line":85,"column":null}},{"start":{"line":85,"column":36},"end":{"line":86,"column":null}},{"start":{"line":86,"column":44},"end":{"line":87,"column":null}}],"line":84},"13":{"loc":{"start":{"line":87,"column":5},"end":{"line":87,"column":46}},"type":"binary-expr","locations":[{"start":{"line":87,"column":5},"end":{"line":87,"column":41}},{"start":{"line":87,"column":41},"end":{"line":87,"column":46}}],"line":87},"14":{"loc":{"start":{"line":104,"column":19},"end":{"line":114,"column":null}},"type":"cond-expr","locations":[{"start":{"line":105,"column":20},"end":{"line":110,"column":null}},{"start":{"line":112,"column":20},"end":{"line":114,"column":null}}],"line":104},"15":{"loc":{"start":{"line":127,"column":17},"end":{"line":130,"column":null}},"type":"binary-expr","locations":[{"start":{"line":127,"column":17},"end":{"line":127,"column":null}},{"start":{"line":128,"column":18},"end":{"line":130,"column":null}}],"line":127},"16":{"loc":{"start":{"line":176,"column":19},"end":{"line":183,"column":null}},"type":"binary-expr","locations":[{"start":{"line":176,"column":19},"end":{"line":176,"column":null}},{"start":{"line":177,"column":20},"end":{"line":183,"column":null}}],"line":176},"17":{"loc":{"start":{"line":186,"column":17},"end":{"line":190,"column":null}},"type":"binary-expr","locations":[{"start":{"line":186,"column":17},"end":{"line":186,"column":null}},{"start":{"line":187,"column":18},"end":{"line":190,"column":null}}],"line":186},"18":{"loc":{"start":{"line":194,"column":15},"end":{"line":258,"column":null}},"type":"binary-expr","locations":[{"start":{"line":194,"column":15},"end":{"line":194,"column":null}},{"start":{"line":195,"column":16},"end":{"line":258,"column":null}}],"line":194},"19":{"loc":{"start":{"line":201,"column":21},"end":{"line":217,"column":null}},"type":"binary-expr","locations":[{"start":{"line":201,"column":21},"end":{"line":201,"column":null}},{"start":{"line":202,"column":22},"end":{"line":217,"column":null}}],"line":201},"20":{"loc":{"start":{"line":219,"column":21},"end":{"line":235,"column":null}},"type":"binary-expr","locations":[{"start":{"line":219,"column":21},"end":{"line":219,"column":null}},{"start":{"line":220,"column":22},"end":{"line":235,"column":null}}],"line":219},"21":{"loc":{"start":{"line":237,"column":21},"end":{"line":255,"column":null}},"type":"binary-expr","locations":[{"start":{"line":237,"column":21},"end":{"line":237,"column":null}},{"start":{"line":238,"column":22},"end":{"line":255,"column":null}}],"line":237},"22":{"loc":{"start":{"line":261,"column":15},"end":{"line":287,"column":null}},"type":"binary-expr","locations":[{"start":{"line":261,"column":15},"end":{"line":261,"column":null}},{"start":{"line":262,"column":16},"end":{"line":287,"column":null}}],"line":261},"23":{"loc":{"start":{"line":272,"column":26},"end":{"line":274,"column":null}},"type":"cond-expr","locations":[{"start":{"line":273,"column":30},"end":{"line":273,"column":null}},{"start":{"line":274,"column":30},"end":{"line":274,"column":null}}],"line":272},"24":{"loc":{"start":{"line":278,"column":25},"end":{"line":278,"column":null}},"type":"binary-expr","locations":[{"start":{"line":278,"column":25},"end":{"line":278,"column":60}},{"start":{"line":278,"column":60},"end":{"line":278,"column":null}}],"line":278},"25":{"loc":{"start":{"line":282,"column":19},"end":{"line":285,"column":null}},"type":"binary-expr","locations":[{"start":{"line":282,"column":19},"end":{"line":282,"column":null}},{"start":{"line":283,"column":20},"end":{"line":285,"column":null}}],"line":282}},"s":{"0":13,"1":13,"2":13,"3":13,"4":13,"5":8,"6":1,"7":1,"8":7,"9":13,"10":7,"11":7,"12":7,"13":6,"14":1,"15":13,"16":1,"17":1,"18":0,"19":1,"20":0,"21":0,"22":1,"23":0,"24":0,"25":1,"26":1,"27":1,"28":1,"29":1,"30":1,"31":1,"32":1,"33":0,"34":1,"35":13,"36":4,"37":9,"38":1,"39":8,"40":13,"41":13,"42":0,"43":0,"44":0,"45":16},"f":{"0":13,"1":8,"2":7,"3":1,"4":0,"5":0,"6":0,"7":16},"b":{"0":[1,7],"1":[8,4],"2":[6,1],"3":[0,1],"4":[0,1],"5":[0,1],"6":[1,0],"7":[1,0],"8":[1,1],"9":[0,0],"10":[4,9],"11":[1,8],"12":[8,8,8],"13":[8,0],"14":[2,6],"15":[13,2],"16":[13,0],"17":[13,0],"18":[13,0],"19":[0,0],"20":[0,0],"21":[0,0],"22":[13,8],"23":[8,8],"24":[16,8],"25":[8,8]},"meta":{"lastBranch":26,"lastFunction":8,"lastStatement":46,"seen":{"f:15:16:15:26":0,"s:16:53:16:Infinity":0,"s:17:8:17:Infinity":1,"s:18:32:18:Infinity":2,"s:19:32:19:Infinity":3,"s:21:2:27:Infinity":4,"f:21:12:21:18":1,"b:22:4:25:Infinity:undefined:undefined:undefined:undefined":0,"s:22:4:25:Infinity":5,"b:22:8:22:20:22:20:22:38":1,"s:23:6:23:Infinity":6,"s:24:6:24:Infinity":7,"s:26:4:26:Infinity":8,"s:29:21:38:Infinity":9,"f:29:21:29:33":2,"s:30:4:37:Infinity":10,"s:31:19:31:Infinity":11,"b:32:6:34:Infinity:undefined:undefined:undefined:undefined":2,"s:32:6:34:Infinity":12,"s:33:8:33:Infinity":13,"s:36:6:36:Infinity":14,"s:40:29:69:Infinity":15,"f:40:29:40:36":3,"s:41:17:41:Infinity":16,"b:42:4:42:Infinity:undefined:undefined:undefined:undefined":3,"s:42:4:42:Infinity":17,"s:42:15:42:Infinity":18,"b:44:4:47:Infinity:undefined:undefined:undefined:undefined":4,"s:44:4:47:Infinity":19,"s:45:6:45:Infinity":20,"s:46:6:46:Infinity":21,"b:49:4:52:Infinity:undefined:undefined:undefined:undefined":5,"s:49:4:52:Infinity":22,"s:50:6:50:Infinity":23,"s:51:6:51:Infinity":24,"s:54:4:54:Infinity":25,"s:55:4:68:Infinity":26,"s:56:19:56:Infinity":27,"b:57:6:63:Infinity:undefined:undefined:undefined:undefined":6,"s:57:6:63:Infinity":28,"s:58:8:58:Infinity":29,"s:59:27:59:Infinity":30,"b:60:8:62:Infinity:undefined:undefined:undefined:undefined":7,"s:60:8:62:Infinity":31,"b:60:12:60:34:60:34:60:51":8,"s:61:10:61:Infinity":32,"s:65:6:65:Infinity":33,"b:65:12:65:43:65:43:65:68":9,"s:67:6:67:Infinity":34,"b:71:2:80:Infinity:undefined:undefined:undefined:undefined":10,"s:71:2:80:Infinity":35,"s:72:4:78:Infinity":36,"b:82:2:82:Infinity:undefined:undefined:undefined:undefined":11,"s:82:2:82:Infinity":37,"s:82:13:82:Infinity":38,"s:84:8:87:Infinity":39,"b:84:8:85:Infinity:85:36:86:Infinity:86:44:87:Infinity":12,"b:87:5:87:41:87:41:87:46":13,"s:89:23:89:Infinity":40,"s:91:2:299:Infinity":41,"b:105:20:110:Infinity:112:20:114:Infinity":14,"b:127:17:127:Infinity:128:18:130:Infinity":15,"b:176:19:176:Infinity:177:20:183:Infinity":16,"b:186:17:186:Infinity:187:18:190:Infinity":17,"b:194:15:194:Infinity:195:16:258:Infinity":18,"b:201:21:201:Infinity:202:22:217:Infinity":19,"f:207:46:207:47":4,"s:208:28:214:Infinity":42,"b:219:21:219:Infinity:220:22:235:Infinity":20,"f:225:54:225:55":5,"s:226:28:232:Infinity":43,"b:237:21:237:Infinity:238:22:255:Infinity":21,"f:244:28:244:29":6,"s:245:30:251:Infinity":44,"b:261:15:261:Infinity:262:16:287:Infinity":22,"f:268:37:268:38":7,"s:269:22:279:Infinity":45,"b:273:30:273:Infinity:274:30:274:Infinity":23,"b:278:25:278:60:278:60:278:Infinity":24,"b:282:19:282:Infinity:283:20:285:Infinity":25}}}
,"H:\\fullstack\\travel-together\\frontend\\src\\app\\components\\pages\\TripDetail.tsx": {"path":"H:\\fullstack\\travel-together\\frontend\\src\\app\\components\\pages\\TripDetail.tsx","statementMap":{"0":{"start":{"line":18,"column":46},"end":{"line":22,"column":null}},"1":{"start":{"line":25,"column":13},"end":{"line":25,"column":null}},"2":{"start":{"line":26,"column":32},"end":{"line":26,"column":null}},"3":{"start":{"line":27,"column":22},"end":{"line":27,"column":null}},"4":{"start":{"line":28,"column":28},"end":{"line":28,"column":null}},"5":{"start":{"line":29,"column":50},"end":{"line":29,"column":null}},"6":{"start":{"line":30,"column":30},"end":{"line":30,"column":null}},"7":{"start":{"line":31,"column":48},"end":{"line":33,"column":null}},"8":{"start":{"line":34,"column":28},"end":{"line":34,"column":null}},"9":{"start":{"line":36,"column":2},"end":{"line":43,"column":null}},"10":{"start":{"line":37,"column":4},"end":{"line":42,"column":null}},"11":{"start":{"line":38,"column":6},"end":{"line":38,"column":null}},"12":{"start":{"line":39,"column":6},"end":{"line":41,"column":null}},"13":{"start":{"line":40,"column":8},"end":{"line":40,"column":null}},"14":{"start":{"line":45,"column":19},"end":{"line":58,"column":null}},"15":{"start":{"line":46,"column":4},"end":{"line":57,"column":null}},"16":{"start":{"line":47,"column":23},"end":{"line":47,"column":null}},"17":{"start":{"line":48,"column":6},"end":{"line":52,"column":null}},"18":{"start":{"line":49,"column":8},"end":{"line":49,"column":null}},"19":{"start":{"line":50,"column":21},"end":{"line":50,"column":null}},"20":{"start":{"line":51,"column":8},"end":{"line":51,"column":null}},"21":{"start":{"line":54,"column":6},"end":{"line":54,"column":null}},"22":{"start":{"line":56,"column":6},"end":{"line":56,"column":null}},"23":{"start":{"line":60,"column":27},"end":{"line":69,"column":null}},"24":{"start":{"line":61,"column":4},"end":{"line":68,"column":null}},"25":{"start":{"line":62,"column":23},"end":{"line":62,"column":null}},"26":{"start":{"line":63,"column":6},"end":{"line":65,"column":null}},"27":{"start":{"line":64,"column":8},"end":{"line":64,"column":null}},"28":{"start":{"line":67,"column":6},"end":{"line":67,"column":null}},"29":{"start":{"line":71,"column":22},"end":{"line":88,"column":null}},"30":{"start":{"line":72,"column":4},"end":{"line":75,"column":null}},"31":{"start":{"line":73,"column":6},"end":{"line":73,"column":null}},"32":{"start":{"line":74,"column":6},"end":{"line":74,"column":null}},"33":{"start":{"line":77,"column":4},"end":{"line":77,"column":null}},"34":{"start":{"line":78,"column":4},"end":{"line":87,"column":null}},"35":{"start":{"line":79,"column":6},"end":{"line":79,"column":null}},"36":{"start":{"line":80,"column":6},"end":{"line":80,"column":null}},"37":{"start":{"line":81,"column":6},"end":{"line":81,"column":null}},"38":{"start":{"line":82,"column":6},"end":{"line":82,"column":null}},"39":{"start":{"line":84,"column":6},"end":{"line":84,"column":null}},"40":{"start":{"line":86,"column":6},"end":{"line":86,"column":null}},"41":{"start":{"line":90,"column":26},"end":{"line":95,"column":null}},"42":{"start":{"line":91,"column":18},"end":{"line":91,"column":null}},"43":{"start":{"line":92,"column":16},"end":{"line":92,"column":null}},"44":{"start":{"line":93,"column":21},"end":{"line":93,"column":null}},"45":{"start":{"line":94,"column":4},"end":{"line":94,"column":null}},"46":{"start":{"line":97,"column":27},"end":{"line":100,"column":null}},"47":{"start":{"line":98,"column":4},"end":{"line":98,"column":null}},"48":{"start":{"line":98,"column":44},"end":{"line":98,"column":null}},"49":{"start":{"line":99,"column":4},"end":{"line":99,"column":null}},"50":{"start":{"line":102,"column":22},"end":{"line":111,"column":null}},"51":{"start":{"line":103,"column":4},"end":{"line":110,"column":null}},"52":{"start":{"line":104,"column":23},"end":{"line":104,"column":null}},"53":{"start":{"line":105,"column":6},"end":{"line":107,"column":null}},"54":{"start":{"line":106,"column":8},"end":{"line":106,"column":null}},"55":{"start":{"line":109,"column":6},"end":{"line":109,"column":null}},"56":{"start":{"line":113,"column":21},"end":{"line":140,"column":null}},"57":{"start":{"line":143,"column":4},"end":{"line":146,"column":null}},"58":{"start":{"line":149,"column":4},"end":{"line":153,"column":null}},"59":{"start":{"line":152,"column":6},"end":{"line":152,"column":null}},"60":{"start":{"line":155,"column":2},"end":{"line":164,"column":null}},"61":{"start":{"line":156,"column":4},"end":{"line":162,"column":null}},"62":{"start":{"line":166,"column":2},"end":{"line":175,"column":null}},"63":{"start":{"line":167,"column":4},"end":{"line":173,"column":null}},"64":{"start":{"line":177,"column":2},"end":{"line":444,"column":null}},"65":{"start":{"line":378,"column":30},"end":{"line":378,"column":null}}},"fnMap":{"0":{"name":"TripDetail","decl":{"start":{"line":24,"column":16},"end":{"line":24,"column":29}},"loc":{"start":{"line":24,"column":29},"end":{"line":446,"column":null}},"line":24},"1":{"name":"(anonymous_1)","decl":{"start":{"line":36,"column":12},"end":{"line":36,"column":18}},"loc":{"start":{"line":36,"column":18},"end":{"line":43,"column":5}},"line":36},"2":{"name":"(anonymous_2)","decl":{"start":{"line":45,"column":19},"end":{"line":45,"column":31}},"loc":{"start":{"line":45,"column":31},"end":{"line":58,"column":null}},"line":45},"3":{"name":"(anonymous_3)","decl":{"start":{"line":60,"column":27},"end":{"line":60,"column":39}},"loc":{"start":{"line":60,"column":39},"end":{"line":69,"column":null}},"line":60},"4":{"name":"(anonymous_4)","decl":{"start":{"line":71,"column":22},"end":{"line":71,"column":34}},"loc":{"start":{"line":71,"column":34},"end":{"line":88,"column":null}},"line":71},"5":{"name":"(anonymous_5)","decl":{"start":{"line":90,"column":26},"end":{"line":90,"column":27}},"loc":{"start":{"line":90,"column":42},"end":{"line":95,"column":null}},"line":90},"6":{"name":"(anonymous_6)","decl":{"start":{"line":97,"column":27},"end":{"line":97,"column":28}},"loc":{"start":{"line":97,"column":51},"end":{"line":100,"column":null}},"line":97},"7":{"name":"(anonymous_7)","decl":{"start":{"line":102,"column":22},"end":{"line":102,"column":29}},"loc":{"start":{"line":102,"column":46},"end":{"line":111,"column":null}},"line":102},"8":{"name":"(anonymous_8)","decl":{"start":{"line":151,"column":27},"end":{"line":151,"column":28}},"loc":{"start":{"line":152,"column":6},"end":{"line":152,"column":null}},"line":152},"9":{"name":"(anonymous_9)","decl":{"start":{"line":377,"column":38},"end":{"line":377,"column":39}},"loc":{"start":{"line":378,"column":30},"end":{"line":378,"column":null}},"line":378}},"branchMap":{"0":{"loc":{"start":{"line":37,"column":4},"end":{"line":42,"column":null}},"type":"if","locations":[{"start":{"line":37,"column":4},"end":{"line":42,"column":null}},{"start":{},"end":{}}],"line":37},"1":{"loc":{"start":{"line":39,"column":6},"end":{"line":41,"column":null}},"type":"if","locations":[{"start":{"line":39,"column":6},"end":{"line":41,"column":null}},{"start":{},"end":{}}],"line":39},"2":{"loc":{"start":{"line":48,"column":6},"end":{"line":52,"column":null}},"type":"if","locations":[{"start":{"line":48,"column":6},"end":{"line":52,"column":null}},{"start":{},"end":{}}],"line":48},"3":{"loc":{"start":{"line":48,"column":10},"end":{"line":48,"column":45}},"type":"binary-expr","locations":[{"start":{"line":48,"column":10},"end":{"line":48,"column":30}},{"start":{"line":48,"column":30},"end":{"line":48,"column":45}}],"line":48},"4":{"loc":{"start":{"line":63,"column":6},"end":{"line":65,"column":null}},"type":"if","locations":[{"start":{"line":63,"column":6},"end":{"line":65,"column":null}},{"start":{},"end":{}}],"line":63},"5":{"loc":{"start":{"line":63,"column":10},"end":{"line":63,"column":45}},"type":"binary-expr","locations":[{"start":{"line":63,"column":10},"end":{"line":63,"column":30}},{"start":{"line":63,"column":30},"end":{"line":63,"column":45}}],"line":63},
[...]
n":23},"end":{"line":64,"column":null}},"28":{"start":{"line":65,"column":4},"end":{"line":69,"column":null}},"29":{"start":{"line":66,"column":6},"end":{"line":66,"column":null}},"30":{"start":{"line":68,"column":6},"end":{"line":68,"column":null}},"31":{"start":{"line":72,"column":17},"end":{"line":75,"column":null}},"32":{"start":{"line":73,"column":4},"end":{"line":73,"column":null}},"33":{"start":{"line":74,"column":4},"end":{"line":74,"column":null}},"34":{"start":{"line":77,"column":21},"end":{"line":79,"column":null}},"35":{"start":{"line":78,"column":4},"end":{"line":78,"column":null}},"36":{"start":{"line":81,"column":33},"end":{"line":89,"column":null}},"37":{"start":{"line":91,"column":2},"end":{"line":91,"column":null}}},"fnMap":{"0":{"name":"(anonymous_0)","decl":{"start":{"line":18,"column":23},"end":{"line":18,"column":29}},"loc":{"start":{"line":18,"column":29},"end":{"line":24,"column":null}},"line":18},"1":{"name":"(anonymous_1)","decl":{"start":{"line":30,"column":57},"end":{"line":30,"column":58}},"loc":{"start":{"line":30,"column":75},"end":{"line":92,"column":null}},"line":30},"2":{"name":"(anonymous_2)","decl":{"start":{"line":34,"column":12},"end":{"line":34,"column":18}},"loc":{"start":{"line":34,"column":18},"end":{"line":50,"column":5}},"line":34},"3":{"name":"(anonymous_3)","decl":{"start":{"line":35,"column":21},"end":{"line":35,"column":33}},"loc":{"start":{"line":35,"column":33},"end":{"line":47,"column":null}},"line":35},"4":{"name":"(anonymous_4)","decl":{"start":{"line":52,"column":16},"end":{"line":52,"column":23}},"loc":{"start":{"line":52,"column":53},"end":{"line":60,"column":null}},"line":52},"5":{"name":"(anonymous_5)","decl":{"start":{"line":62,"column":19},"end":{"line":62,"column":26}},"loc":{"start":{"line":62,"column":52},"end":{"line":70,"column":null}},"line":62},"6":{"name":"(anonymous_6)","decl":{"start":{"line":72,"column":17},"end":{"line":72,"column":29}},"loc":{"start":{"line":72,"column":29},"end":{"line":75,"column":null}},"line":72},"7":{"name":"(anonymous_7)","decl":{"start":{"line":77,"column":21},"end":{"line":77,"column":22}},"loc":{"start":{"line":77,"column":44},"end":{"line":79,"column":null}},"line":77}},"branchMap":{"0":{"loc":{"start":{"line":20,"column":2},"end":{"line":22,"column":null}},"type":"if","locations":[{"start":{"line":20,"column":2},"end":{"line":22,"column":null}},{"start":{},"end":{}}],"line":20},"1":{"loc":{"start":{"line":36,"column":6},"end":{"line":45,"column":null}},"type":"if","locations":[{"start":{"line":36,"column":6},"end":{"line":45,"column":null}},{"start":{},"end":{}}],"line":36},"2":{"loc":{"start":{"line":39,"column":10},"end":{"line":41,"column":null}},"type":"if","locations":[{"start":{"line":39,"column":10},"end":{"line":41,"column":null}},{"start":{},"end":{}}],"line":39},"3":{"loc":{"start":{"line":39,"column":14},"end":{"line":39,"column":49}},"type":"binary-expr","locations":[{"start":{"line":39,"column":14},"end":{"line":39,"column":34}},{"start":{"line":39,"column":34},"end":{"line":39,"column":49}}],"line":39},"4":{"loc":{"start":{"line":55,"column":4},"end":{"line":59,"column":null}},"type":"if","locations":[{"start":{"line":55,"column":4},"end":{"line":59,"column":null}},{"start":{"line":57,"column":11},"end":{"line":59,"column":null}}],"line":55},"5":{"loc":{"start":{"line":55,"column":8},"end":{"line":55,"column":47}},"type":"binary-expr","locations":[{"start":{"line":55,"column":8},"end":{"line":55,"column":30}},{"start":{"line":55,"column":30},"end":{"line":55,"column":47}}],"line":55},"6":{"loc":{"start":{"line":65,"column":4},"end":{"line":69,"column":null}},"type":"if","locations":[{"start":{"line":65,"column":4},"end":{"line":69,"column":null}},{"start":{"line":67,"column":11},"end":{"line":69,"column":null}}],"line":65},"7":{"loc":{"start":{"line":65,"column":8},"end":{"line":65,"column":47}},"type":"binary-expr","locations":[{"start":{"line":65,"column":8},"end":{"line":65,"column":30}},{"start":{"line":65,"column":30},"end":{"line":65,"column":47}}],"line":65}},"s":{"0":17,"1":17,"2":159,"3":159,"4":0,"5":159,"6":17,"7":64,"8":64,"9":64,"10":30,"11":30,"12":13,"13":13,"14":13,"15":13,"16":0,"17":30,"18":30,"19":64,"20":3,"21":2,"22":2,"23":2,"24":0,"25":64,"26":1,"27":1,"28":1,"29":1,"30":0,"31":64,"32":1,"33":1,"34":64,"35":3,"36":64,"37":64},"f":{"0":159,"1":64,"2":30,"3":30,"4":3,"5":1,"6":1,"7":3},"b":{"0":[0,159],"1":[13,17],"2":[13,0],"3":[13,13],"4":[2,0],"5":[2,2],"6":[1,0],"7":[1,1]},"meta":{"lastBranch":8,"lastFunction":8,"lastStatement":38,"seen":{"s:16:6:16:Infinity":0,"s:18:23:24:Infinity":1,"f:18:23:18:29":0,"s:19:8:19:Infinity":2,"b:20:2:22:Infinity:undefined:undefined:undefined:undefined":0,"s:20:2:22:Infinity":3,"s:21:4:21:Infinity":4,"s:23:2:23:Infinity":5,"s:30:57:92:Infinity":6,"f:30:57:30:58":1,"s:31:22:31:Infinity":7,"s:32:28:32:Infinity":8,"s:34:2:50:Infinity":9,"f:34:12:34:18":2,"s:35:21:47:Infinity":10,"f:35:21:35:33":3,"b:36:6:45:Infinity:undefined:undefined:undefined:undefined":1,"s:36:6:45:Infinity":11,"s:37:8:44:Infinity":12,"s:38:27:38:Infinity":13,"b:39:10:41:Infinity:undefined:undefined:undefined:undefined":2,"s:39:10:41:Infinity":14,"b:39:14:39:34:39:34:39:49":3,"s:40:12:40:Infinity":15,"s:43:10:43:Infinity":16,"s:46:6:46:Infinity":17,"s:49:4:49:Infinity":18,"s:52:16:60:Infinity":19,"f:52:16:52:23":4,"s:53:21:53:Infinity":20,"s:54:23:54:Infinity":21,"b:55:4:59:Infinity:57:11:59:Infinity":4,"s:55:4:59:Infinity":22,"b:55:8:55:30:55:30:55:47":5,"s:56:6:56:Infinity":23,"s:58:6:58:Infinity":24,"s:62:19:70:Infinity":25,"f:62:19:62:26":5,"s:63:21:63:Infinity":26,"s:64:23:64:Infinity":27,"b:65:4:69:Infinity:67:11:69:Infinity":6,"s:65:4:69:Infinity":28,"b:65:8:65:30:65:30:65:47":7,"s:66:6:66:Infinity":29,"s:68:6:68:Infinity":30,"s:72:17:75:Infinity":31,"f:72:17:72:29":6,"s:73:4:73:Infinity":32,"s:74:4:74:Infinity":33,"s:77:21:79:Infinity":34,"f:77:21:77:22":7,"s:78:4:78:Infinity":35,"s:81:33:89:Infinity":36,"s:91:2:91:Infinity":37}}}
,"H:\\fullstack\\travel-together\\frontend\\src\\app\\hooks\\useTripForm.tsx": {"path":"H:\\fullstack\\travel-together\\frontend\\src\\app\\hooks\\useTripForm.tsx","statementMap":{"0":{"start":{"line":23,"column":27},"end":{"line":124,"column":null}},"1":{"start":{"line":24,"column":8},"end":{"line":24,"column":null}},"2":{"start":{"line":25,"column":50},"end":{"line":25,"column":null}},"3":{"start":{"line":27,"column":24},"end":{"line":27,"column":null}},"4":{"start":{"line":28,"column":36},"end":{"line":30,"column":null}},"5":{"start":{"line":31,"column":36},"end":{"line":33,"column":null}},"6":{"start":{"line":34,"column":34},"end":{"line":36,"column":null}},"7":{"start":{"line":37,"column":24},"end":{"line":37,"column":null}},"8":{"start":{"line":38,"column":44},"end":{"line":40,"column":null}},"9":{"start":{"line":41,"column":32},"end":{"line":43,"column":null}},"10":{"start":{"line":44,"column":28},"end":{"line":46,"column":null}},"11":{"start":{"line":47,"column":26},"end":{"line":47,"column":null}},"12":{"start":{"line":48,"column":28},"end":{"line":48,"column":null}},"13":{"start":{"line":50,"column":8},"end":{"line":50,"column":null}},"14":{"start":{"line":52,"column":19},"end":{"line":66,"column":null}},"15":{"start":{"line":53,"column":46},"end":{"line":53,"column":null}},"16":{"start":{"line":54,"column":4},"end":{"line":54,"column":null}},"17":{"start":{"line":54,"column":23},"end":{"line":54,"column":null}},"18":{"start":{"line":55,"column":4},"end":{"line":55,"column":null}},"19":{"start":{"line":55,"column":29},"end":{"line":55,"column":null}},"20":{"start":{"line":56,"column":4},"end":{"line":56,"column":null}},"21":{"start":{"line":56,"column":29},"end":{"line":56,"column":null}},"22":{"start":{"line":57,"column":4},"end":{"line":57,"column":null}},"23":{"start":{"line":57,"column":28},"end":{"line":57,"column":null}},"24":{"start":{"line":58,"column":4},"end":{"line":59,"column":null}},"25":{"start":{"line":59,"column":6},"end":{"line":59,"column":null}},"26":{"start":{"line":60,"column":4},"end":{"line":60,"column":null}},"27":{"start":{"line":60,"column":20},"end":{"line":60,"column":null}},"28":{"start":{"line":61,"column":4},"end":{"line":61,"column":null}},"29":{"start":{"line":61,"column":18},"end":{"line":61,"column":null}},"30":{"start":{"line":62,"column":4},"end":{"line":63,"column":null}},"31":{"start":{"line":63,"column":6},"end":{"line":63,"column":null}},"32":{"start":{"line":64,"column":4},"end":{"line":64,"column":null}},"33":{"start":{"line":65,"column":4},"end":{"line":65,"column":null}},"34":{"start":{"line":68,"column":17},"end":{"line":99,"column":null}},"35":{"start":{"line":69,"column":4},"end":{"line":69,"column":null}},"36":{"start":{"line":69,"column":21},"end":{"line":69,"column":null}},"37":{"start":{"line":70,"column":4},"end":{"line":70,"column":null}},"38":{"start":{"line":71,"column":4},"end":{"line":98,"column":null}},"39":{"start":{"line":72,"column":37},"end":{"line":81,"column":null}},"40":{"start":{"line":83,"column":6},"end":{"line":87,"column":null}},"41":{"start":{"line":84,"column":8},"end":{"line":84,"column":null}},"42":{"start":{"line":86,"column":8},"end":{"line":86,"column":null}},"43":{"start":{"line":88,"column":6},"end":{"line":93,"column":null}},"44":{"start":{"line":89,"column":8},"end":{"line":89,"column":null}},"45":{"start":{"line":90,"column":8},"end":{"line":90,"column":null}},"46":{"start":{"line":92,"column":8},"end":{"line":92,"column":null}},"47":{"start":{"line":95,"column":6},"end":{"line":95,"column":null}},"48":{"start":{"line":97,"column":6},"end":{"line":97,"column":null}},"49":{"start":{"line":101,"column":2},"end":{"line":123,"column":null}}},"fnMap":{"0":{"name":"(anonymous_0)","decl":{"start":{"line":23,"column":27},"end":{"line":23,"column":28}},"loc":{"start":{"line":23,"column":65},"end":{"line":124,"column":null}},"line":23},"1":{"name":"(anonymous_1)","decl":{"start":{"line":52,"column":19},"end":{"line":52,"column":34}},"loc":{"start":{"line":52,"column":34},"end":{"line":66,"column":null}},"line":52},"2":{"name":"(anonymous_2)","decl":{"start":{"line":68,"column":17},"end":{"line":68,"column":29}},"loc":{"start":{"line":68,"column":29},"end":{"line":99,"column":null}},"line":68}},"branchMap":{"0":{"loc":{"start":{"line":23,"column":28},"end":{"line":23,"column":65}},"type":"default-arg","locations":[{"start":{"line":23,"column":58},"end":{"line":23,"column":65}}],"line":23},"1":{"loc":{"start":{"line":25,"column":23},"end":{"line":25,"column":39}},"type":"default-arg","locations":[{"start":{"line":25,"column":32},"end":{"line":25,"column":39}}],"line":25},"2":{"loc":{"start":{"line":27,"column":37},"end":{"line":27,"column":61}},"type":"binary-expr","locations":[{"start":{"line":27,"column":37},"end":{"line":27,"column":59}},{"start":{"line":27,"column":59},"end":{"line":27,"column":61}}],"line":27},"3":{"loc":{"start":{"line":29,"column":4},"end":{"line":29,"column":null}},"type":"binary-expr","locations":[{"start":{"line":29,"column":4},"end":{"line":29,"column":32}},{"start":{"line":29,"column":32},"end":{"line":29,"column":null}}],"line":29},"4":{"loc":{"start":{"line":32,"column":4},"end":{"line":32,"column":null}},"type":"binary-expr","locations":[{"start":{"line":32,"column":4},"end":{"line":32,"column":32}},{"start":{"line":32,"column":32},"end":{"line":32,"column":null}}],"line":32},"5":{"loc":{"start":{"line":35,"column":4},"end":{"line":35,"column":null}},"type":"binary-expr","locations":[{"start":{"line":35,"column":4},"end":{"line":35,"column":31}},{"start":{"line":35,"column":31},"end":{"line":35,"column":null}}],"line":35},"6":{"loc":{"start":{"line":37,"column":37},"end":{"line":37,"column":73}},"type":"binary-expr","locations":[{"start":{"line":37,"column":37},"end":{"line":37,"column":71}},{"start":{"line":37,"column":71},"end":{"line":37,"column":73}}],"line":37},"7":{"loc":{"start":{"line":39,"column":4},"end":{"line":39,"column":null}},"type":"binary-expr","locations":[{"start":{"line":39,"column":4},"end":{"line":39,"column":36}},{"start":{"line":39,"column":36},"end":{"line":39,"column":null}}],"line":39},"8":{"loc":{"start":{"line":42,"column":4},"end":{"line":42,"column":null}},"type":"binary-expr","locations":[{"start":{"line":42,"column":4},"end":{"line":42,"column":44}},{"start":{"line":42,"column":44},"end":{"line":42,"column":null}}],"line":42},"9":{"loc":{"start":{"line":45,"column":4},"end":{"line":45,"column":null}},"type":"binary-expr","locations":[{"start":{"line":45,"column":4},"end":{"line":45,"column":42}},{"start":{"line":45,"column":42},"end":{"line":45,"column":null}}],"line":45},"10":{"loc":{"start":{"line":54,"column":4},"end":{"line":54,"column":null}},"type":"if","locations":[{"start":{"line":54,"column":4},"end":{"line":54,"column":null}},{"start":{},"end":{}}],"line":54},"11":{"loc":{"start":{"line":55,"column":4},"end":{"line":55,"column":null}},"type":"if","locations":[{"start":{"line":55,"column":4},"end":{"line":55,"column":null}},{"start":{},"end":{}}],"line":55},"12":{"loc":{"start":{"line":56,"column":4},"end":{"line":56,"column":null}},"type":"if","locations":[{"start":{"line":56,"column":4},"end":{"line":56,"column":null}},{"start":{},"end":{}}],"line":56},"13":{"loc":{"start":{"line":57,"column":4},"end":{"line":57,"column":null}},"type":"if","locations":[{"start":{"line":57,"column":4},"end":{"line":57,"column":null}},{"start":{},"end":{}}],"line":57},"14":{"loc":{"start":{"line":58,"column":4},"end":{"line":59,"column":null}},"type":"if","locations":[{"start":{"line":58,"column":4},"end":{"line":59,"column":null}},{"start":{},"end":{}}],"line":58},"15":{"loc":{"start":{"line":58,"column":8},"end":{"line":58,"column":null}},"type":"binary-expr","locations":[{"start":{"line":58,"column":8},"end":{"line":58,"column":31}},{"start":{"line":58,"column":31},"end":{"line":58,"column":null}}],"line":58},"16":{"loc":{"start":{"line":60,"column":4},"end":{"line":60,"column":null}},"type":"if","locations":[{"start":{"line":60,"column":4},"end":{"line":60,"column":null}},{"start":{},"end":{}}],"line":60},"17":{"loc":{"start":{"line":61,"column":4},"end":{"line":61,"column":null}},"type":"if","locations":[{"start":{"line":61,"column":4},"end":{"line":61,"column":null}},{"start":{},"end":{}}],"line":61},"18":{"loc":{"start":{"line":62,"column":4},"end":{"line":63,"column":null}},"type":"if","locations":[{"start":{"line":62,"column":4},"end":{"line":63,"column":null}},{"start":{},"end":{}}],"line":62},"19":{"loc":{"start":{"line":62,"column":8},"end":{"line":62,"column":null}},"type":"binary-expr","locations":[{"start":{"line":62,"column":8},"end":{"line":62,"column":21}},{"start":{"line":62,"column":21},"end":{"line":62,"column":32}},{"start":{"line":62,"column":32},"end":{"line":62,"column":null}}],"line":62},"20":{"loc":{"start":{"line":69,"column":4},"end":{"line":69,"column":null}},"type":"if","locations":[{"start":{"line":69,"column":4},"end":{"line":69,"column":null}},{"start":{},"end":{}}],"line":69},"21":{"loc":{"start":{"line":83,"column":6},"end":{"line":87,"column":null}},"type":"if","locations":[{"start":{"line":83,"column":6},"end":{"line":87,"column":null}},{"start":{"line":85,"column":13},"end":{"line":87,"column":null}}],"line":83},"22":{"loc":{"start":{"line":83,"column":10},"end":{"line":83,"column":28}},"type":"binary-expr","locations":[{"start":{"line":83,"column":10},"end":{"line":83,"column":20}},{"start":{"line":83,"column":20},"end":{"line":83,"column":28}}],"line":83},"23":{"loc":{"start":{"line":88,"column":6},"end":{"line":93,"column":null}},"type":"if","locations":[{"start":{"line":88,"column":6},"end":{"line":93,"column":null}},{"start":{"line":91,"column":13},"end":{"line":93,"column":null}}],"line":88},"24":{"loc":{"start":{"line":88,"column":10},"end":{"line":88,"column":45}},"type":"binary-expr","locations":[{"start":{"line":88,"column":10},"end":{"line":88,"column":30}},{"start":{"line":88,"column":30},"end":{"line":88,"column":45}}],"line":88},"25":{"loc":{"start":{"line":89,"column":14},"end":{"line":89,"column":78}},"type":"cond-expr","locations":[{"start":{"line":89,"column":23},"end":{"line":89,"column":53}},{"start":{"line":89,"column":53},"end":{"line":89,"column":78}}],"line":89},"26":{"loc":{"start":{"line":92,"column":26},"end":{"line":92,"column":68}},"type":"binary-expr","locations":[{"start":{"line":92,"column":26},"end":{"line":92,"column":44}},{"start":{"line":92,"column":44},"end":{"line":92,"column":68}}],"line":92},"27":{"loc":{"start":{"line":95,"column":24},"end":{"line":95,"column":58}},"type":"binary-expr","locations":[{"start":{"line":95,"column":24},"end":{"line":95,"column":41}},{"start":{"line":95,"column":41},"end":{"line":95,"column":58}}],"line":95}},"s":{"0":4,"1":15,"2":15,"3":15,"4":15,"5":15,"6":15,"7":15,"8":15,"9":15,"10":15,"11":15,"12":15,"13":15,"14":15,"15":5,"16":5,"17":3,"18":5,"19":3,"20":5,"21":3,"22":5,"23":3,"24":5,"25":1,"26":5,"27":3,"28":5,"29":3,"30":5,"31":0,"32":5,"33":5,"34":15,"35":2,"36":0,"37":2,"38":2,"39":2,"40":2,"41":1,"42":1,"43":2,"44":2,"45":2,"46":0,"47":0,"48":2,"49":15},"f":{"0":15,"1":5,"2":2},"b":{"0":[15],"1":[15],"2":[15,12],"3":[15,15],"4":[15,15],"5":[15,15],"6":[15,15],"7":[15,15],"8":[15,15],"9":[15,15],"10":[3,2],"11":[3,2],"12":[3,2],"13":[3,2],"14":[1,4],"15":[5,4],"16":[3,2],"17":[3,2],"18":[0,5],"19":[5,2,2],"20":[0,2],"21":[1,1],"22":[2,1],"23":[2,0],"24":[2,2],"25":[1,1],"26":[0,0],"27":[0,0]},"meta":{"lastBranch":28,"lastFunction":3,"lastStatement":50,"seen":{"s:23:27:124:Infinity":0,"f:23:27:23:28":0,"b:23:58:23:65":0,"s:24:8:24:Infinity":1,"s:25:50:25:Infinity":2,"b:25:32:25:39":1,"s:27:24:27:Infinity":3,"b:27:37:27:59:27:59:27:61":2,"s:28:36:30:Infinity":4,"b:29:4:29:32:29:32:29:Infinity":3,"s:31:36:33:Infinity":5,"b:32:4:32:32:32:32:32:Infinity":4,"s:34:34:36:Infinity":6,"b:35:4:35:31:35:31:35:Infinity":5,"s:37:24:37:Infinity":7,"b:37:37:37:71:37:71:37:73":6,"s:38:44:40:Infinity":8,"b:39:4:39:36:39:36:39:Infinity":7,"s:41:32:43:Infinity":9,"b:42:4:42:44:42:44:42:Infinity":8,"s:44:28:46:Infinity":10,"b:45:4:45:42:45:42:45:Infinity":9,"s:47:26:47:Infinity":11,"s:48:28:48:Infinity":12,"s:50:8:50:Infinity":13,"s:52:19:66:Infinity":14,"f:52:19:52:34":1,"s:53:46:53:Infinity":15,"b:54:4:54:Infinity:undefined:undefined:undefined:undefined":10,"s:54:4:54:Infinity":16,"s:54:23:54:Infinity":17,"b:55:4:55:Infinity:undefined:undefined:undefined:undefined":11,"s:55:4:55:Infinity":18,"s:55:29:55:Infinity":19,"b:56:4:56:Infinity:undefined:undefined:undefined:undefined":12,"s:56:4:56:Infinity":20,"s:56:29:56:Infinity":21,"b:57:4:57:Infinity:undefined:undefined:undefined:undefined":13,"s:57:4:57:Infinity":22,"s:57:28:57:Infinity":23,"b:58:4:59:Infinity:undefined:undefined:undefined:undefined":14,"s:58:4:59:Infinity":24,"b:58:8:58:31:58:31:58:Infinity":15,"s:59:6:59:Infinity":25,"b:60:4:60:Infinity:undefined:undefined:undefined:undefined":16,"s:60:4:60:Infinity":26,"s:60:20:60:Infinity":27,"b:61:4:61:Infinity:undefined:undefined:undefined:undefined":17,"s:61:4:61:Infinity":28,"s:61:18:61:Infinity":29,"b:62:4:63:Infinity:undefined:undefined:undefined:undefined":18,"s:62:4:63:Infinity":30,"b:62:8:62:21:62:21:62:32:62:32:62:Infinity":19,"s:63:6:63:Infinity":31,"s:64:4:64:Infinity":32,"s:65:4:65:Infinity":33,"s:68:17:99:Infinity":34,"f:68:17:68:29":2,"b:69:4:69:Infinity:undefined:undefined:undefined:undefined":20,"s:69:4:69:Infinity":35,"s:69:21:69:Infinity":36,"s:70:4:70:Infinity":37,"s:71:4:98:Infinity":38,"s:72:37:81:Infinity":39,"b:83:6:87:Infinity:85:13:87:Infinity":21,"s:83:6:87:Infinity":40,"b:83:10:83:20:83:20:83:28":22,"s:84:8:84:Infinity":41,"s:86:8:86:Infinity":42,"b:88:6:93:Infinity:91:13:93:Infinity":23,"s:88:6:93:Infinity":43,"b:88:10:88:30:88:30:88:45":24,"s:89:8:89:Infinity":44,"b:89:23:89:53:89:53:89:78":25,"s:90:8:90:Infinity":45,"s:92:8:92:Infinity":46,"b:92:26:92:44:92:44:92:68":26,"s:95:6:95:Infinity":47,"b:95:24:95:41:95:41:95:58":27,"s:97:6:97:Infinity":48,"s:101:2:123:Infinity":49}}}
}
