{"H:\\fullstack\\travel-together\\backend\\config\\database.js": {"path":"H:\\fullstack\\travel-together\\backend\\config\\database.js","statementMap":{"0":{"start":{"line":1,"column":17},"end":{"line":1,"column":36}},"1":{"start":{"line":3,"column":18},"end":{"line":11,"column":1}},"2":{"start":{"line":4,"column":2},"end":{"line":10,"column":3}},"3":{"start":{"line":5,"column":17},"end":{"line":5,"column":111}},"4":{"start":{"line":6,"column":4},"end":{"line":6,"column":62}},"5":{"start":{"line":8,"column":4},"end":{"line":8,"column":55}},"6":{"start":{"line":9,"column":4},"end":{"line":9,"column":20}},"7":{"start":{"line":13,"column":0},"end":{"line":13,"column":27}}},"fnMap":{"0":{"name":"(anonymous_0)","decl":{"start":{"line":3,"column":18},"end":{"line":3,"column":19}},"loc":{"start":{"line":3,"column":30},"end":{"line":11,"column":1}},"line":3}},"branchMap":{"0":{"loc":{"start":{"line":5,"column":40},"end":{"line":5,"column":110}},"type":"binary-expr","locations":[{"start":{"line":5,"column":40},"end":{"line":5,"column":63}},{"start":{"line":5,"column":67},"end":{"line":5,"column":110}}],"line":5}},"s":{"0":8,"1":8,"2":2,"3":2,"4":1,"5":1,"6":1,"7":8},"f":{"0":2},"b":{"0":[2,0]},"_coverageSchema":"1a1c01bbd47fc00a2c39e90264f33305004495a9","hash":"a5a19ce2efb12b3881191da1d343085e04bd7cbe"}
,"H:\\fullstack\\travel-together\\backend\\src\\swagger.js": {"path":"H:\\fullstack\\travel-together\\backend\\src\\swagger.js","statementMap":{"0":{"start":{"line":1,"column":21},"end":{"line":1,"column":45}},"1":{"start":{"line":2,"column":18},"end":{"line":2,"column":47}},"2":{"start":{"line":4,"column":16},"end":{"line":20,"column":1}},"3":{"start":{"line":22,"column":14},"end":{"line":22,"column":35}},"4":{"start":{"line":25,"column":0},"end":{"line":25,"column":38}},"5":{"start":{"line":26,"column":0},"end":{"line":26,"column":54}},"6":{"start":{"line":27,"column":0},"end":{"line":27,"column":60}},"7":{"start":{"line":28,"column":0},"end":{"line":28,"column":49}},"8":{"start":{"line":29,"column":0},"end":{"line":29,"column":37}},"9":{"start":{"line":31,"column":0},"end":{"line":36,"column":2}},"10":{"start":{"line":32,"column":2},"end":{"line":35,"column":6}}},"fnMap":{"0":{"name":"(anonymous_0)","decl":{"start":{"line":31,"column":17},"end":{"line":31,"column":18}},"loc":{"start":{"line":31,"column":26},"end":{"line":36,"column":1}},"line":31}},"branchMap":{"0":{"loc":{"start":{"line":27,"column":40},"end":{"line":27,"column":57}},"type":"binary-expr","locations":[{"start":{"line":27,"column":40},"end":{"line":27,"column":51}},{"start":{"line":27,"column":55},"end":{"line":27,"column":57}}],"line":27}},"s":{"0":7,"1":7,"2":7,"3":7,"4":7,"5":7,"6":7,"7":7,"8":7,"9":7,"10":7},"f":{"0":7},"b":{"0":[7,0]},"_coverageSchema":"1a1c01bbd47fc00a2c39e90264f33305004495a9","hash":"6ced8e10080266c42e9b56c00286a19d8575957c"}
,"H:\\fullstack\\travel-together\\backend\\src\\config\\permissions.js": {"path":"H:\\fullstack\\travel-together\\backend\\src\\config\\permissions.js","statementMap":{"0":{"start":{"line":1,"column":20},"end":{"line":21,"column":1}},"1":{"start":{"line":23,"column":14},"end":{"line":28,"column":1}},"2":{"start":{"line":30,"column":0},"end":{"line":30,"column":40}}},"fnMap":{},"branchMap":{},"s":{"0":8,"1":8,"2":8},"f":{},"b":{},"_coverageSchema":"1a1c01bbd47fc00a2c39e90264f33305004495a9","hash":"3f226ff983b5d9a41e5692fbdd58e4f602ed9122"}
,"H:\\fullstack\\travel-together\\backend\\src\\config\\s3.js": {"path":"H:\\fullstack\\travel-together\\backend\\src\\config\\s3.js","statementMap":{"0":{"start":{"line":1,"column":21},"end":{"line":1,"column":50}},"1":{"start":{"line":3,"column":17},"end":{"line":11,"column":2}},"2":{"start":{"line":13,"column":20},"end":{"line":13,"column":62}},"3":{"start":{"line":15,"column":0},"end":{"line":15,"column":43}}},"fnMap":{},"branchMap":{"0":{"loc":{"start":{"line":4,"column":10},"end":{"line":4,"column":46}},"type":"binary-expr","locations":[{"start":{"line":4,"column":10},"end":{"line":4,"column":31}},{"start":{"line":4,"column":35},"end":{"line":4,"column":46}}],"line":4},"1":{"loc":{"start":{"line":5,"column":12},"end":{"line":5,"column":62}},"type":"binary-expr","locations":[{"start":{"line":5,"column":12},"end":{"line":5,"column":35}},{"start":{"line":5,"column":39},"end":{"line":5,"column":62}}],"line":5},"2":{"loc":{"start":{"line":13,"column":20},"end":{"line":13,"column":62}},"type":"binary-expr","locations":[{"start":{"line":13,"column":20},"end":{"line":13,"column":41}},{"start":{"line":13,"column":45},"end":{"line":13,"column":62}}],"line":13}},"s":{"0":7,"1":7,"2":7,"3":7},"f":{},"b":{"0":[7,0],"1":[7,0],"2":[7,0]},"_coverageSchema":"1a1c01bbd47fc00a2c39e90264f33305004495a9","hash":"0050a32459260f489257c462949a3881f7cd075e"}
,"H:\\fullstack\\travel-together\\backend\\src\\middleware\\authAccess.js": {"path":"H:\\fullstack\\travel-together\\backend\\src\\middleware\\authAccess.js","statementMap":{"0":{"start":{"line":1,"column":12},"end":{"line":1,"column":35}},"1":{"start":{"line":2,"column":13},"end":{"line":2,"column":38}},"2":{"start":{"line":4,"column":19},"end":{"line":50,"column":1}},"3":{"start":{"line":5,"column":2},"end":{"line":49,"column":3}},"4":{"start":{"line":6,"column":23},"end":{"line":6,"column":50}},"5":{"start":{"line":8,"column":4},"end":{"line":13,"column":5}},"6":{"start":{"line":9,"column":6},"end":{"line":12,"column":9}},"7":{"start":{"line":15,"column":18},"end":{"line":15,"column":51}},"8":{"start":{"line":17,"column":20},"end":{"line":17,"column":68}},"9":{"start":{"line":19,"column":17},"end":{"line":19,"column":72}},"10":{"start":{"line":20,"column":4},"end":{"line":25,"column":5}},"11":{"start":{"line":21,"column":6},"end":{"line":24,"column":9}},"12":{"start":{"line":27,"column":4},"end":{"line":27,"column":20}},"13":{"start":{"line":28,"column":4},"end":{"line":28,"column":11}},"14":{"start":{"line":30,"column":4},"end":{"line":35,"column":5}},"15":{"start":{"line":31,"column":6},"end":{"line":34,"column":9}},"16":{"start":{"line":37,"column":4},"end":{"line":42,"column":5}},"17":{"start":{"line":38,"column":6},"end":{"line":41,"column":9}},"18":{"start":{"line":44,"column":4},"end":{"line":44,"column":48}},"19":{"start":{"line":45,"column":4},"end":{"line":48,"column":7}},"20":{"start":{"line":52,"column":0},"end":{"line":52,"column":28}}},"fnMap":{"0":{"name":"(anonymous_0)","decl":{"start":{"line":4,"column":19},"end":{"line":4,"column":20}},"loc":{"start":{"line":4,"column":45},"end":{"line":50,"column":1}},"line":4}},"branchMap":{"0":{"loc":{"start":{"line":8,"column":4},"end":{"line":13,"column":5}},"type":"if","locations":[{"start":{"line":8,"column":4},"end":{"line":13,"column":5}},{"start":{},"end":{}}],"line":8},"1":{"loc":{"start":{"line":8,"column":8},"end":{"line":8,"column":56}},"type":"binary-expr","locations":[{"start":{"line":8,"column":8},"end":{"line":8,"column":19}},{"start":{"line":8,"column":23},"end":{"line":8,"column":56}}],"line":8},"2":{"loc":{"start":{"line":20,"column":4},"end":{"line":25,"column":5}},"type":"if","locations":[{"start":{"line":20,"column":4},"end":{"line":25,"column":5}},{"start":{},"end":{}}],"line":20},"3":{"loc":{"start":{"line":30,"column":4},"end":{"line":35,"column":5}},"type":"if","locations":[{"start":{"line":30,"column":4},"end":{"line":35,"column":5}},{"start":{},"end":{}}],"line":30},"4":{"loc":{"start":{"line":37,"column":4},"end":{"line":42,"column":5}},"type":"if","locations":[{"start":{"line":37,"column":4},"end":{"line":42,"column":5}},{"start":{},"end":{}}],"line":37}},"s":{"0":8,"1":8,"2":8,"3":41,"4":41,"5":41,"6":4,"7":37,"8":37,"9":35,"10":35,"11":0,"12":35,"13":35,"14":2,"15":1,"16":1,"17":1,"18":0,"19":0,"20":8},"f":{"0":41},"b":{"0":[4,37],"1":[41,38],"2":[0,35],"3":[1,1],"4":[1,0]},"_coverageSchema":"1a1c01bbd47fc00a2c39e90264f33305004495a9","hash":"5e5d1879a46934f99f7f18f7d0729e76d6567ab3"}
,"H:\\fullstack\\travel-together\\backend\\src\\middleware\\authRefresh.js": {"path":"H:\\fullstack\\travel-together\\backend\\src\\middleware\\authRefresh.js","statementMap":{"0":{"start":{"line":1,"column":12},"end":{"line":1,"column":35}},"1":{"start":{"line":2,"column":21},"end":{"line":2,"column":54}},"2":{"start":{"line":4,"column":20},"end":{"line":60,"column":1}},"3":{"start":{"line":5,"column":2},"end":{"line":59,"column":3}},"4":{"start":{"line":6,"column":29},"end":{"line":6,"column":37}},"5":{"start":{"line":8,"column":4},"end":{"line":13,"column":5}},"6":{"start":{"line":9,"column":6},"end":{"line":12,"column":9}},"7":{"start":{"line":15,"column":20},"end":{"line":15,"column":76}},"8":{"start":{"line":17,"column":24},"end":{"line":20,"column":6}},"9":{"start":{"line":22,"column":4},"end":{"line":27,"column":5}},"10":{"start":{"line":23,"column":6},"end":{"line":26,"column":9}},"11":{"start":{"line":29,"column":4},"end":{"line":35,"column":5}},"12":{"start":{"line":30,"column":6},"end":{"line":30,"column":36}},"13":{"start":{"line":31,"column":6},"end":{"line":34,"column":9}},"14":{"start":{"line":37,"column":4},"end":{"line":37,"column":32}},"15":{"start":{"line":38,"column":4},"end":{"line":38,"column":36}},"16":{"start":{"line":39,"column":4},"end":{"line":39,"column":11}},"17":{"start":{"line":41,"column":4},"end":{"line":46,"column":5}},"18":{"start":{"line":42,"column":6},"end":{"line":45,"column":9}},"19":{"start":{"line":48,"column":4},"end":{"line":53,"column":5}},"20":{"start":{"line":49,"column":6},"end":{"line":52,"column":9}},"21":{"start":{"line":55,"column":4},"end":{"line":58,"column":7}},"22":{"start":{"line":62,"column":0},"end":{"line":62,"column":29}}},"fnMap":{"0":{"name":"(anonymous_0)","decl":{"start":{"line":4,"column":20},"end":{"line":4,"column":21}},"loc":{"start":{"line":4,"column":46},"end":{"line":60,"column":1}},"line":4}},"branchMap":{"0":{"loc":{"start":{"line":8,"column":4},"end":{"line":13,"column":5}},"type":"if","locations":[{"start":{"line":8,"column":4},"end":{"line":13,"column":5}},{"start":{},"end":{}}],"line":8},"1":{"loc":{"start":{"line":22,"column":4},"end":{"line":27,"column":5}},"type":"if","locations":[{"start":{"line":22,"column":4},"end":{"line":27,"column":5}},{"start":{},"end":{}}],"line":22},"2":{"loc":{"start":{"line":29,"column":4},"end":{"line":35,"column":5}},"type":"if","locations":[{"start":{"line":29,"column":4},"end":{"line":35,"column":5}},{"start":{},"end":{}}],"line":29},"3":{"loc":{"start":{"line":41,"column":4},"end":{"line":46,"column":5}},"type":"if","locations":[{"start":{"line":41,"column":4},"end":{"line":46,"column":5}},{"start":{},"end":{}}],"line":41},"4":{"loc":{"start":{"line":48,"column":4},"end":{"line":53,"column":5}},"type":"if","locations":[{"start":{"line":48,"column":4},"end":{"line":53,"column":5}},{"start":{},"end":{}}],"line":48}},"s":{"0":1,"1":1,"2":1,"3":6,"4":6,"5":6,"6":1,"7":5,"8":3,"9":3,"10":1,"11":2,"12":1,"13":1,"14":1,"15":1,"16":1,"17":2,"18":1,"19":1,"20":1,"21":0,"22":1},"f":{"0":6},"b":{"0":[1,5],"1":[1,2],"2":[1,1],"3":[1,1],"4":[1,0]},"_coverageSchema":"1a1c01bbd47fc00a2c39e90264f33305004495a9","hash":"05e82abba1b36c95a1234b6266cecee1856ac20d"}
,"H:\\fullstack\\travel-together\\backend\\src\\middleware\\checkOwnership.js": {"path":"H:\\fullstack\\travel-together\\backend\\src\\middleware\\checkOwnership.js","statementMap":{"0":{"start":{"line":1,"column":23},"end":{"line":42,"column":1}},"1":{"start":{"line":2,"column":2},"end":{"line":41,"column":4}},"2":{"start":{"line":3,"column":4},"end":{"line":8,"column":5}},"3":{"start":{"line":4,"column":6},"end":{"line":7,"column":9}},"4":{"start":{"line":10,"column":4},"end":{"line":12,"column":5}},"5":{"start":{"line":11,"column":6},"end":{"line":11,"column":20}},"6":{"start":{"line":14,"column":4},"end":{"line":40,"column":5}},"7":{"start":{"line":15,"column":23},"end":{"line":15,"column":64}},"8":{"start":{"line":17,"column":6},"end":{"line":22,"column":7}},"9":{"start":{"line":18,"column":8},"end":{"line":21,"column":11}},"10":{"start":{"line":24,"column":22},"end":{"line":24,"column":59}},"11":{"start":{"line":26,"column":6},"end":{"line":31,"column":7}},"12":{"start":{"line":27,"column":8},"end":{"line":30,"column":11}},"13":{"start":{"line":33,"column":6},"end":{"line":33,"column":30}},"14":{"start":{"line":34,"column":6},"end":{"line":34,"column":13}},"15":{"start":{"line":36,"column":6},"end":{"line":39,"column":9}},"16":{"start":{"line":44,"column":0},"end":{"line":44,"column":32}}},"fnMap":{"0":{"name":"(anonymous_0)","decl":{"start":{"line":1,"column":23},"end":{"line":1,"column":24}},"loc":{"start":{"line":1,"column":50},"end":{"line":42,"column":1}},"line":1},"1":{"name":"(anonymous_1)","decl":{"start":{"line":2,"column":9},"end":{"line":2,"column":10}},"loc":{"start":{"line":2,"column":35},"end":{"line":41,"column":3}},"line":2}},"branchMap":{"0":{"loc":{"start":{"line":1,"column":31},"end":{"line":1,"column":45}},"type":"default-arg","locations":[{"start":{"line":1,"column":41},"end":{"line":1,"column":45}}],"line":1},"1":{"loc":{"start":{"line":3,"column":4},"end":{"line":8,"column":5}},"type":"if","locations":[{"start":{"line":3,"column":4},"end":{"line":8,"column":5}},{"start":{},"end":{}}],"line":3},"2":{"loc":{"start":{"line":10,"column":4},"end":{"line":12,"column":5}},"type":"if","locations":[{"start":{"line":10,"column":4},"end":{"line":12,"column":5}},{"start":{},"end":{}}],"line":10},"3":{"loc":{"start":{"line":17,"column":6},"end":{"line":22,"column":7}},"type":"if","locations":[{"start":{"line":17,"column":6},"end":{"line":22,"column":7}},{"start":{},"end":{}}],"line":17},"4":{"loc":{"start":{"line":24,"column":22},"end":{"line":24,"column":59}},"type":"binary-expr","locations":[{"start":{"line":24,"column":22},"end":{"line":24,"column":40}},{"start":{"line":24,"column":44},"end":{"line":24,"column":59}}],"line":24},"5":{"loc":{"start":{"line":26,"column":6},"end":{"line":31,"column":7}},"type":"if","locations":[{"start":{"line":26,"column":6},"end":{"line":31,"column":7}},{"start":{},"end":{}}],"line":26},"6":{"loc":{"start":{"line":26,"column":10},"end":{"line":26,"column":68}},"type":"binary-expr","locations":[{"start":{"line":26,"column":10},"end":{"line":26,"column":18}},{"start":{"line":26,"column":22},"end":{"line":26,"column":68}}],"line":26}},"s":{"0":8,"1":26,"2":9,"3":1,"4":8,"5":1,"6":7,"7":7,"8":7,"9":1,"10":6,"11":6,"12":2,"13":4,"14":4,"15":0,"16":8},"f":{"0":26,"1":9},"b":{"0":[0],"1":[1,8],"2":[1,7],"3":[1,6],"4":[6,0],"5":[2,4],"6":[6,6]},"_coverageSchema":"1a1c01bbd47fc00a2c39e90264f33305004495a9","hash":"0fe7017fe8393dcd8b4c7cb92899022fac13f0b7"}
,"H:\\fullstack\\travel-together\\backend\\src\\middleware\\checkPermission.js": {"path":"H:\\fullstack\\travel-together\\backend\\src\\middleware\\checkPermission.js","statementMap":{"0":{"start":{"line":1,"column":31},"end":{"line":1,"column":63}},"1":{"start":{"line":3,"column":24},"end":{"line":27,"column":1}},"2":{"start":{"line":4,"column":2},"end":{"line":26,"column":4}},"3":{"start":{"line":5,"column":15},"end":{"line":5,"column":53}},"4":{"start":{"line":7,"column":25},"end":{"line":7,"column":48}},"5":{"start":{"line":8,"column":4},"end":{"line":14,"column":5}},"6":{"start":{"line":9,"column":6},"end":{"line":13,"column":9}},"7":{"start":{"line":16,"column":4},"end":{"line":18,"column":5}},"8":{"start":{"line":17,"column":6},"end":{"line":17,"column":20}},"9":{"start":{"line":20,"column":4},"end":{"line":25,"column":7}},"10":{"start":{"line":29,"column":0},"end":{"line":29,"column":33}}},"fnMap":{"0":{"name":"(anonymous_0)","decl":{"start":{"line":3,"column":24},"end":{"line":3,"column":25}},"loc":{"start":{"line":3,"column":40},"end":{"line":27,"column":1}},"line":3},"1":{"name":"(anonymous_1)","decl":{"start":{"line":4,"column":9},"end":{"line":4,"column":10}},"loc":{"start":{"line":4,"column":29},"end":{"line":26,"column":3}},"line":4}},"branchMap":{"0":{"loc":{"start":{"line":5,"column":15},"end":{"line":5,"column":53}},"type":"cond-expr","locations":[{"start":{"line":5,"column":26},"end":{"line":5,"column":39}},{"start":{"line":5,"column":42},"end":{"line":5,"column":53}}],"line":5},"1":{"loc":{"start":{"line":8,"column":4},"end":{"line":14,"column":5}},"type":"if","locations":[{"start":{"line":8,"column":4},"end":{"line":14,"column":5}},{"start":{},"end":{}}],"line":8},"2":{"loc":{"start":{"line":16,"column":4},"end":{"line":18,"column":5}},"type":"if","locations":[{"start":{"line":16,"column":4},"end":{"line":18,"column":5}},{"start":{},"end":{}}],"line":16}},"s":{"0":8,"1":8,"2":95,"3":34,"4":34,"5":34,"6":1,"7":33,"8":31,"9":2,"10":8},"f":{"0":95,"1":34},"b":{"0":[22,12],"1":[1,33],"2":[31,2]},"_coverageSchema":"1a1c01bbd47fc00a2c39e90264f33305004495a9","hash":"b63e6515cc8461f28b0a0e63d9e24ca9ce5c6388"}
,"H:\\fullstack\\travel-together\\backend\\src\\middleware\\checkRole.js": {"path":"H:\\fullstack\\travel-together\\backend\\src\\middleware\\checkRole.js","statementMap":{"0":{"start":{"line":1,"column":18},"end":{"line":21,"column":1}},"1":{"start":{"line":2,"column":2},"end":{"line":20,"column":4}},"2":{"start":{"line":3,"column":4},"end":{"line":8,"column":5}},"3":{"start":{"line":4,"column":6},"end":{"line":7,"column":9}},"4":{"start":{"line":10,"column":4},"end":{"line":17,"column":5}},"5":{"start":{"line":11,"column":6},"end":{"line":16,"column":9}},"6":{"start":{"line":19,"column":4},"end":{"line":19,"column":11}},"7":{"start":{"line":23,"column":0},"end":{"line":23,"column":27}}},"fnMap":{"0":{"name":"(anonymous_0)","decl":{"start":{"line":1,"column":18},"end":{"line":1,"column":19}},"loc":{"start":{"line":1,"column":36},"end":{"line":21,"column":1}},"line":1},"1":{"name":"(anonymous_1)","decl":{"start":{"line":2,"column":9},"end":{"line":2,"column":10}},"loc":{"start":{"line":2,"column":29},"end":{"line":20,"column":3}},"line":2}},"branchMap":{"0":{"loc":{"start":{"line":3,"column":4},"end":{"line":8,"column":5}},"type":"if","locations":[{"start":{"line":3,"column":4},"end":{"line":8,"column":5}},{"start":{},"end":{}}],"line":3},"1":{"loc":{"start":{"line":10,"column":4},"end":{"line":17,"column":5}},"type":"if","locations":[{"start":{"line":10,"column":4},"end":{"line":17,"column":5}},{"start":{},"end":{}}],"line":10}},"s":{"0":8,"1":10,"2":6,"3":1,"4":5,"5":2,"6":3,"7":8},"f":{"0":10,"1":6},"b":{"0":[1,5],"1":[2,3]},"_coverageSchema":"1a1c01bbd47fc00a2c39e90264f33305004495a9","hash":"876b2cc68a228042d675ab92463e1e383b779f1d"}
,"H:\\fullstack\\travel-together\\backend\\src\\models\\Application.js": {"path":"H:\\fullstack\\travel-together\\backend\\src\\models\\Application.js","statementMap":{"0":{"start":{"line":1,"column":17},"end":{"line":1,"column":36}},"1":{"start":{"line":3,"column":26},"end":{"line":32,"column":2}},"2":{"start":{"line":34,"column":0},"end":{"line":34,"column":68}},"3":{"start":{"line":36,"column":0},"end":{"line":41,"column":3}},"4":{"start":{"line":37,"column":2},"end":{"line":39,"column":3}},"5":{"start":{"line":38,"column":4},"end":{"line":38,"column":34}},"6":{"start":{"line":40,"column":2},"end":{"line":40,"column":9}},"7":{"start":{"line":43,"column":0},"end":{"line":43,"column":66}}},"fnMap":{"0":{"name":"(anonymous_0)","decl":{"start":{"line":36,"column":30},"end":{"line":36,"column":31}},"loc":{"start":{"line":36,"column":45},"end":{"line":41,"column":1}},"line":36}},"branchMap":{"0":{"loc":{"start":{"line":37,"column":2},"end":{"line":39,"column":3}},"type":"if","locations":[{"start":{"line":37,"column":2},"end":{"line":39,"column":3}},{"start":{},"end":{}}],"line":37},"1":{"loc":{"start":{"line":37,"column":6},"end":{"line":37,"column":60}},"type":"binary-expr","locations":[{"start":{"line":37,"column":6},"end":{"line":37,"column":31}},{"start":{"line":37,"column":35},"end":{"line":37,"column":60}}],"line":37}},"s":{"0":8,"1":8,"2":8,"3":8,"4":17,"5":4,"6":17,"7":8},"f":{"0":17},"b":{"0":[4,13],"1":[17,9]},"_coverageSchema":"1a1c01bbd47fc00a2c39e90264f33305004495a9","hash":"1d845769ce95cecd700f5da59ba76c4616c0da14"}
,"H:\\fullstack\\travel-together\\backend\\src\\models\\RefreshToken.js": {"path":"H:\\fullstack\\travel-together\\backend\\src\\models\\RefreshToken.js","statementMap":{"0":{"start":{"line":1,"column":17},"end":{"line":1,"column":36}},"1":{"start":{"line":3,"column":27},"end":{"line":23,"column":2}},"2":{"start":{"line":25,"column":0},"end":{"line":25,"column":38}},"3":{"start":{"line":27,"column":0},"end":{"line":27,"column":68}}},"fnMap":{},"branchMap":{},"s":{"0":9,"1":9,"2":9,"3":9},"f":{},"b":{},"_coverageSchema":"1a1c01bbd47fc00a2c39e90264f33305004495a9","hash":"59be3cc179929165ab3f0a5fb26cfe38bfc40f20"}
,"H:\\fullstack\\travel-together\\backend\\src\\models\\Trip.js": {"path":"H:\\fullstack\\travel-together\\backend\\src\\models\\Trip.js","statementMap":{"0":{"start":{"line":1,"column":17},"end":{"line":1,"column":36}},"1":{"start":{"line":3,"column":19},"end":{"line":60,"column":2}},"2":{"start":{"line":62,"column":0},"end":{"line":64,"column":3}},"3":{"start":{"line":63,"column":2},"end":{"line":63,"column":58}},"4":{"start":{"line":66,"column":0},"end":{"line":70,"column":3}},"5":{"start":{"line":67,"column":2},"end":{"line":67,"column":49}},"6":{"start":{"line":67,"column":40},"end":{"line":67,"column":49}},"7":{"start":{"line":68,"column":19},"end":{"line":68,"column":58}},"8":{"start":{"line":69,"column":2},"end":{"line":69,"column":53}},"9":{"start":{"line":72,"column":0},"end":{"line":75,"column":3}},"10":{"start":{"line":73,"column":2},"end":{"line":73,"column":38}},"11":{"start":{"line":73,"column":29},"end":{"line":73,"column":38}},"12":{"start":{"line":74,"column":2},"end":{"line":74,"column":83}},"13":{"start":{"line":77,"column":0},"end":{"line":77,"column":45}},"14":{"start":{"line":79,"column":0},"end":{"line":88,"column":2}},"15":{"start":{"line":80,"column":14},"end":{"line":80,"column":24}},"16":{"start":{"line":81,"column":2},"end":{"line":87,"column":3}},"17":{"start":{"line":82,"column":4},"end":{"line":82,"column":29}},"18":{"start":{"line":83,"column":9},"end":{"line":87,"column":3}},"19":{"start":{"line":84,"column":4},"end":{"line":84,"column":27}},"20":{"start":{"line":85,"column":9},"end":{"line":87,"column":3}},"21":{"start":{"line":86,"column":4},"end":{"line":86,"column":30}},"22":{"start":{"line":90,"column":0},"end":{"line":90,"column":52}}},"fnMap":{"0":{"name":"(anonymous_0)","decl":{"start":{"line":62,"column":46},"end":{"line":62,"column":47}},"loc":{"start":{"line":62,"column":57},"end":{"line":64,"column":1}},"line":62},"1":{"name":"(anonymous_1)","decl":{"start":{"line":66,"column":39},"end":{"line":66,"column":40}},"loc":{"start":{"line":66,"column":50},"end":{"line":70,"column":1}},"line":66},"2":{"name":"(anonymous_2)","decl":{"start":{"line":72,"column":41},"end":{"line":72,"column":42}},"loc":{"start":{"line":72,"column":52},"end":{"line":75,"column":1}},"line":72},"3":{"name":"(anonymous_3)","decl":{"start":{"line":79,"column":34},"end":{"line":79,"column":35}},"loc":{"start":{"line":79,"column":45},"end":{"line":88,"column":1}},"line":79}},"branchMap":{"0":{"loc":{"start":{"line":63,"column":9},"end":{"line":63,"column":57}},"type":"cond-expr","locations":[{"start":{"line":63,"column":29},"end":{"line":63,"column":53}},{"start":{"line":63,"column":56},"end":{"line":63,"column":57}}],"line":63},"1":{"loc":{"start":{"line":67,"column":2},"end":{"line":67,"column":49}},"type":"if","locations":[{"start":{"line":67,"column":2},"end":{"line":67,"column":49}},{"start":{},"end":{}}],"line":67},"2":{"loc":{"start":{"line":67,"column":6},"end":{"line":67,"column":38}},"type":"binary-expr","locations":[{"start":{"line":67,"column":6},"end":{"line":67,"column":21}},{"start":{"line":67,"column":25},"end":{"line":67,"column":38}}],"line":67},"3":{"loc":{"start":{"line":73,"column":2},"end":{"line":73,"column":38}},"type":"if","locations":[{"start":{"line":73,"column":2},"end":{"line":73,"column":38}},{"start":{},"end":{}}],"line":73},"4":{"loc":{"start":{"line":74,"column":33},"end":{"line":74,"column":81}},"type":"cond-expr","locations":[{"start":{"line":74,"column":53},"end":{"line":74,"column":77}},{"start":{"line":74,"column":80},"end":{"line":74,"column":81}}],"line":74},"5":{"loc":{"start":{"line":81,"column":2},"end":{"line":87,"column":3}},"type":"if","locations":[{"start":{"line":81,"column":2},"end":{"line":87,"column":3}},{"start":{"line":83,"column":9},"end":{"line":87,"column":3}}],"line":81},"6":{"loc":{"start":{"line":83,"column":9},"end":{"line":87,"column":3}},"type":"if","locations":[{"start":{"line":83,"column":9},"end":{"line":87,"column":3}},{"start":{"line":85,"column":9},"end":{"line":87,"column":3}}],"line":83},"7":{"loc":{"start":{"line":83,"column":13},"end":{"line":83,"column":57}},"type":"binary-expr","locations":[{"start":{"line":83,"column":13},"end":{"line":83,"column":34}},{"start":{"line":83,"column":38},"end":{"line":83,"column":57}}],"line":83},"8":{"loc":{"start":{"line":85,"column":9},"end":{"line":87,"column":3}},"type":"if","locations":[{"start":{"line":85,"column":9},"end":{"line":87,"column":3}},{"start":{},"end":{}}],"line":85}},"s":{"0":10,"1":10,"2":10,"3":9,"4":10,"5":9,"6":2,"7":7,"8":7,"9":10,"10":9,"11":2,"12":7,"13":10,"14":10,"15":3,"16":3,"17":1,"18":2,"19":1,"20":1,"21":1,"22":10},"f":{"0":9,"1":9,"2":9,"3":3},"b":{"0":[7,2],"1":[2,7],"2":[9,7],"3":[2,7],"4":[7,0],"5":[1,2],"6":[1,1],"7":[2,2],"8":[1,0]},"_coverageSchema":"1a1c01bbd47fc00a2c39e90264f33305004495a9","hash":"9b9afa4b0099d9a6935a35bec802ecc3315ef9dd"}
,"H:\\fullstack\\travel-together\\backend\\src\\models\\User.js": {"path":"H:\\fullstack\\travel-together\\backend\\src\\models\\User.js","statementMap":{"0":{"start":{"line":1,"column":17},"end":{"line":1,"column":36}},"1":{"start":{"line":2,"column":15},"end":{"line":2,"column":34}},"2":{"start":{"line":4,"column":19},"end":{"line":138,"column":1}},"3":{"start":{"line":70,"column":12},"end":{"line":72,"column":13}},"4":{"start":{"line":71,"column":14},"end":{"line":71,"column":26}},"5":{"start":{"line":74,"column":12},"end":{"line":76,"column":13}},"6":{"start":{"line":75,"column":14},"end":{"line":75,"column":27}},"7":{"start":{"line":78,"column":12},"end":{"line":82,"column":14}},"8":{"start":{"line":79,"column":14},"end":{"line":81,"column":15}},"9":{"start":{"line":80,"column":23},"end":{"line":80,"column":64}},"10":{"start":{"line":140,"column":0},"end":{"line":142,"column":47}},"11":{"start":{"line":141,"column":2},"end":{"line":141,"column":32}},"12":{"start":{"line":144,"column":0},"end":{"line":148,"column":2}},"13":{"start":{"line":145,"column":15},"end":{"line":145,"column":30}},"14":{"start":{"line":146,"column":2},"end":{"line":146,"column":23}},"15":{"start":{"line":147,"column":2},"end":{"line":147,"column":14}},"16":{"start":{"line":150,"column":0},"end":{"line":152,"column":2}},"17":{"start":{"line":151,"column":2},"end":{"line":151,"column":64}},"18":{"start":{"line":155,"column":0},"end":{"line":162,"column":3}},"19":{"start":{"line":156,"column":2},"end":{"line":156,"column":50}},"20":{"start":{"line":156,"column":36},"end":{"line":156,"column":50}},"21":{"start":{"line":159,"column":15},"end":{"line":159,"column":39}},"22":{"start":{"line":160,"column":2},"end":{"line":160,"column":57}},"23":{"start":{"line":161,"column":2},"end":{"line":161,"column":9}},"24":{"start":{"line":163,"column":0},"end":{"line":163,"column":52}}},"fnMap":{"0":{"name":"(anonymous_0)","decl":{"start":{"line":69,"column":21},"end":{"line":69,"column":22}},"loc":{"start":{"line":69,"column":43},"end":{"line":83,"column":11}},"line":69},"1":{"name":"(anonymous_1)","decl":{"start":{"line":78,"column":36},"end":{"line":78,"column":37}},"loc":{"start":{"line":79,"column":14},"end":{"line":81,"column":15}},"line":79},"2":{"name":"(anonymous_2)","decl":{"start":{"line":80,"column":16},"end":{"line":80,"column":17}},"loc":{"start":{"line":80,"column":23},"end":{"line":80,"column":64}},"line":80},"3":{"name":"(anonymous_3)","decl":{"start":{"line":140,"column":39},"end":{"line":140,"column":40}},"loc":{"start":{"line":140,"column":61},"end":{"line":142,"column":1}},"line":140},"4":{"name":"(anonymous_4)","decl":{"start":{"line":144,"column":28},"end":{"line":144,"column":29}},"loc":{"start":{"line":144,"column":40},"end":{"line":148,"column":1}},"line":144},"5":{"name":"(anonymous_5)","decl":{"start":{"line":150,"column":37},"end":{"line":150,"column":38}},"loc":{"start":{"line":150,"column":72},"end":{"line":152,"column":1}},"line":150},"6":{"name":"(anonymous_6)","decl":{"start":{"line":155,"column":23},"end":{"line":155,"column":24}},"loc":{"start":{"line":155,"column":45},"end":{"line":162,"column":1}},"line":155}},"branchMap":{"0":{"loc":{"start":{"line":70,"column":12},"end":{"line":72,"column":13}},"type":"if","locations":[{"start":{"line":70,"column":12},"end":{"line":72,"column":13}},{"start":{},"end":{}}],"line":70},"1":{"loc":{"start":{"line":70,"column":16},"end":{"line":70,"column":69}},"type":"binary-expr","locations":[{"start":{"line":70,"column":16},"end":{"line":70,"column":42}},{"start":{"line":70,"column":46},"end":{"line":70,"column":69}}],"line":70},"2":{"loc":{"start":{"line":74,"column":12},"end":{"line":76,"column":13}},"type":"if","locations":[{"start":{"line":74,"column":12},"end":{"line":76,"column":13}},{"start":{},"end":{}}],"line":74},"3":{"loc":{"start":{"line":156,"column":2},"end":{"line":156,"column":50}},"type":"if","locations":[{"start":{"line":156,"column":2},"end":{"line":156,"column":50}},{"start":{},"end":{}}],"line":156}},"s":{"0":12,"1":12,"2":12,"3":8,"4":8,"5":0,"6":0,"7":0,"8":0,"9":0,"10":12,"11":125,"12":12,"13":16,"14":16,"15":16,"16":12,"17":4,"18":12,"19":122,"20":0,"21":122,"22":122,"23":122,"24":12},"f":{"0":8,"1":0,"2":0,"3":125,"4":16,"5":4,"6":122},"b":{"0":[8,0],"1":[8,0],"2":[0,0],"3":[0,122]},"_coverageSchema":"1a1c01bbd47fc00a2c39e90264f33305004495a9","hash":"ee7159efb990ef1706815e063a83fe362cbef988"}
,"H:\\fullstack\\travel-together\\backend\\src\\routes\\admin.js": {"path":"H:\\fullstack\\travel-together\\backend\\src\\routes\\admin.js","statementMap":{"0":{"start":{"line":8,"column":16},"end":{"line":8,"column":34}},"1":{"start":{"line":9,"column":15},"end":{"line":9,"column":31}},"2":{"start":{"line":10,"column":13},"end":{"line":10,"column":38}},"3":{"start":{"line":11,"column":18},"end":{"line":11,"column":52}},"4":{"start":{"line":12,"column":18},"end":{"line":12,"column":50}},"5":{"start":{"line":14,"column":0},"end":{"line":14,"column":37}},"6":{"start":{"line":57,"column":0},"end":{"line":89,"column":3}},"7":{"start":{"line":58,"column":2},"end":{"line":88,"column":3}},"8":{"start":{"line":59,"column":51},"end":{"line":59,"column":60}},"9":{"start":{"line":60,"column":19},"end":{"line":60,"column":21}},"10":{"start":{"line":61,"column":4},"end":{"line":61,"column":33}},"11":{"start":{"line":61,"column":14},"end":{"line":61,"column":33}},"12":{"start":{"line":62,"column":4},"end":{"line":68,"column":5}},"13":{"start":{"line":63,"column":6},"end":{"line":67,"column":8}},"14":{"start":{"line":69,"column":18},"end":{"line":73,"column":30}},"15":{"start":{"line":74,"column":18},"end":{"line":74,"column":51}},"16":{"start":{"line":75,"column":4},"end":{"line":83,"column":7}},"17":{"start":{"line":85,"column":4},"end":{"line":87,"column":73}},"18":{"start":{"line":132,"column":0},"end":{"line":151,"column":3}},"19":{"start":{"line":133,"column":2},"end":{"line":150,"column":3}},"20":{"start":{"line":134,"column":21},"end":{"line":134,"column":29}},"21":{"start":{"line":135,"column":4},"end":{"line":137,"column":5}},"22":{"start":{"line":136,"column":6},"end":{"line":136,"column":80}},"23":{"start":{"line":138,"column":17},"end":{"line":142,"column":25}},"24":{"start":{"line":143,"column":4},"end":{"line":146,"column":67}},"25":{"start":{"line":144,"column":6},"end":{"line":146,"column":67}},"26":{"start":{"line":147,"column":4},"end":{"line":147,"column":38}},"27":{"start":{"line":149,"column":4},"end":{"line":149,"column":78}},"28":{"start":{"line":153,"column":0},"end":{"line":153,"column":24}}},"fnMap":{"0":{"name":"(anonymous_0)","decl":{"start":{"line":57,"column":21},"end":{"line":57,"column":22}},"loc":{"start":{"line":57,"column":41},"end":{"line":89,"column":1}},"line":57},"1":{"name":"(anonymous_1)","decl":{"start":{"line":132,"column":30},"end":{"line":132,"column":31}},"loc":{"start":{"line":132,"column":50},"end":{"line":151,"column":1}},"line":132}},"branchMap":{"0":{"loc":{"start":{"line":59,"column":12},"end":{"line":59,"column":20}},"type":"default-arg","locations":[{"start":{"line":59,"column":19},"end":{"line":59,"column":20}}],"line":59},"1":{"loc":{"start":{"line":59,"column":22},"end":{"line":59,"column":32}},"type":"default-arg","locations":[{"start":{"line":59,"column":30},"end":{"line":59,"column":32}}],"line":59},"2":{"loc":{"start":{"line":61,"column":4},"end":{"line":61,"column":33}},"type":"if","locations":[{"start":{"line":61,"column":4},"end":{"line":61,"column":33}},{"start":{},"end":{}}],"line":61},"3":{"loc":{"start":{"line":62,"column":4},"end":{"line":68,"column":5}},"type":"if","locations":[{"start":{"line":62,"column":4},"end":{"line":68,"column":5}},{"start":{},"end":{}}],"line":62},"4":{"loc":{"start":{"line":135,"column":4},"end":{"line":137,"column":5}},"type":"if","locations":[{"start":{"line":135,"column":4},"end":{"line":137,"column":5}},{"start":{},"end":{}}],"line":135},"5":{"loc":{"start":{"line":143,"column":4},"end":{"line":146,"column":67}},"type":"if","locations":[{"start":{"line":143,"column":4},"end":{"line":146,"column":67}},{"start":{},"end":{}}],"line":143}},"s":{"0":7,"1":7,"2":7,"3":7,"4":7,"5":7,"6":7,"7":1,"8":1,"9":1,"10":1,"11":0,"12":1,"13":0,"14":1,"15":1,"16":1,"17":0,"18":7,"19":1,"20":1,"21":1,"22":0,"23":1,"24":1,"25":0,"26":1,"27":0,"28":7},"f":{"0":1,"1":1},"b":{"0":[1],"1":[1],"2":[0,1],"3":[0,1],"4":[0,1],"5":[0,1]},"_coverageSchema":"1a1c01bbd47fc00a2c39e90264f33305004495a9","hash":"99ddb5204b7f5985ceb053e80a9835f948175e99"}
,"H:\\fullstack\\travel-together\\backend\\src\\routes\\application.js": {"path":"H:\\fullstack\\travel-together\\backend\\src\\routes\\application.js","statementMap":{"0":{"start":{"line":43,"column":16},"end":{"line":43,"column":34}},"1":{"start":{"line":44,"column":15},"end":{"line":44,"column":31}},"2":{"start":{"line":45,"column":20},"end":{"line":45,"column":52}},"3":{"start":{"line":46,"column":13},"end":{"line":46,"column":38}},"4":{"start":{"line":47,"column":13},"end":{"line":47,"column":38}},"5":{"start":{"line":48,"column":13},"end":{"line":48,"column":48}},"6":{"start":{"line":49,"column":24},"end":{"line":49,"column":64}},"7":{"start":{"line":50,"column":18},"end":{"line":50,"column":50}},"8":{"start":{"line":84,"column":0},"end":{"line":175,"column":2}},"9":{"start":{"line":89,"column":4},"end":{"line":173,"column":5}},"10":{"start":{"line":90,"column":34},"end":{"line":90,"column":42}},"11":{"start":{"line":91,"column":21},"end":{"line":91,"column":33}},"12":{"start":{"line":93,"column":6},"end":{"line":93,"column":78}},"13":{"start":{"line":95,"column":19},"end":{"line":95,"column":53}},"14":{"start":{"line":96,"column":6},"end":{"line":102,"column":7}},"15":{"start":{"line":97,"column":8},"end":{"line":97,"column":47}},"16":{"start":{"line":98,"column":8},"end":{"line":101,"column":11}},"17":{"start":{"line":104,"column":6},"end":{"line":110,"column":7}},"18":{"start":{"line":105,"column":8},"end":{"line":105,"column":50}},"19":{"start":{"line":106,"column":8},"end":{"line":109,"column":11}},"20":{"start":{"line":112,"column":6},"end":{"line":121,"column":7}},"21":{"start":{"line":114,"column":38},"end":{"line":114,"column":72}},"22":{"start":{"line":116,"column":8},"end":{"line":116,"column":57}},"23":{"start":{"line":117,"column":8},"end":{"line":120,"column":11}},"24":{"start":{"line":123,"column":34},"end":{"line":126,"column":8}},"25":{"start":{"line":128,"column":6},"end":{"line":134,"column":7}},"26":{"start":{"line":129,"column":8},"end":{"line":129,"column":76}},"27":{"start":{"line":130,"column":8},"end":{"line":133,"column":11}},"28":{"start":{"line":136,"column":26},"end":{"line":140,"column":8}},"29":{"start":{"line":142,"column":31},"end":{"line":142,"column":55}},"30":{"start":{"line":144,"column":6},"end":{"line":154,"column":9}},"31":{"start":{"line":156,"column":6},"end":{"line":156,"column":56}},"32":{"start":{"line":157,"column":6},"end":{"line":162,"column":7}},"33":{"start":{"line":158,"column":8},"end":{"line":161,"column":11}},"34":{"start":{"line":163,"column":6},"end":{"line":168,"column":7}},"35":{"start":{"line":164,"column":8},"end":{"line":167,"column":11}},"36":{"start":{"line":169,"column":6},"end":{"line":172,"column":9}},"37":{"start":{"line":205,"column":0},"end":{"line":272,"column":2}},"38":{"start":{"line":210,"column":4},"end":{"line":270,"column":5}},"39":{"start":{"line":211,"column":28},"end":{"line":211,"column":41}},"40":{"start":{"line":214,"column":8},"end":{"line":214,"column":68}},"41":{"start":{"line":216,"column":6},"end":{"line":221,"column":7}},"42":{"start":{"line":217,"column":8},"end":{"line":220,"column":11}},"43":{"start":{"line":223,"column":6},"end":{"line":228,"column":7}},"44":{"start":{"line":224,"column":8},"end":{"line":227,"column":11}},"45":{"start":{"line":230,"column":6},"end":{"line":235,"column":7}},"46":{"start":{"line":231,"column":8},"end":{"line":234,"column":11}},"47":{"start":{"line":237,"column":19},"end":{"line":237,"column":37}},"48":{"start":{"line":238,"column":6},"end":{"line":243,"column":7}},"49":{"start":{"line":239,"column":8},"end":{"line":242,"column":11}},"50":{"start":{"line":245,"column":6},"end":{"line":245,"column":38}},"51":{"start":{"line":246,"column":6},"end":{"line":246,"column":31}},"52":{"start":{"line":248,"column":6},"end":{"line":248,"column":49}},"53":{"start":{"line":249,"column":6},"end":{"line":249,"column":24}},"54":{"start":{"line":251,"column":6},"end":{"line":254,"column":9}},"55":{"start":{"line":256,"column":33},"end":{"line":258,"column":48}},"56":{"start":{"line":260,"column":6},"end":{"line":264,"column":9}},"57":{"start":{"line":266,"column":6},"end":{"line":268,"column":7}},"58":{"start":{"line":267,"column":8},"end":{"line":267,"column":77}},"59":{"start":{"line":269,"column":6},"end":{"line":269,"column":70}},"60":{"start":{"line":300,"column":0},"end":{"line":351,"column":2}},"61":{"start":{"line":305,"column":4},"end":{"line":349,"column":5}},"62":{"start":{"line":306,"column":28},"end":{"line":306,"column":41}},"63":{"start":{"line":309,"column":8},"end":{"line":309,"column":68}},"64":{"start":{"line":311,"column":6},"end":{"line":316,"column":7}},"65":{"start":{"line":312,"column":8},"end":{"line":315,"column":11}},"66":{"start":{"line":318,"column":6},"end":{"line":323,"column":7}},"67":{"start":{"line":319,"column":8},"end":{"line":322,"column":11}},"68":{"start":{"line":325,"column":6},"end":{"line":330,"column":7}},"69":{"start":{"line":326,"column":8},"end":{"line":329,"column":11}},"70":{"start":{"line":332,"column":6},"end":{"line":332,"column":38}},"71":{"start":{"line":333,"column":6},"end":{"line":333,"column":31}},"72":{"start":{"line":335,"column":33},"end":{"line":337,"column":48}},"73":{"start":{"line":339,"column":6},"end":{"line":343,"column":9}},"74":{"start":{"line":345,"column":6},"end":{"line":347,"column":7}},"75":{"start":{"line":346,"column":8},"end":{"line":346,"column":77}},"76":{"start":{"line":348,"column":6},"end":{"line":348,"column":70}},"77":{"start":{"line":368,"column":0},"end":{"line":394,"column":2}},"78":{"start":{"line":373,"column":4},"end":{"line":392,"column":5}},"79":{"start":{"line":374,"column":27},"end":{"line":383,"column":32}},"80":{"start":{"line":385,"column":6},"end":{"line":388,"column":9}},"81":{"start":{"line":390,"column":6},"end":{"line":390,"column":62}},"82":{"start":{"line":391,"column":6},"end":{"line":391,"column":70}},"83":{"start":{"line":411,"column":0},"end":{"line":443,"column":2}},"84":{"start":{"line":416,"column":4},"end":{"line":441,"column":5}},"85":{"start":{"line":417,"column":22},"end":{"line":417,"column":66}},"86":{"start":{"line":418,"column":22},"end":{"line":418,"column":53}},"87":{"start":{"line":418,"column":44},"end":{"line":418,"column":52}},"88":{"start":{"line":420,"column":27},"end":{"line":432,"column":32}},"89":{"start":{"line":434,"column":6},"end":{"line":437,"column":9}},"90":{"start":{"line":439,"column":6},"end":{"line":439,"column":71}},"91":{"start":{"line":440,"column":6},"end":{"line":440,"column":70}},"92":{"start":{"line":467,"column":0},"end":{"line":491,"column":3}},"93":{"start":{"line":468,"column":2},"end":{"line":490,"column":3}},"94":{"start":{"line":469,"column":23},"end":{"line":469,"column":33}},"95":{"start":{"line":470,"column":19},"end":{"line":470,"column":31}},"96":{"start":{"line":471,"column":24},"end":{"line":474,"column":13}},"97":{"start":{"line":476,"column":4},"end":{"line":481,"column":5}},"98":{"start":{"line":477,"column":6},"end":{"line":480,"column":9}},"99":{"start":{"line":483,"column":4},"end":{"line":486,"column":7}},"100":{"start":{"line":488,"column":4},"end":{"line":488,"column":56}},"101":{"start":{"line":489,"column":4},"end":{"line":489,"column":68}},"102":{"start":{"line":494,"column":0},"end":{"line":535,"column":2}},"103":{"start":{"line":499,"column":4},"end":{"line":533,"column":5}},"104":{"start":{"line":500,"column":26},"end":{"line":502,"column":7}},"105":{"start":{"line":503,"column":6},"end":{"line":507,"column":7}},"106":{"start":{"line":504,"column":8},"end":{"line":506,"column":64}},"107":{"start":{"line":509,"column":21},"end":{"line":509,"column":44}},"108":{"start":{"line":510,"column":22},"end":{"line":510,"column":62}},"109":{"start":{"line":512,"column":8},"end":{"line":513,"column":58}},"110":{"start":{"line":514,"column":22},"end":{"line":514,"column":51}},"111":{"start":{"line":516,"column":6},"end":{"line":520,"column":7}},"112":{"start":{"line":517,"column":8},"end":{"line":519,"column":74}},"113":{"start":{"line":522,"column":6},"end":{"line":527,"column":7}},"114":{"start":{"line":523,"column":8},"end":{"line":526,"column":11}},"115":{"start":{"line":529,"column":6},"end":{"line":529,"column":36}},"116":{"start":{"line":530,"column":6},"end":{"line":530,"column":61}},"117":{"start":{"line":532,"column":6},"end":{"line":532,"column":70}},"118":{"start":{"line":536,"column":0},"end":{"line":536,"column":24}}},"fnMap":{"0":{"name":"(anonymous_0)","decl":{"start":{"line":88,"column":2},"end":{"line":88,"column":3}},"loc":{"start":{"line":88,"column":22},"end":{"line":174,"column":3}},"line":88},"1":{"name":"(anonymous_1)","decl":{"start":{"line":114,"column":31},"end":{"line":114,"column":32}},"loc":{"start":{"line":114,"column":38},"end":{"line":114,"column":72}},"line":114},"2":{"name":"(anonymous_2)","decl":{"start":{"line":209,"column":2},"end":{"line":209,"column":3}},"loc":{"start":{"line":209,"column":22},"end":{"line":271,"column":3}},"line":209},"3":{"name":"(anonymous_3)","decl":{"start":{"line":304,"column":2},"end":{"line":304,"column":3}},"loc":{"start":{"line":304,"column":22},"end":{"line":350,"column":3}},"line":304},"4":{"name":"(anonymous_4)","decl":{"start":{"line":372,"column":2},"end":{"line":372,"column":3}},"loc":{"start":{"line":372,"column":22},"end":{"line":393,"column":3}},"line":372},"5":{"name":"(anonymous_5)","decl":{"start":{"line":415,"column":2},"end":{"line":415,"column":3}},"loc":{"start":{"line":415,"column":22},"end":{"line":442,"column":3}},"line":415},"6":{"name":"(anonymous_6)","decl":{"start":{"line":418,"column":34},"end":{"line":418,"column":35}},"loc":{"start":{"line":418,"column":44},"end":{"line":418,"column":52}},"line":418},"7":{"name":"(anonymous_7)","decl":{"start":{"line":467,"column":35},"end":{"line":467,"column":36}},"loc":{"start":{"line":467,"column":55},"end":{"line":491,"column":1}},"line":467},"8":{"name":"(anonymous_8)","decl":{"start":{"line":498,"column":2},"end":{"line":498,"column":3}},"loc":{"start":{"line":498,"column":22},"end":{"line":534,"column":3}},"line":498}},"branchMap":{"0":{"loc":{"start":{"line":96,"column":6},"end":{"line":102,"column":7}},"type":"if","locations":[{"start":{"line":96,"column":6},"end":{"line":102,"column":7}},{"start":{},"end":{}}],"line":96},"1":{"loc":{"start":{"line":104,"column":6},"end":{"line":110,"column":7}},"type":"if","locations":[{"start":{"line":104,"column":6},"end":{"line":110,"column":7}},{"start":{},"end":{}}],"line":104},"2":{"loc":{"start":{"line":112,"column":6},"end":{"line":121,"column":7}},"type":"if","locations":[{"start":{"line":112,"column":6},"end":{"line":121,"column":7}},{"start":{},"end":{}}],"line":112},"3":{"loc":{"start":{"line":113,"column":8},"end":{"line":114,"column":73}},"type":"binary-expr","locations":[{"start":{"line":113,"column":8},"end":{"line":113,"column":25}},{"start":{"line":114,"column":8},"end":{"line":114,"column":73}}],"line":113},"4":{"loc":{"start":{"line":128,"column":6},"end":{"line":134,"column":7}},"type":"if","locations":[{"start":{"line":128,"column":6},"end":{"line":134,"column":7}},{"start":{},"end":{}}],"line":128},"5":{"loc":{"start":{"line":139,"column":17},"end":{"line":139,"column":30}},"type":"binary-expr","locations":[{"start":{"line":139,"column":17},"end":{"line":139,"column":24}},{"start":{"line":139,"column":28},"end":{"line":139,"column":30}}],"line":139},"6":{"loc":{"start":{"line":157,"column":6},"end":{"line":162,"column":7}},"type":"if","locations":[{"start":{"line":157,"column":6},"end":{"line":162,"column":7}},{"start":{},"end":{}}],"line":157},"7":{"loc":{"start":{"line":163,"column":6},"end":{"line":168,"column":7}},"type":"if","locations":[{"start":{"line":163,"column":6},"end":{"line":168,"column":7}},{"start":{},"end":{}}],"line":163},"8":{"loc":{"start":{"line":216,"column":6},"end":{"line":221,"column":7}},"type":"if","locations":[{"start":{"line":216,"column":6},"end":{"line":221,"column":7}},{"start":{},"end":{}}],"line":216},"9":{"loc":{"start":{"line":223,"column":6},"end":{"line":228,"column":7}},"type":"if","locations":[{"start":{"line":223,"column":6},"end":{"line":228,"column":7}},{"start":{},"end":{}}],"line":223},"10":{"loc":{"start":{"line":230,"column":6},"end":{"line":235,"column":7}},"type":"if","locations":[{"start":{"line":230,"column":6},"end":{"line":235,"column":7}},{"start":{},"end":{}}],"line":230},"11":{"loc":{"start":{"line":238,"column":6},"end":{"line":243,"column":7}},"type":"if","locations":[{"start":{"line":238,"column":6},"end":{"line":243,"column":7}},{"start":{},"end":{}}],"line":238},"12":{"loc":{"start":{"line":266,"column":6},"end":{"line":268,"column":7}},"type":"if","locations":[{"start":{"line":266,"column":6},"end":{"line":268,"column":7}},{"start":{},"end":{}}],"line":266},"13":{"loc":{"start":{"line":311,"column":6},"end":{"line":316,"column":7}},"type":"if","locations":[{"start":{"line":311,"column":6},"end":{"line":316,"column":7}},{"start":{},"end":{}}],"line":311},"14":{"loc":{"start":{"line":318,"column":6},"end":{"line":323,"column":7}},"type":"if","locations":[{"start":{"line":318,"column":6},"end":{"line":323,"column":7}},{"start":{},"end":{}}],"line":318},"15":{"loc":{"start":{"line":325,"column":6},"end":{"line":330,"column":7}},"type":"if","locations":[{"start":{"line":325,"column":6},"end":{"line":330,"column":7}},{"start":{},"end":{}}],"line":325},"16":{"loc":{"start":{"line":345,"column":6},"end":{"line":347,"column":7}},"type":"if","locations":[{"start":{"line":345,"column":6},"end":{"line":347,"column":7}},{"start":{},"end":{}}],"line":345},"17":{"loc":{"start":{"line":476,"column":4},"end":{"line":481,"column":5}},"type":"if","locations":[{"start":{"line":476,"column":4},"end":{"line":481,"column":5}},{"start":{},"end":{}}],"line":476},"18":{"loc":{"start":{"line":503,"column":6},"end":{"line":507,"column":7}},"type":"if","locations":[{"start":{"line":503,"column":6},"end":{"line":507,"column":7}},{"start":{},"end":{}}],"line":503},"19":{"loc":{"start":{"line":512,"column":8},"end":{"line":513,"column":58}},"type":"binary-expr","locations":[{"start":{"line":512,"column":8},"end":{"line":512,"column":26}},{"start":{"line":513,"column":8},"end":{"line":513,"column":58}}],"line":512},"20":{"loc":{"start":{"line":516,"column":6},"end":{"line":520,"column":7}},"type":"if","locations":[{"start":{"line":516,"column":6},"end":{"line":520,"column":7}},{"start":{},"end":{}}],"line":516},"21":{"loc":{"start":{"line":516,"column":10},"end":{"line":516,"column":46}},"type":"binary-expr","locations":[{"start":{"line":516,"column":10},"end":{"line":516,"column":18}},{"start":{"line":516,"column":22},"end":{"line":516,"column":34}},{"start":{"line":516,"column":38},"end":{"line":516,"column":46}}],"line":516},"22":{"loc":{"start":{"line":522,"column":6},"end":{"line":527,"column":7}},"type":"if","locations":[{"start":{"line":522,"column":6},"end":{"line":527,"column":7}},{"start":{},"end":{}}],"line":522}},"s":{"0":7,"1":7,"2":7,"3":7,"4":7,"5":7,"6":7,"7":7,"8":7,"9":6,"10":6,"11":6,"12":6,"13":6,"14":6,"15":1,"16":1,"17":5,"18":1,"19":1,"20":4,"21":0,"22":0,"23":0,"24":4,"25":4,"26":1,"27":1,"28":3,"29":3,"30":3,"31":0,"32":0,"33":0,"34":0,"35":0,"36":0,"37":7,"38":2,"39":2,"40":2,"41":2,"42":0,"43":2,"44":0,"45":2,"46":0,"47":2,"48":2,"49":0,"50":2,"51":2,"52":2,"53":2,"54":2,"55":2,"56":2,"57":0,"58":0,"59":0,"60":7,"61":0,"62":0,"63":0,"64":0,"65":0,"66":0,"67":0,"68":0,"69":0,"70":0,"71":0,"72":0,"73":0,"74":0,"75":0,"76":0,"77":7,"78":0,"79":0,"80":0,"81":0,"82":0,"83":7,"84":1,"85":1,"86":1,"87":1,"88":1,"89":1,"90":0,"91":0,"92":7,"93":2,"94":2,"95":2,"96":2,"97":2,"98":1,"99":1,"100":0,"101":0,"102":7,"103":4,"104":4,"105":4,"106":1,"107":3,"108":3,"109":3,"110":3,"111":3,"112":0,"113":3,"114":1,"115":2,"116":2,"117":0,"118":7},"f":{"0":6,"1":0,"2":2,"3":0,"4":0,"5":1,"6":1,"7":2,"8":4},"b":{"0":[1,5],"1":[1,4],"2":[0,4],"3":[4,4],"4":[1,3],"5":[3,1],"6":[0,0],"7":[0,0],"8":[0,2],"9":[0,2],"10":[0,2],"11":[0,2],"12":[0,0],"13":[0,0],"14":[0,0],"15":[0,0],"16":[0,0],"17":[1,1],"18":[1,3],"19":[3,3],"20":[0,3],"21":[3,1,0],"22":[1,2]},"_coverageSchema":"1a1c01bbd47fc00a2c39e90264f33305004495a9","hash":"12ec5fd1f46e7c5b3b8b576f38e6d3ad4f5d59f7"}
,"H:\\fullstack\\travel-together\\backend\\src\\routes\\auth.js": {"path":"H:\\fullstack\\travel-together\\backend\\src\\routes\\auth.js","statementMap":{"0":{"start":{"line":1,"column":16},"end":{"line":1,"column":34}},"1":{"start":{"line":2,"column":12},"end":{"line":2,"column":35}},"2":{"start":{"line":3,"column":13},"end":{"line":3,"column":38}},"3":{"start":{"line":4,"column":21},"end":{"line":4,"column":54}},"4":{"start":{"line":5,"column":19},"end":{"line":5,"column":54}},"5":{"start":{"line":6,"column":24},"end":{"line":6,"column":56}},"6":{"start":{"line":8,"column":15},"end":{"line":8,"column":31}},"7":{"start":{"line":10,"column":15},"end":{"line":10,"column":32}},"8":{"start":{"line":11,"column":15},"end":{"line":14,"column":2}},"9":{"start":{"line":15,"column":35},"end":{"line":15,"column":67}},"10":{"start":{"line":221,"column":28},"end":{"line":225,"column":1}},"11":{"start":{"line":222,"column":2},"end":{"line":224,"column":5}},"12":{"start":{"line":227,"column":29},"end":{"line":231,"column":1}},"13":{"start":{"line":228,"column":2},"end":{"line":230,"column":5}},"14":{"start":{"line":281,"column":0},"end":{"line":352,"column":3}},"15":{"start":{"line":282,"column":2},"end":{"line":351,"column":3}},"16":{"start":{"line":283,"column":53},"end":{"line":283,"column":61}},"17":{"start":{"line":285,"column":25},"end":{"line":285,"column":54}},"18":{"start":{"line":286,"column":4},"end":{"line":291,"column":5}},"19":{"start":{"line":287,"column":6},"end":{"line":290,"column":9}},"20":{"start":{"line":293,"column":17},"end":{"line":299,"column":6}},"21":{"start":{"line":301,"column":4},"end":{"line":301,"column":22}},"22":{"start":{"line":304,"column":24},"end":{"line":304,"column":53}},"23":{"start":{"line":305,"column":25},"end":{"line":305,"column":55}},"24":{"start":{"line":308,"column":32},"end":{"line":308,"column":42}},"25":{"start":{"line":309,"column":4},"end":{"line":309,"column":67}},"26":{"start":{"line":311,"column":4},"end":{"line":315,"column":7}},"27":{"start":{"line":317,"column":4},"end":{"line":328,"column":7}},"28":{"start":{"line":330,"column":4},"end":{"line":337,"column":5}},"29":{"start":{"line":331,"column":21},"end":{"line":331,"column":74}},"30":{"start":{"line":331,"column":62},"end":{"line":331,"column":73}},"31":{"start":{"line":332,"column":6},"end":{"line":336,"column":9}},"32":{"start":{"line":339,"column":4},"end":{"line":344,"column":5}},"33":{"start":{"line":340,"column":6},"end":{"line":343,"column":9}},"34":{"start":{"line":346,"column":4},"end":{"line":346,"column":48}},"35":{"start":{"line":347,"column":4},"end":{"line":350,"column":7}},"36":{"start":{"line":385,"column":0},"end":{"line":441,"column":3}},"37":{"start":{"line":386,"column":2},"end":{"line":440,"column":3}},"38":{"start":{"line":387,"column":32},"end":{"line":387,"column":40}},"39":{"start":{"line":389,"column":17},"end":{"line":389,"column":46}},"40":{"start":{"line":390,"column":4},"end":{"line":395,"column":5}},"41":{"start":{"line":391,"column":6},"end":{"line":394,"column":9}},"42":{"start":{"line":397,"column":28},"end":{"line":397,"column":64}},"43":{"start":{"line":398,"column":4},"end":{"line":403,"column":5}},"44":{"start":{"line":399,"column":6},"end":{"line":402,"column":9}},"45":{"start":{"line":406,"column":24},"end":{"line":406,"column":53}},"46":{"start":{"line":407,"column":25},"end":{"line":407,"column":55}},"47":{"start":{"line":410,"column":32},"end":{"line":410,"column":42}},"48":{"start":{"line":411,"column":4},"end":{"line":411,"column":67}},"49":{"start":{"line":413,"column":4},"end":{"line":417,"column":7}},"50":{"start":{"line":419,"column":4},"end":{"line":433,"column":7}},"51":{"start":{"line":435,"column":4},"end":{"line":435,"column":41}},"52":{"start":{"line":436,"column":4},"end":{"line":439,"column":7}},"53":{"start":{"line":475,"column":0},"end":{"line":548,"column":3}},"54":{"start":{"line":476,"column":2},"end":{"line":547,"column":3}},"55":{"start":{"line":477,"column":29},"end":{"line":477,"column":37}},"56":{"start":{"line":479,"column":4},"end":{"line":484,"column":5}},"57":{"start":{"line":480,"column":6},"end":{"line":483,"column":9}},"58":{"start":{"line":486,"column":20},"end":{"line":486,"column":76}},"59":{"start":{"line":488,"column":24},"end":{"line":491,"column":6}},"60":{"start":{"line":493,"column":4},"end":{"line":498,"column":5}},"61":{"start":{"line":494,"column":6},"end":{"line":497,"column":9}},"62":{"start":{"line":500,"column":4},"end":{"line":506,"column":5}},"63":{"start":{"line":501,"column":6},"end":{"line":501,"column":36}},"64":{"start":{"line":502,"column":6},"end":{"line":505,"column":9}},"65":{"start":{"line":508,"column":4},"end":{"line":508,"column":34}},"66":{"start":{"line":510,"column":27},"end":{"line":510,"column":62}},"67":{"start":{"line":511,"column":28},"end":{"line":511,"column":64}},"68":{"start":{"line":513,"column":32},"end":{"line":513,"column":42}},"69":{"start":{"line":514,"column":4},"end":{"line":514,"column":67}},"70":{"start":{"line":516,"column":4},"end":{"line":520,"column":7}},"71":{"start":{"line":522,"column":4},"end":{"line":526,"column":7}},"72":{"start":{"line":528,"column":4},"end":{"line":533,"column":5}},"73":{"start":{"line":529,"column":6},"end":{"line":532,"column":9}},"74":{"start":{"line":535,"column":4},"end":{"line":540,"column":5}},"75":{"start":{"line":536,"column":6},"end":{"line":539,"column":9}},"76":{"start":{"line":542,"column":4},"end":{"line":542,"column":49}},"77":{"start":{"line":543,"column":4},"end":{"line":546,"column":7}},"78":{"start":{"line":587,"column":0},"end":{"line":612,"column":3}},"79":{"start":{"line":588,"column":2},"end":{"line":611,"column":3}},"80":{"start":{"line":589,"column":29},"end":{"line":589,"column":37}},"81":{"start":{"line":591,"column":4},"end":{"line":596,"column":5}},"82":{"start":{"line":592,"column":6},"end":{"line":595,"column":9}},"83":{"start":{"line":599,"column":4},"end":{"line":599,"column":58}},"84":{"start":{"line":601,"column":4},"end":{"line":604,"column":7}},"85":{"start":{"line":606,"column":4},"end":{"line":606,"column":42}},"86":{"start":{"line":607,"column":4},"end":{"line":610,"column":7}},"87":{"start":{"line":641,"column":0},"end":{"line":659,"column":3}},"88":{"start":{"line":642,"column":2},"end":{"line":658,"column":3}},"89":{"start":{"line":643,"column":17},"end":{"line":646,"column":30}},"90":{"start":{"line":648,"column":4},"end":{"line":651,"column":7}},"91":{"start":{"line":653,"column":4},"end":{"line":653,"column":42}},"92":{"start":{"line":654,"column":4},"end":{"line":657,"column":7}},"93":{"start":{"line":706,"column":0},"end":{"line":763,"column":3}},"94":{"start":{"line":707,"column":2},"end":{"line":762,"column":3}},"95":{"start":{"line":718,"column":8},"end":{"line":718,"column":16}},"96":{"start":{"line":720,"column":23},"end":{"line":730,"column":5}},"97":{"start":{"line":732,"column":4},"end":{"line":736,"column":7}},"98":{"start":{"line":733,"column":6},"end":{"line":735,"column":7}},"99":{"start":{"line":734,"column":8},"end":{"line":734,"column":31}},"100":{"start":{"line":738,"column":17},"end":{"line":744,"column":30}},"101":{"start":{"line":746,"column":4},"end":{"line":749,"column":7}},"102":{"start":{"line":751,"column":4},"end":{"line":756,"column":5}},"103":{"start":{"line":752,"column":6},"end":{"line":755,"column":9}},"104":{"start":{"line":757,"column":4},"end":{"line":757,"column":50}},"105":{"start":{"line":758,"column":4},"end":{"line":761,"column":7}},"106":{"start":{"line":793,"column":0},"end":{"line":799,"column":3}},"107":{"start":{"line":794,"column":15},"end":{"line":794,"column":28}},"108":{"start":{"line":795,"column":26},"end":{"line":797,"column":38}},"109":{"start":{"line":796,"column":28},"end":{"line":796,"column":48}},"110":{"start":{"line":797,"column":27},"end":{"line":797,"column":37}},"111":{"start":{"line":798,"column":2},"end":{"line":798,"column":60}},"112":{"start":{"line":802,"column":0},"end":{"line":832,"column":2}},"113":{"start":{"line":807,"column":4},"end":{"line":830,"column":5}},"114":{"start":{"line":808,"column":6},"end":{"line":812,"column":7}},"115":{"start":{"line":809,"column":8},"end":{"line":811,"column":63}},"116":{"start":{"line":814,"column":22},"end":{"line":818,"column":7}},"117":{"start":{"line":820,"column":6},"end":{"line":820,"column":73}},"118":{"start":{"line":822,"column":24},"end":{"line":822,"column":49}},"119":{"start":{"line":824,"column":6},"end":{"line":824,"column":45}},"120":{"start":{"line":826,"column":6},"end":{"line":826,"column":51}},"121":{"start":{"line":827,"column":6},"end":{"line":829,"column":68}},"122":{"start":{"line":835,"column":0},"end":{"line":847,"column":3}},"123":{"start":{"line":836,"column":2},"end":{"line":846,"column":3}},"124":{"start":{"line":837,"column":17},"end":{"line":837,"column":70}},"125":{"start":{"line":838,"column":4},"end":{"line":840,"column":5}},"126":{"start":{"line":839,"column":6},"end":{"line":839,"column":58}},"127":{"start":{"line":841,"column":22},"end":{"line":841,"column":54}},"128":{"start":{"line":842,"column":4},"end":{"line":842,"column":43}},"129":{"start":{"line":844,"column":4},"end":{"line":844,"column":46}},"130":{"start":{"line":845,"column":4},"end":{"line":845,"column":80}},"131":{"start":{"line":849,"column":0},"end":{"line":849,"column":24}}},"fnMap":{"0":{"name":"(anonymous_0)","decl":{"start":{"line":221,"column":28},"end":{"line":221,"column":29}},"loc":{"start":{"line":221,"column":40},"end":{"line":225,"column":1}},"line":221},"1":{"name":"(anonymous_1)","decl":{"start":{"line":227,"column":29},"end":{"line":227,"column":30}},"loc":{"start":{"line":227,"column":41},"end":{"line":231,"column":1}},"line":227},"2":{"name":"(anonymous_2)","decl":{"start":{"line":281,"column":25},"end":{"line":281,"column":26}},"loc":{"start":{"line":281,"column":45},"end":{"line":352,"column":1}},"line":281},"3":{"name":"(anonymous_3)","decl":{"start":{"line":331,"column":53},"end":{"line":331,"column":54}},"loc":{"start":{"line":331,"column":62},"end":{"line":331,"column":73}},"line":331},"4":{"name":"(anonymous_4)","decl":{"start":{"line":385,"column":22},"end":{"line":385,"column":23}},"loc":{"start":{"line":385,"column":42},"end":{"line":441,"column":1}},"line":385},"5":{"name":"(anonymous_5)","decl":{"start":{"line":475,"column":24},"end":{"line":475,"column":25}},"loc":{"start":{"line":475,"column":44},"end":{"line":548,"column":1}},"line":475},"6":{"name":"(anonymous_6)","decl":{"start":{"line":587,"column":23},"end":{"line":587,"column":24}},"loc":{"start":{"line":587,"column":43},"end":{"line":612,"column":1}},"line":587},"7":{"name":"(anonymous_7)","decl":{"start":{"line":641,"column":30},"end":{"line":641,"column":31}},"loc":{"start":{"line":641,"column":50},"end":{"line":659,"column":1}},"line":641},"8":{"name":"(anonymous_8)","decl":{"start":{"line":706,"column":42},"end":{"line":706,"column":43}},"loc":{"start":{"line":706,"column":62},"end":{"line":763,"column":1}},"line":706},"9":{"name":"(anonymous_9)","decl":{"start":{"line":732,"column":36},"end":{"line":732,"column":37}},"loc":{"start":{"line":732,"column":45},"end":{"line":736,"column":5}},"line":732},"10":{"name":"(anonymous_10)","decl":{"start":{"line":793,"column":39},"end":{"line":793,"column":40}},"loc":{"start":{"line":793,"column":59},"end":{"line":799,"column":1}},"line":793},"11":{"name":"(anonymous_11)","decl":{"start":{"line":796,"column":12},"end":{"line":796,"column":13}},"loc":{"start":{"line":796,"column":28},"end":{"line":796,"column":48}},"line":796},"12":{"name":"(anonymous_12)","decl":{"start":{"line":797,"column":9},"end":{"line":797,"column":10}},"loc":{"start":{"line":797,"column":27},"end":{"line":797,"column":37}},"line":797},"13":{"name":"(anonymous_13)","decl":{"start":{"line":806,"column":2},"end":{"line":806,"column":3}},"loc":{"start":{"line":806,"column":22},"end":{"line":831,"column":3}},"line":806},"14":{"name":"(anonymous_14)","decl":{"start":{"line":835,"column":34},"end":{"line":835,"column":35}},"loc":{"start":{"line":835,"column":54},"end":{"line":847,"column":1}},"line":835}},"branchMap":{"0":{"loc":{"start":{"line":223,"column":15},"end":{"line":223,"column":57}},"type":"binary-expr","locations":[{"start":{"line":223,"column":15},"end":{"line":223,"column":48}},{"start":{"line":223,"column":52},"end":{"line":223,"column":57}}],"line":223},"1":{"loc":{"start":{"line":229,"column":15},"end":{"line":229,"column":57}},"type":"binary-expr","locations":[{"start":{"line":229,"column":15},"end":{"line":229,"column":49}},{"start":{"line":229,"column":53},"end":{"line":229,"column":57}}],"line":229},"2":{"loc":{"start":{"line":286,"column":4},"end":{"line":291,"column":5}},"type":"if","locations":[{"start":{"line":286,"column":4},"end":{"line":291,"column":5}},{"start":{},"end":{}}],"line":286},"3":{"loc":{"start":{"line":330,"column":4},"end":{"line":337,"column":5}},"type":"if","locations":[{"start":{"line":330,"column":4},"end":{"line":337,"column":5}},{"start":{},"end":{}}],"line":330},"4":{"loc":{"start":{"line":339,"column":4},"end":{"line":344,"column":5}},"type":"if","locations":[{"start":{"line":339,"column":4},"end":{"line":344,"column":5}},{"start":{},"end":{}}],"line":339},"5":{"loc":{"start":{"line":390,"column":4},"end":{"line":395,"column":5}},"type":"if","locations":[{"start":{"line":390,"column":4},"end":{"line":395,"column":5}},{"start":{},"end":{}}],"line":390},"6":{"loc":{"start":{"line":398,"column":4},"end":{"line":403,"column":5}},"type":"if","locations":[{"start":{"line":398,"column":4},"end":{"line":403,"column":5}},{"start":{},"end":{}}],"line":398},"7":{"loc":{"start":{"line":479,"column":4},"end":{"line":484,"column":5}},"type":"if","locations":[{"start":{"line":479,"column":4},"end":{"line":484,"column":5}},{"start":{},"end":{}}],"line":479},"8":{"loc":{"start":{"line":493,"column":4},"end":{"line":498,"column":5}},"type":"if","locations":[{"start":{"line":493,"column":4},"end":{"line":498,"column":5}},{"start":{},"end":{}}],"line":493},"9":{"loc":{"start":{"line":500,"column":4},"end":{"line":506,"column":5}},"type":"if","locations":[{"start":{"line":500,"column":4},"end":{"line":506,"column":5}},{"start":{},"end":{}}],"line":500},"10":{"loc":{"start":{"line":528,"column":4},"end":{"line":533,"column":5}},"type":"if","locations":[{"start":{"line":528,"column":4},"end":{"line":533,"column":5}},{"start":{},"end":{}}],"line":528},"11":{"loc":{"start":{"line":535,"column":4},"end":{"line":540,"column":5}},"type":"if","locations":[{"start":{"line":535,"column":4},"end":{"line":540,"column":5}},{"start":{},"end":{}}],"line":535},"12":{"loc":{"start":{"line":591,"column":4},"end":{"line":596,"column":5}},"type":"if","locations":[{"start":{"line":591,"column":4},"end":{"line":596,"column":5}},{"start":{},"end":{}}],"line":591},"13":{"loc":{"start":{"line":733,"column":6},"end":{"line":735,"column":7}},"type":"if","locations":[{"start":{"line":733,"column":6},"end":{"line":735,"column":7}},{"start":{},"end":{}}],"line":733},"14":{"loc":{"start":{"line":751,"column":4},"end":{"line":756,"column":5}},"type":"if","locations":[{"start":{"line":751,"column":4},"end":{"line":756,"column":5}},{"start":{},"end":{}}],"line":751},"15":{"loc":{"start":{"line":808,"column":6},"end":{"line":812,"column":7}},"type":"if","locations":[{"start":{"line":808,"column":6},"end":{"line":812,"column":7}},{"start":{},"end":{}}],"line":808},"16":{"loc":{"start":{"line":838,"column":4},"end":{"line":840,"column":5}},"type":"if","locations":[{"start":{"line":838,"column":4},"end":{"line":840,"column":5}},{"start":{},"end":{}}],"line":838},"17":{"loc":{"start":{"line":838,"column":8},"end":{"line":838,"column":32}},"type":"binary-expr","locations":[{"start":{"line":838,"column":8},"end":{"line":838,"column":13}},{"start":{"line":838,"column":17},"end":{"line":838,"column":32}}],"line":838}},"s":{"0":7,"1":7,"2":7,"3":7,"4":7,"5":7,"6":7,"7":7,"8":7,"9":7,"10":7,"11":6,"12":7,"13":6,"14":7,"15":5,"16":5,"17":5,"18":5,"19":1,"20":4,"21":4,"22":4,"23":4,"24":4,"25":4,"26":4,"27":4,"28":0,"29":0,"30":0,"31":0,"32":0,"33":0,"34":0,"35":0,"36":7,"37":2,"38":2,"39":2,"40":2,"41":0,"42":2,"43":2,"44":1,"45":1,"46":1,"47":1,"48":1,"49":1,"50":1,"51":0,"52":0,"53":7,"54":3,"55":3,"56":3,"57":1,"58":2,"59":2,"60":2,"61":1,"62":1,"63":0,"64":0,"65":1,"66":1,"67":1,"68":1,"69":1,"70":1,"71":1,"72":0,"73":0,"74":0,"75":0,"76":0,"77":0,"78":7,"79":2,"80":2,"81":2,"82":1,"83":1,"84":1,"85":0,"86":0,"87":7,"88":1,"89":1,"90":1,"91":0,"92":0,"93":7,"94":2,"95":2,"96":2,"97":2,"98":18,"99":12,"100":2,"101":1,"102":1,"103":1,"104":0,"105":0,"106":7,"107":1,"108":1,"109":16,"110":8,"111":1,"112":7,"113":3,"114":3,"115":1,"116":2,"117":2,"118":2,"119":2,"120":0,"121":0,"122":7,"123":2,"124":2,"125":2,"126":1,"127":1,"128":1,"129":0,"130":0,"131":7},"f":{"0":6,"1":6,"2":5,"3":0,"4":2,"5":3,"6":2,"7":1,"8":2,"9":18,"10":1,"11":16,"12":8,"13":3,"14":2},"b":{"0":[6,0],"1":[6,0],"2":[1,4],"3":[0,0],"4":[0,0],"5":[0,2],"6":[1,1],"7":[1,2],"8":[1,1],"9":[0,1],"10":[0,0],"11":[0,0],"12":[1,1],"13":[12,6],"14":[1,0],"15":[1,2],"16":[1,1],"17":[2,2]},"_coverageSchema":"1a1c01bbd47fc00a2c39e90264f33305004495a9","hash":"48fcd350e3e1efa2620f1eff241efcaca9af49ed"}
,"H:\\fullstack\\travel-together\\backend\\src\\routes\\robots.js": {"path":"H:\\fullstack\\travel-together\\backend\\src\\routes\\robots.js","statementMap":{"0":{"start":{"line":1,"column":16},"end":{"line":1,"column":34}},"1":{"start":{"line":2,"column":15},"end":{"line":2,"column":31}},"2":{"start":{"line":4,"column":0},"end":{"line":23,"column":3}},"3":{"start":{"line":5,"column":18},"end":{"line":5,"column":65}},"4":{"start":{"line":7,"column":20},"end":{"line":19,"column":32}},"5":{"start":{"line":21,"column":2},"end":{"line":21,"column":25}},"6":{"start":{"line":22,"column":2},"end":{"line":22,"column":22}},"7":{"start":{"line":25,"column":0},"end":{"line":25,"column":24}}},"fnMap":{"0":{"name":"(anonymous_0)","decl":{"start":{"line":4,"column":26},"end":{"line":4,"column":27}},"loc":{"start":{"line":4,"column":40},"end":{"line":23,"column":1}},"line":4}},"branchMap":{"0":{"loc":{"start":{"line":5,"column":18},"end":{"line":5,"column":65}},"type":"binary-expr","locations":[{"start":{"line":5,"column":18},"end":{"line":5,"column":38}},{"start":{"line":5,"column":42},"end":{"line":5,"column":65}}],"line":5}},"s":{"0":7,"1":7,"2":7,"3":1,"4":1,"5":1,"6":1,"7":7},"f":{"0":1},"b":{"0":[1,1]},"_coverageSchema":"1a1c01bbd47fc00a2c39e90264f33305004495a9","hash":"0227b48ec71111d638bc91b849f3204422f09e8e"}
,"H:\\fullstack\\travel-together\\backend\\src\\routes\\sitemap.js": {"path":"H:\\fullstack\\travel-together\\backend\\src\\routes\\sitemap.js","statementMap":{"0":{"start":{"line":1,"column":16},"end":{"line":1,"column":34}},"1":{"start":{"line":2,"column":13},"end":{"line":2,"column":38}},"2":{"start":{"line":3,"column":15},"end":{"line":3,"column":31}},"3":{"start":{"line":5,"column":0},"end":{"line":22,"column":3}},"4":{"start":{"line":6,"column":18},"end":{"line":6,"column":65}},"5":{"start":{"line":7,"column":16},"end":{"line":9,"column":28}},"6":{"start":{"line":11,"column":12},"end":{"line":11,"column":54}},"7":{"start":{"line":12,"column":2},"end":{"line":12,"column":74}},"8":{"start":{"line":14,"column":2},"end":{"line":14,"column":102}},"9":{"start":{"line":16,"column":2},"end":{"line":18,"column":5}},"10":{"start":{"line":17,"column":4},"end":{"line":17,"column":173}},"11":{"start":{"line":20,"column":2},"end":{"line":20,"column":21}},"12":{"start":{"line":21,"column":2},"end":{"line":21,"column":58}},"13":{"start":{"line":24,"column":0},"end":{"line":24,"column":24}}},"fnMap":{"0":{"name":"(anonymous_0)","decl":{"start":{"line":5,"column":27},"end":{"line":5,"column":28}},"loc":{"start":{"line":5,"column":47},"end":{"line":22,"column":1}},"line":5},"1":{"name":"(anonymous_1)","decl":{"start":{"line":16,"column":16},"end":{"line":16,"column":17}},"loc":{"start":{"line":16,"column":26},"end":{"line":18,"column":3}},"line":16}},"branchMap":{"0":{"loc":{"start":{"line":6,"column":18},"end":{"line":6,"column":65}},"type":"binary-expr","locations":[{"start":{"line":6,"column":18},"end":{"line":6,"column":38}},{"start":{"line":6,"column":42},"end":{"line":6,"column":65}}],"line":6}},"s":{"0":7,"1":7,"2":7,"3":7,"4":1,"5":1,"6":1,"7":1,"8":1,"9":1,"10":0,"11":1,"12":1,"13":7},"f":{"0":1,"1":0},"b":{"0":[1,1]},"_coverageSchema":"1a1c01bbd47fc00a2c39e90264f33305004495a9","hash":"8faba2a8463869a27f7af4d58f74d31ff87f4083"}
,"H:\\fullstack\\travel-together\\backend\\src\\routes\\trips.js": {"path":"H:\\fullstack\\travel-together\\backend\\src\\routes\\trips.js","statementMap":{"0":{"start":{"line":74,"column":13},"end":{"line":74,"column":48}},"1":{"start":{"line":75,"column":16},"end":{"line":75,"column":34}},"2":{"start":{"line":76,"column":15},"end":{"line":76,"column":31}},"3":{"start":{"line":77,"column":13},"end":{"line":77,"column":38}},"4":{"start":{"line":78,"column":13},"end":{"line":78,"column":38}},"5":{"start":{"line":79,"column":20},"end":{"line":79,"column":52}},"6":{"start":{"line":80,"column":24},"end":{"line":80,"column":64}},"7":{"start":{"line":81,"column":23},"end":{"line":81,"column":62}},"8":{"start":{"line":118,"column":0},"end":{"line":245,"column":3}},"9":{"start":{"line":119,"column":2},"end":{"line":244,"column":3}},"10":{"start":{"line":134,"column":8},"end":{"line":134,"column":17}},"11":{"start":{"line":136,"column":19},"end":{"line":136,"column":21}},"12":{"start":{"line":138,"column":4},"end":{"line":144,"column":5}},"13":{"start":{"line":139,"column":6},"end":{"line":143,"column":8}},"14":{"start":{"line":146,"column":4},"end":{"line":148,"column":5}},"15":{"start":{"line":147,"column":6},"end":{"line":147,"column":56}},"16":{"start":{"line":150,"column":4},"end":{"line":152,"column":5}},"17":{"start":{"line":151,"column":6},"end":{"line":151,"column":55}},"18":{"start":{"line":154,"column":4},"end":{"line":171,"column":5}},"19":{"start":{"line":155,"column":6},"end":{"line":155,"column":24}},"20":{"start":{"line":156,"column":6},"end":{"line":159,"column":7}},"21":{"start":{"line":157,"column":20},"end":{"line":157,"column":36}},"22":{"start":{"line":158,"column":8},"end":{"line":158,"column":46}},"23":{"start":{"line":158,"column":22},"end":{"line":158,"column":46}},"24":{"start":{"line":160,"column":6},"end":{"line":163,"column":7}},"25":{"start":{"line":161,"column":20},"end":{"line":161,"column":36}},"26":{"start":{"line":162,"column":8},"end":{"line":162,"column":46}},"27":{"start":{"line":162,"column":22},"end":{"line":162,"column":46}},"28":{"start":{"line":165,"column":6},"end":{"line":170,"column":7}},"29":{"start":{"line":166,"column":8},"end":{"line":169,"column":11}},"30":{"start":{"line":173,"column":4},"end":{"line":175,"column":5}},"31":{"start":{"line":174,"column":6},"end":{"line":174,"column":57}},"32":{"start":{"line":177,"column":4},"end":{"line":179,"column":5}},"33":{"start":{"line":178,"column":6},"end":{"line":178,"column":49}},"34":{"start":{"line":181,"column":22},"end":{"line":181,"column":46}},"35":{"start":{"line":182,"column":24},"end":{"line":182,"column":47}},"36":{"start":{"line":184,"column":17},"end":{"line":184,"column":55}},"37":{"start":{"line":186,"column":16},"end":{"line":191,"column":29}},"38":{"start":{"line":193,"column":4},"end":{"line":204,"column":5}},"39":{"start":{"line":194,"column":6},"end":{"line":203,"column":9}},"40":{"start":{"line":195,"column":29},"end":{"line":197,"column":9}},"41":{"start":{"line":199,"column":8},"end":{"line":199,"column":76}},"42":{"start":{"line":199,"column":63},"end":{"line":199,"column":76}},"43":{"start":{"line":200,"column":8},"end":{"line":200,"column":76}},"44":{"start":{"line":200,"column":63},"end":{"line":200,"column":76}},"45":{"start":{"line":202,"column":8},"end":{"line":202,"column":20}},"46":{"start":{"line":206,"column":16},"end":{"line":206,"column":26}},"47":{"start":{"line":207,"column":4},"end":{"line":224,"column":5}},"48":{"start":{"line":208,"column":22},"end":{"line":208,"column":33}},"49":{"start":{"line":210,"column":6},"end":{"line":223,"column":7}},"50":{"start":{"line":211,"column":8},"end":{"line":217,"column":9}},"51":{"start":{"line":212,"column":10},"end":{"line":212,"column":33}},"52":{"start":{"line":213,"column":15},"end":{"line":217,"column":9}},"53":{"start":{"line":214,"column":10},"end":{"line":214,"column":31}},"54":{"start":{"line":215,"column":15},"end":{"line":217,"column":9}},"55":{"start":{"line":216,"column":10},"end":{"line":216,"column":34}},"56":{"start":{"line":219,"column":8},"end":{"line":222,"column":9}},"57":{"start":{"line":220,"column":10},"end":{"line":220,"column":72}},"58":{"start":{"line":221,"column":10},"end":{"line":221,"column":34}},"59":{"start":{"line":226,"column":18},"end":{"line":226,"column":51}},"60":{"start":{"line":228,"column":4},"end":{"line":237,"column":7}},"61":{"start":{"line":239,"column":4},"end":{"line":239,"column":50}},"62":{"start":{"line":240,"column":4},"end":{"line":243,"column":7}},"63":{"start":{"line":280,"column":0},"end":{"line":297,"column":3}},"64":{"start":{"line":281,"column":2},"end":{"line":296,"column":3}},"65":{"start":{"line":282,"column":17},"end":{"line":284,"column":64}},"66":{"start":{"line":286,"column":4},"end":{"line":288,"column":5}},"67":{"start":{"line":287,"column":6},"end":{"line":287,"column":79}},"68":{"start":{"line":290,"column":4},"end":{"line":290,"column":44}},"69":{"start":{"line":292,"column":4},"end":{"line":294,"column":5}},"70":{"start":{"line":293,"column":6},"end":{"line":293,"column":75}},"71":{"start":{"line":295,"column":4},"end":{"line":295,"column":68}},"72":{"start":{"line":361,"column":0},"end":{"line":387,"column":3}},"73":{"start":{"line":362,"column":2},"end":{"line":386,"column":3}},"74":{"start":{"line":363,"column":21},"end":{"line":366,"column":5}},"75":{"start":{"line":368,"column":17},"end":{"line":368,"column":35}},"76":{"start":{"line":369,"column":22},"end":{"line":369,"column":39}},"77":{"start":{"line":371,"column":4},"end":{"line":374,"column":7}},"78":{"start":{"line":376,"column":26},"end":{"line":378,"column":53}},"79":{"start":{"line":380,"column":4},"end":{"line":380,"column":65}},"80":{"start":{"line":382,"column":4},"end":{"line":384,"column":5}},"81":{"start":{"line":383,"column":6},"end":{"line":383,"column":76}},"82":{"start":{"line":385,"column":4},"end":{"line":385,"column":68}},"83":{"start":{"line":434,"column":0},"end":{"line":463,"column":2}},"84":{"start":{"line":440,"column":4},"end":{"line":461,"column":5}},"85":{"start":{"line":441,"column":27},"end":{"line":441,"column":61}},"86":{"start":{"line":442,"column":6},"end":{"line":446,"column":7}},"87":{"start":{"line":443,"column":8},"end":{"line":445,"column":61}},"88":{"start":{"line":448,"column":19},"end":{"line":453,"column":55}},"89":{"start":{"line":455,"column":6},"end":{"line":455,"column":46}},"90":{"start":{"line":457,"column":6},"end":{"line":459,"column":7}},"91":{"start":{"line":458,"column":8},"end":{"line":458,"column":78}},"92":{"start":{"line":460,"column":6},"end":{"line":460,"column":70}},"93":{"start":{"line":502,"column":0},"end":{"line":529,"column":2}},"94":{"start":{"line":508,"column":4},"end":{"line":527,"column":5}},"95":{"start":{"line":509,"column":19},"end":{"line":509,"column":53}},"96":{"start":{"line":511,"column":6},"end":{"line":515,"column":7}},"97":{"start":{"line":512,"column":8},"end":{"line":514,"column":61}},"98":{"start":{"line":517,"column":6},"end":{"line":517,"column":50}},"99":{"start":{"line":519,"column":6},"end":{"line":522,"column":9}},"100":{"start":{"line":524,"column":6},"end":{"line":524,"column":59}},"101":{"start":{"line":526,"column":6},"end":{"line":526,"column":70}},"102":{"start":{"line":553,"column":0},"end":{"line":583,"column":2}},"103":{"start":{"line":557,"column":4},"end":{"line":581,"column":5}},"104":{"start":{"line":558,"column":19},"end":{"line":558,"column":53}},"105":{"start":{"line":560,"column":6},"end":{"line":564,"column":7}},"106":{"start":{"line":561,"column":8},"end":{"line":563,"column":61}},"107":{"start":{"line":566,"column":27},"end":{"line":570,"column":7}},"108":{"start":{"line":572,"column":6},"end":{"line":575,"column":9}},"109":{"start":{"line":577,"column":6},"end":{"line":579,"column":7}},"110":{"start":{"line":578,"column":8},"end":{"line":578,"column":77}},"111":{"start":{"line":580,"column":6},"end":{"line":580,"column":70}},"112":{"start":{"line":609,"column":0},"end":{"line":645,"column":2}},"113":{"start":{"line":615,"column":4},"end":{"line":643,"column":5}},"114":{"start":{"line":616,"column":19},"end":{"line":616,"column":53}},"115":{"start":{"line":618,"column":6},"end":{"line":622,"column":7}},"116":{"start":{"line":619,"column":8},"end":{"line":621,"column":61}},"117":{"start":{"line":624,"column":27},"end":{"line":629,"column":7}},"118":{"start":{"line":631,"column":6},"end":{"line":637,"column":9}},"119":{"start":{"line":634,"column":48},"end":{"line":634,"column":72}},"120":{"start":{"line":635,"column":49},"end":{"line":635,"column":74}},"121":{"start":{"line":639,"column":6},"end":{"line":641,"column":7}},"122":{"start":{"line":640,"column":8},"end":{"line":640,"column":77}},"123":{"start":{"line":642,"column":6},"end":{"line":642,"column":70}},"124":{"start":{"line":647,"column":0},"end":{"line":647,"column":24}}},"fnMap":{"0":{"name":"(anonymous_0)","decl":{"start":{"line":118,"column":46},"end":{"line":118,"column":47}},"loc":{"start":{"line":118,"column":66},"end":{"line":245,"column":1}},"line":118},"1":{"name":"(anonymous_1)","decl":{"start":{"line":194,"column":27},"end":{"line":194,"column":28}},"loc":{"start":{"line":194,"column":37},"end":{"line":203,"column":7}},"line":194},"2":{"name":"(anonymous_2)","decl":{"start":{"line":280,"column":49},"end":{"line":280,"column":50}},"loc":{"start":{"line":280,"column":69},"end":{"line":297,"column":1}},"line":280},"3":{"name":"(anonymous_3)","decl":{"start":{"line":361,"column":55},"end":{"line":361,"column":56}},"loc":{"start":{"line":361,"column":75},"end":{"line":387,"column":1}},"line":361},"4":{"name":"(anonymous_4)","decl":{"start":{"line":439,"column":2},"end":{"line":439,"column":3}},"loc":{"start":{"line":439,"column":22},"end":{"line":462,"column":3}},"line":439},"5":{"name":"(anonymous_5)","decl":{"start":{"line":507,"column":2},"end":{"line":507,"column":3}},"loc":{"start":{"line":507,"column":22},"end":{"line":528,"column":3}},"line":507},"6":{"name":"(anonymous_6)","decl":{"start":{"line":556,"column":2},"end":{"line":556,"column":3}},"loc":{"start":{"line":556,"column":22},"end":{"line":582,"column":3}},"line":556},"7":{"name":"(anonymous_7)","decl":{"start":{"line":614,"column":2},"end":{"line":614,"column":3}},"loc":{"start":{"line":614,"column":22},"end":{"line":644,"column":3}},"line":614},"8":{"name":"(anonymous_8)","decl":{"start":{"line":634,"column":39},"end":{"line":634,"column":40}},"loc":{"start":{"line":634,"column":48},"end":{"line":634,"column":72}},"line":634},"9":{"name":"(anonymous_9)","decl":{"start":{"line":635,"column":40},"end":{"line":635,"column":41}},"loc":{"start":{"line":635,"column":49},"end":{"line":635,"column":74}},"line":635}},"branchMap":{"0":{"loc":{"start":{"line":128,"column":6},"end":{"line":128,"column":32}},"type":"default-arg","locations":[{"start":{"line":128,"column":15},"end":{"line":128,"column":32}}],"line":128},"1":{"loc":{"start":{"line":130,"column":6},"end":{"line":130,"column":14}},"type":"default-arg","locations":[{"start":{"line":130,"column":13},"end":{"line":130,"column":14}}],"line":130},"2":{"loc":{"start":{"line":131,"column":6},"end":{"line":131,"column":16}},"type":"default-arg","locations":[{"start":{"line":131,"column":14},"end":{"line":131,"column":16}}],"line":131},"3":{"loc":{"start":{"line":132,"column":6},"end":{"line":132,"column":26}},"type":"default-arg","locations":[{"start":{"line":132,"column":15},"end":{"line":132,"column":26}}],"line":132},"4":{"loc":{"start":{"line":133,"column":6},"end":{"line":133,"column":20}},"type":"default-arg","locations":[{"start":{"line":133,"column":14},"end":{"line":133,"column":20}}],"line":133},"5":{"loc":{"start":{"line":138,"column":4},"end":{"line":144,"column":5}},"type":"if","locations":[{"start":{"line":138,"column":4},"end":{"line":144,"column":5}},{"start":{},"end":{}}],"line":138},"6":{"loc":{"start":{"line":146,"column":4},"end":{"line":148,"column":5}},"type":"if","locations":[{"start":{"line":146,"column":4},"end":{"line":148,"column":5}},{"start":{},"end":{}}],"line":146},"7":{"loc":{"start":{"line":150,"column":4},"end":{"line":152,"column":5}},"type":"if","locations":[{"start":{"line":150,"column":4},"end":{"line":152,"column":5}},{"start":{},"end":{}}],"line":150},"8":{"loc":{"start":{"line":154,"column":4},"end":{"line":171,"column":5}},"type":"if","locations":[{"start":{"line":154,"column":4},"end":{"line":171,"column":5}},{"start":{},"end":{}}],"line":154},"9":{"loc":{"start":{"line":154,"column":8},"end":{"line":154,"column":28}},"type":"binary-expr","locations":[{"start":{"line":154,"column":8},"end":{"line":154,"column":16}},{"start":{"line":154,"column":20},"end":{"line":154,"column":28}}],"line":154},"10":{"loc":{"start":{"line":156,"column":6},"end":{"line":159,"column":7}},"type":"if","locations":[{"start":{"line":156,"column":6},"end":{"line":159,"column":7}},{"start":{},"end":{}}],"line":156},"11":{"loc":{"start":{"line":158,"column":8},"end":{"line":158,"column":46}},"type":"if","locations":[{"start":{"line":158,"column":8},"end":{"line":158,"column":46}},{"start":{},"end":{}}],"line":158},"12":{"loc":{"start":{"line":160,"column":6},"end":{"line":163,"column":7}},"type":"if","locations":[{"start":{"line":160,"column":6},"end":{"line":163,"column":7}},{"start":{},"end":{}}],"line":160},"13":{"loc":{"start":{"line":162,"column":8},"end":{"line":162,"column":46}},"type":"if","locations":[{"start":{"line":162,"column":8},"end":{"line":162,"column":46}},{"start":{},"end":{}}],"line":162},"14":{"loc":{"start":{"line":165,"column":6},"end":{"line":170,"column":7}},"type":"if","locations":[{"start":{"line":165,"column":6},"end":{"line":170,"column":7}},{"start":{},"end":{}}],"line":165},"15":{"loc":{"start":{"line":165,"column":10},"end":{"line":165,"column":69}},"type":"binary-expr","locations":[{"start":{"line":165,"column":10},"end":{"line":165,"column":18}},{"start":{"line":165,"column":22},"end":{"line":165,"column":30}},{"start":{"line":165,"column":34},"end":{"line":165,"column":69}}],"line":165},"16":{"loc":{"start":{"line":173,"column":4},"end":{"line":175,"column":5}},"type":"if","locations":[{"start":{"line":173,"column":4},"end":{"line":175,"column":5}},{"start":{},"end":{}}],"line":173},"17":{"loc":{"start":{"line":177,"column":4},"end":{"line":179,"column":5}},"type":"if","locations":[{"start":{"line":177,"column":4},"end":{"line":179,"column":5}},{"start":{},"end":{}}],"line":177},"18":{"loc":{"start":{"line":181,"column":22},"end":{"line":181,"column":46}},"type":"cond-expr","locations":[{"start":{"line":181,"column":40},"end":{"line":181,"column":41}},{"start":{"line":181,"column":44},"end":{"line":181,"column":46}}],"line":181},"19":{"loc":{"start":{"line":193,"column":4},"end":{"line":204,"column":5}},"type":"if","locations":[{"start":{"line":193,"column":4},"end":{"line":204,"column":5}},{"start":{},"end":{}}],"line":193},"20":{"loc":{"start":{"line":193,"column":8},"end":{"line":193,"column":34}},"type":"binary-expr","locations":[{"start":{"line":193,"column":8},"end":{"line":193,"column":19}},{"start":{"line":193,"column":23},"end":{"line":193,"column":34}}],"line":193},"21":{"loc":{"start":{"line":199,"column":8},"end":{"line":199,"column":76}},"type":"if","locations":[{"start":{"line":199,"column":8},"end":{"line":199,"column":76}},{"start":{},"end":{}}],"line":199},"22":{"loc":{"start":{"line":199,"column":12},"end":{"line":199,"column":61}},"type":"binary-expr","locations":[{"start":{"line":199,"column":12},"end":{"line":199,"column":23}},{"start":{"line":199,"column":27},"end":{"line":199,"column":61}}],"line":199},"23":{"loc":{"start":{"line":200,"column":8},"end":{"line":200,"column":76}},"type":"if","locations":[{"start":{"line":200,"column":8},"end":{"line":200,"column":76}},{"start":{},"end":{}}],"line":200},"24":{"loc":{"start":{"line":200,"column":12},"end":{"line":200,"column":61}},"type":"binary-expr","locations":[{"start":{"line":200,"column":12},"end":{"line":200,"column":23}},{"start":{"line":200,"column":27},"end":{"line":200,"column":61}}],"line":200},"25":{"loc":{"start":{"line":210,"column":6},"end":{"line":223,"column":7}},"type":"if","locations":[{"start":{"line":210,"column":6},"end":{"line":223,"column":7}},{"start":{},"end":{}}],"line":210},"26":{"loc":{"start":{"line":211,"column":8},"end":{"line":217,"column":9}},"type":"if","locations":[{"start":{"line":211,"column":8},"end":{"line":217,"column":9}},{"start":{"line":213,"column":15},"end":{"line":217,"column":9}}],"line":211},"27":{"loc":{"start":{"line":213,"column":15},"end":{"line":217,"column":9}},"type":"if","locations":[{"start":{"line":213,"column":15},"end":{"line":217,"column":9}},{"start":{"line":215,"column":15},"end":{"line":217,"column":9}}],"line":213},"28":{"loc":{"start":{"line":213,"column":19},"end":{"line":213,"column":63}},"type":"binary-expr","locations":[{"start":{"line":213,"column":19},"end":{"line":213,"column":40}},{"start":{"line":213,"column":44},"end":{"line":213,"column":63}}],"line":213},"29":{"loc":{"start":{"line":215,"column":15},"end":{"line":217,"column":9}},"type":"if","locations":[{"start":{"line":215,"column":15},"end":{"line":217,"column":9}},{"start":{},"end":{}}],"line":215},"30":{"loc":{"start":{"line":219,"column":8},"end":{"line":222,"column":9}},"type":"if","locations":[{"start":{"line":219,"column":8},"end":{"line":222,"column":9}},{"start":{},"end":{}}],"line":219},"31":{"loc":{"start":{"line":286,"column":4},"end":{"line":288,"column":5}},"type":"if","locations":[{"start":{"line":286,"column":4},"end":{"line":288,"column":5}},{"start":{},"end":{}}],"line":286},"32":{"loc":{"start":{"line":292,"column":4},"end":{"line":294,"column":5}},"type":"if","locations":[{"start":{"line":292,"column":4},"end":{"line":294,"column":5}},{"start":{},"end":{}}],"line":292},"33":{"loc":{"start":{"line":382,"column":4},"end":{"line":384,"column":5}},"type":"if","locations":[{"start":{"line":382,"column":4},"end":{"line":384,"column":5}},{"start":{},"end":{}}],"line":382},"34":{"loc":{"start":{"line":442,"column":6},"end":{"line":446,"column":7}},"type":"if","locations":[{"start":{"line":442,"column":6},"end":{"line":446,"column":7}},{"start":{},"end":{}}],"line":442},"35":{"loc":{"start":{"line":457,"column":6},"end":{"line":459,"column":7}},"type":"if","locations":[{"start":{"line":457,"column":6},"end":{"line":459,"column":7}},{"start":{},"end":{}}],"line":457},"36":{"loc":{"start":{"line":511,"column":6},"end":{"line":515,"column":7}},"type":"if","locations":[{"start":{"line":511,"column":6},"end":{"line":515,"column":7}},{"start":{},"end":{}}],"line":511},"37":{"loc":{"start":{"line":560,"column":6},"end":{"line":564,"column":7}},"type":"if","locations":[{"start":{"line":560,"column":6},"end":{"line":564,"column":7}},{"start":{},"end":{}}],"line":560},"38":{"loc":{"start":{"line":577,"column":6},"end":{"line":579,"column":7}},"type":"if","locations":[{"start":{"line":577,"column":6},"end":{"line":579,"column":7}},{"start":{},"end":{}}],"line":577},"39":{"loc":{"start":{"line":618,"column":6},"end":{"line":622,"column":7}},"type":"if","locations":[{"start":{"line":618,"column":6},"end":{"line":622,"column":7}},{"start":{},"end":{}}],"line":618},"40":{"loc":{"start":{"line":639,"column":6},"end":{"line":641,"column":7}},"type":"if","locations":[{"start":{"line":639,"column":6},"end":{"line":641,"column":7}},{"start":{},"end":{}}],"line":639}},"s":{"0":7,"1":7,"2":7,"3":7,"4":7,"5":7,"6":7,"7":7,"8":7,"9":6,"10":6,"11":6,"12":6,"13":1,"14":6,"15":1,"16":6,"17":1,"18":6,"19":1,"20":1,"21":1,"22":1,"23":1,"24":1,"25":1,"26":1,"27":1,"28":1,"29":1,"30":5,"31":0,"32":5,"33":5,"34":5,"35":5,"36":5,"37":5,"38":5,"39":1,"40":2,"41":2,"42":1,"43":1,"44":1,"45":0,"46":5,"47":5,"48":0,"49":0,"50":0,"51":0,"52":0,"53":0,"54":0,"55":0,"56":0,"57":0,"58":0,"59":5,"60":5,"61":0,"62":0,"63":7,"64":3,"65":3,"66":3,"67":1,"68":2,"69":0,"70":0,"71":0,"72":7,"73":2,"74":2,"75":2,"76":2,"77":2,"78":2,"79":2,"80":0,"81":0,"82":0,"83":7,"84":1,"85":1,"86":1,"87":0,"88":1,"89":1,"90":0,"91":0,"92":0,"93":7,"94":1,"95":1,"96":1,"97":0,"98":1,"99":1,"100":1,"101":0,"102":7,"103":1,"104":1,"105":1,"106":0,"107":1,"108":1,"109":0,"110":0,"111":0,"112":7,"113":1,"114":1,"115":1,"116":0,"117":1,"118":1,"119":0,"120":0,"121":0,"122":0,"123":0,"124":7},"f":{"0":6,"1":2,"2":3,"3":2,"4":1,"5":1,"6":1,"7":1,"8":0,"9":0},"b":{"0":[6],"1":[6],"2":[6],"3":[6],"4":[6],"5":[1,5],"6":[1,5],"7":[1,5],"8":[1,5],"9":[6,5],"10":[1,0],"11":[1,0],"12":[1,0],"13":[1,0],"14":[1,0],"15":[1,1,1],"16":[0,5],"17":[5,0],"18":[0,5],"19":[1,4],"20":[5,4],"21":[1,1],"22":[2,2],"23":[1,0],"24":[1,1],"25":[0,0],"26":[0,0],"27":[0,0],"28":[0,0],"29":[0,0],"30":[0,0],"31":[1,2],"32":[0,0],"33":[0,0],"34":[0,1],"35":[0,0],"36":[0,1],"37":[0,1],"38":[0,0],"39":[0,1],"40":[0,0]},"_coverageSchema":"1a1c01bbd47fc00a2c39e90264f33305004495a9","hash":"115d173f5d67eb80b5f24689876616176dc4753a"}
,"H:\\fullstack\\travel-together\\backend\\src\\routes\\weather.js": {"path":"H:\\fullstack\\travel-together\\backend\\src\\routes\\weather.js","statementMap":{"0":{"start":{"line":1,"column":16},"end":{"line":1,"column":34}},"1":{"start":{"line":2,"column":15},"end":{"line":2,"column":31}},"2":{"start":{"line":3,"column":29},"end":{"line":3,"column":63}},"3":{"start":{"line":5,"column":0},"end":{"line":15,"column":3}},"4":{"start":{"line":6,"column":19},"end":{"line":6,"column":29}},"5":{"start":{"line":7,"column":18},"end":{"line":7,"column":46}},"6":{"start":{"line":8,"column":2},"end":{"line":14,"column":3}},"7":{"start":{"line":9,"column":4},"end":{"line":9,"column":47}},"8":{"start":{"line":11,"column":4},"end":{"line":13,"column":70}},"9":{"start":{"line":17,"column":0},"end":{"line":17,"column":24}}},"fnMap":{"0":{"name":"(anonymous_0)","decl":{"start":{"line":5,"column":21},"end":{"line":5,"column":22}},"loc":{"start":{"line":5,"column":41},"end":{"line":15,"column":1}},"line":5}},"branchMap":{"0":{"loc":{"start":{"line":8,"column":2},"end":{"line":14,"column":3}},"type":"if","locations":[{"start":{"line":8,"column":2},"end":{"line":14,"column":3}},{"start":{"line":10,"column":9},"end":{"line":14,"column":3}}],"line":8}},"s":{"0":7,"1":7,"2":7,"3":7,"4":2,"5":2,"6":2,"7":1,"8":1,"9":7},"f":{"0":2},"b":{"0":[1,1]},"_coverageSchema":"1a1c01bbd47fc00a2c39e90264f33305004495a9","hash":"09ec43ace84a99e975a29a6f03ca97c69b5dd633"}
,"H:\\fullstack\\travel-together\\backend\\src\\utils\\file.service.js": {"path":"H:\\fullstack\\travel-together\\backend\\src\\utils\\file.service.js","statementMap":{"0":{"start":{"line":1,"column":34},"end":{"line":1,"column":57}},"1":{"start":{"line":6,"column":4},"end":{"line":6,"column":33}},"2":{"start":{"line":7,"column":25},"end":{"line":7,"column":65}},"3":{"start":{"line":8,"column":15},"end":{"line":8,"column":32}},"4":{"start":{"line":11,"column":18},"end":{"line":11,"column":66}},"5":{"start":{"line":12,"column":18},"end":{"line":17,"column":4}},"6":{"start":{"line":18,"column":2},"end":{"line":18,"column":31}},"7":{"start":{"line":19,"column":2},"end":{"line":19,"column":17}},"8":{"start":{"line":23,"column":2},"end":{"line":23,"column":28}},"9":{"start":{"line":23,"column":16},"end":{"line":23,"column":28}},"10":{"start":{"line":24,"column":18},"end":{"line":27,"column":4}},"11":{"start":{"line":28,"column":2},"end":{"line":28,"column":56}},"12":{"start":{"line":32,"column":2},"end":{"line":32,"column":23}},"13":{"start":{"line":32,"column":16},"end":{"line":32,"column":23}},"14":{"start":{"line":33,"column":18},"end":{"line":36,"column":4}},"15":{"start":{"line":37,"column":2},"end":{"line":37,"column":31}},"16":{"start":{"line":40,"column":0},"end":{"line":40,"column":56}}},"fnMap":{"0":{"name":"uploadFile","decl":{"start":{"line":10,"column":15},"end":{"line":10,"column":25}},"loc":{"start":{"line":10,"column":68},"end":{"line":20,"column":1}},"line":10},"1":{"name":"getFileUrl","decl":{"start":{"line":22,"column":15},"end":{"line":22,"column":25}},"loc":{"start":{"line":22,"column":53},"end":{"line":29,"column":1}},"line":22},"2":{"name":"deleteFile","decl":{"start":{"line":31,"column":15},"end":{"line":31,"column":25}},"loc":{"start":{"line":31,"column":35},"end":{"line":38,"column":1}},"line":31}},"branchMap":{"0":{"loc":{"start":{"line":10,"column":48},"end":{"line":10,"column":66}},"type":"default-arg","locations":[{"start":{"line":10,"column":57},"end":{"line":10,"column":66}}],"line":10},"1":{"loc":{"start":{"line":22,"column":35},"end":{"line":22,"column":51}},"type":"default-arg","locations":[{"start":{"line":22,"column":47},"end":{"line":22,"column":51}}],"line":22},"2":{"loc":{"start":{"line":23,"column":2},"end":{"line":23,"column":28}},"type":"if","locations":[{"start":{"line":23,"column":2},"end":{"line":23,"column":28}},{"start":{},"end":{}}],"line":23},"3":{"loc":{"start":{"line":32,"column":2},"end":{"line":32,"column":23}},"type":"if","locations":[{"start":{"line":32,"column":2},"end":{"line":32,"column":23}},{"start":{},"end":{}}],"line":32}},"s":{"0":8,"1":8,"2":8,"3":8,"4":3,"5":3,"6":3,"7":3,"8":5,"9":1,"10":4,"11":4,"12":1,"13":0,"14":1,"15":1,"16":8},"f":{"0":3,"1":5,"2":1},"b":{"0":[0],"1":[5],"2":[1,4],"3":[0,1]},"_coverageSchema":"1a1c01bbd47fc00a2c39e90264f33305004495a9","hash":"e039705c8ef19a78dd84a5710592a9ba50e7381a"}
,"H:\\fullstack\\travel-together\\backend\\src\\utils\\weatherService.js": {"path":"H:\\fullstack\\travel-together\\backend\\src\\utils\\weatherService.js","statementMap":{"0":{"start":{"line":1,"column":14},"end":{"line":1,"column":30}},"1":{"start":{"line":3,"column":24},"end":{"line":3,"column":73}},"2":{"start":{"line":6,"column":2},"end":{"line":25,"column":3}},"3":{"start":{"line":7,"column":21},"end":{"line":15,"column":6}},"4":{"start":{"line":16,"column":4},"end":{"line":21,"column":6}},"5":{"start":{"line":23,"column":4},"end":{"line":23,"column":55}},"6":{"start":{"line":24,"column":4},"end":{"line":24,"column":16}},"7":{"start":{"line":28,"column":0},"end":{"line":28,"column":38}}},"fnMap":{"0":{"name":"getWeatherByCity","decl":{"start":{"line":5,"column":15},"end":{"line":5,"column":31}},"loc":{"start":{"line":5,"column":38},"end":{"line":26,"column":1}},"line":5}},"branchMap":{},"s":{"0":8,"1":8,"2":4,"3":4,"4":2,"5":2,"6":2,"7":8},"f":{"0":4},"b":{},"_coverageSchema":"1a1c01bbd47fc00a2c39e90264f33305004495a9","hash":"5c7bcdb81563783c4b2f32eeabf95e01f9c18013"}
}
