TN:
SF:config\database.js
FN:3,(anonymous_0)
FNF:1
FNH:1
FNDA:2,(anonymous_0)
DA:1,8
DA:3,8
DA:4,2
DA:5,2
DA:6,1
DA:8,1
DA:9,1
DA:13,8
LF:8
LH:8
BRDA:5,0,0,2
BRDA:5,0,1,0
BRF:2
BRH:1
end_of_record
TN:
SF:src\swagger.js
FN:31,(anonymous_0)
FNF:1
FNH:1
FNDA:7,(anonymous_0)
DA:1,7
DA:2,7
DA:4,7
DA:22,7
DA:25,7
DA:26,7
DA:27,7
DA:28,7
DA:29,7
DA:31,7
DA:32,7
LF:11
LH:11
BRDA:27,0,0,7
BRDA:27,0,1,0
BRF:2
BRH:1
end_of_record
TN:
SF:src\config\permissions.js
FNF:0
FNH:0
DA:1,8
DA:23,8
DA:30,8
LF:3
LH:3
BRF:0
BRH:0
end_of_record
TN:
SF:src\config\s3.js
FNF:0
FNH:0
DA:1,7
DA:3,7
DA:13,7
DA:15,7
LF:4
LH:4
BRDA:4,0,0,7
BRDA:4,0,1,0
BRDA:5,1,0,7
BRDA:5,1,1,0
BRDA:13,2,0,7
BRDA:13,2,1,0
BRF:6
BRH:3
end_of_record
TN:
SF:src\middleware\authAccess.js
FN:4,(anonymous_0)
FNF:1
FNH:1
FNDA:41,(anonymous_0)
DA:1,8
DA:2,8
DA:4,8
DA:5,41
DA:6,41
DA:8,41
DA:9,4
DA:15,37
DA:17,37
DA:19,35
DA:20,35
DA:21,0
DA:27,35
DA:28,35
DA:30,2
DA:31,1
DA:37,1
DA:38,1
DA:44,0
DA:45,0
DA:52,8
LF:21
LH:18
BRDA:8,0,0,4
BRDA:8,0,1,37
BRDA:8,1,0,41
BRDA:8,1,1,38
BRDA:20,2,0,0
BRDA:20,2,1,35
BRDA:30,3,0,1
BRDA:30,3,1,1
BRDA:37,4,0,1
BRDA:37,4,1,0
BRF:10
BRH:8
end_of_record
TN:
SF:src\middleware\authRefresh.js
FN:4,(anonymous_0)
FNF:1
FNH:1
FNDA:6,(anonymous_0)
DA:1,1
DA:2,1
DA:4,1
DA:5,6
DA:6,6
DA:8,6
DA:9,1
DA:15,5
DA:17,3
DA:22,3
DA:23,1
DA:29,2
DA:30,1
DA:31,1
DA:37,1
DA:38,1
DA:39,1
DA:41,2
DA:42,1
DA:48,1
DA:49,1
DA:55,0
DA:62,1
LF:23
LH:22
BRDA:8,0,0,1
BRDA:8,0,1,5
BRDA:22,1,0,1
BRDA:22,1,1,2
BRDA:29,2,0,1
BRDA:29,2,1,1
BRDA:41,3,0,1
BRDA:41,3,1,1
BRDA:48,4,0,1
BRDA:48,4,1,0
BRF:10
BRH:9
end_of_record
TN:
SF:src\middleware\checkOwnership.js
FN:1,(anonymous_0)
FN:2,(anonymous_1)
FNF:2
FNH:2
FNDA:26,(anonymous_0)
FNDA:9,(anonymous_1)
DA:1,8
DA:2,26
DA:3,9
DA:4,1
DA:10,8
DA:11,1
DA:14,7
DA:15,7
DA:17,7
DA:18,1
DA:24,6
DA:26,6
DA:27,2
DA:33,4
DA:34,4
DA:36,0
DA:44,8
LF:17
LH:16
BRDA:1,0,0,0
BRDA:3,1,0,1
BRDA:3,1,1,8
BRDA:10,2,0,1
BRDA:10,2,1,7
BRDA:17,3,0,1
BRDA:17,3,1,6
BRDA:24,4,0,6
BRDA:24,4,1,0
BRDA:26,5,0,2
BRDA:26,5,1,4
BRDA:26,6,0,6
BRDA:26,6,1,6
BRF:13
BRH:11
end_of_record
TN:
SF:src\middleware\checkPermission.js
FN:3,(anonymous_0)
FN:4,(anonymous_1)
FNF:2
FNH:2
FNDA:95,(anonymous_0)
FNDA:34,(anonymous_1)
DA:1,8
DA:3,8
DA:4,95
DA:5,34
DA:7,34
DA:8,34
DA:9,1
DA:16,33
DA:17,31
DA:20,2
DA:29,8
LF:11
LH:11
BRDA:5,0,0,22
BRDA:5,0,1,12
BRDA:8,1,0,1
BRDA:8,1,1,33
BRDA:16,2,0,31
BRDA:16,2,1,2
BRF:6
BRH:6
end_of_record
TN:
SF:src\middleware\checkRole.js
FN:1,(anonymous_0)
FN:2,(anonymous_1)
FNF:2
FNH:2
FNDA:10,(anonymous_0)
FNDA:6,(anonymous_1)
DA:1,8
DA:2,10
DA:3,6
DA:4,1
DA:10,5
DA:11,2
DA:19,3
DA:23,8
LF:8
LH:8
BRDA:3,0,0,1
BRDA:3,0,1,5
BRDA:10,1,0,2
BRDA:10,1,1,3
BRF:4
BRH:4
end_of_record
TN:
SF:src\models\Application.js
FN:36,(anonymous_0)
FNF:1
FNH:1
FNDA:17,(anonymous_0)
DA:1,8
DA:3,8
DA:34,8
DA:36,8
DA:37,17
DA:38,4
DA:40,17
DA:43,8
LF:8
LH:8
BRDA:37,0,0,4
BRDA:37,0,1,13
BRDA:37,1,0,17
BRDA:37,1,1,9
BRF:4
BRH:4
end_of_record
TN:
SF:src\models\RefreshToken.js
FNF:0
FNH:0
DA:1,9
DA:3,9
DA:25,9
DA:27,9
LF:4
LH:4
BRF:0
BRH:0
end_of_record
TN:
SF:src\models\Trip.js
FN:62,(anonymous_0)
FN:66,(anonymous_1)
FN:72,(anonymous_2)
FN:79,(anonymous_3)
FNF:4
FNH:4
FNDA:9,(anonymous_0)
FNDA:9,(anonymous_1)
FNDA:9,(anonymous_2)
FNDA:3,(anonymous_3)
DA:1,10
DA:3,10
DA:62,10
DA:63,9
DA:66,10
DA:67,9
DA:68,7
DA:69,7
DA:72,10
DA:73,9
DA:74,7
DA:77,10
DA:79,10
DA:80,3
DA:81,3
DA:82,1
DA:83,2
DA:84,1
DA:85,1
DA:86,1
DA:90,10
LF:21
LH:21
BRDA:63,0,0,7
BRDA:63,0,1,2
BRDA:67,1,0,2
BRDA:67,1,1,7
BRDA:67,2,0,9
BRDA:67,2,1,7
BRDA:73,3,0,2
BRDA:73,3,1,7
BRDA:74,4,0,7
BRDA:74,4,1,0
BRDA:81,5,0,1
BRDA:81,5,1,2
BRDA:83,6,0,1
BRDA:83,6,1,1
BRDA:83,7,0,2
BRDA:83,7,1,2
BRDA:85,8,0,1
BRDA:85,8,1,0
BRF:18
BRH:16
end_of_record
TN:
SF:src\models\User.js
FN:69,(anonymous_0)
FN:78,(anonymous_1)
FN:80,(anonymous_2)
FN:140,(anonymous_3)
FN:144,(anonymous_4)
FN:150,(anonymous_5)
FN:155,(anonymous_6)
FNF:7
FNH:5
FNDA:8,(anonymous_0)
FNDA:0,(anonymous_1)
FNDA:0,(anonymous_2)
FNDA:125,(anonymous_3)
FNDA:16,(anonymous_4)
FNDA:4,(anonymous_5)
FNDA:122,(anonymous_6)
DA:1,12
DA:2,12
DA:4,12
DA:70,8
DA:71,8
DA:74,0
DA:75,0
DA:78,0
DA:79,0
DA:80,0
DA:140,12
DA:141,125
DA:144,12
DA:145,16
DA:146,16
DA:147,16
DA:150,12
DA:151,4
DA:155,12
DA:156,122
DA:159,122
DA:160,122
DA:161,122
DA:163,12
LF:24
LH:19
BRDA:70,0,0,8
BRDA:70,0,1,0
BRDA:70,1,0,8
BRDA:70,1,1,0
BRDA:74,2,0,0
BRDA:74,2,1,0
BRDA:156,3,0,0
BRDA:156,3,1,122
BRF:8
BRH:3
end_of_record
TN:
SF:src\routes\admin.js
FN:57,(anonymous_0)
FN:132,(anonymous_1)
FNF:2
FNH:2
FNDA:1,(anonymous_0)
FNDA:1,(anonymous_1)
DA:8,7
DA:9,7
DA:10,7
DA:11,7
DA:12,7
DA:14,7
DA:57,7
DA:58,1
DA:59,1
DA:60,1
DA:61,1
DA:62,1
DA:63,0
DA:69,1
DA:74,1
DA:75,1
DA:85,0
DA:132,7
DA:133,1
DA:134,1
DA:135,1
DA:136,0
DA:138,1
DA:143,1
DA:144,0
DA:147,1
DA:149,0
DA:153,7
LF:28
LH:23
BRDA:59,0,0,1
BRDA:59,1,0,1
BRDA:61,2,0,0
BRDA:61,2,1,1
BRDA:62,3,0,0
BRDA:62,3,1,1
BRDA:135,4,0,0
BRDA:135,4,1,1
BRDA:143,5,0,0
BRDA:143,5,1,1
BRF:10
BRH:6
end_of_record
TN:
SF:src\routes\application.js
FN:88,(anonymous_0)
FN:114,(anonymous_1)
FN:209,(anonymous_2)
FN:304,(anonymous_3)
FN:372,(anonymous_4)
FN:415,(anonymous_5)
FN:418,(anonymous_6)
FN:467,(anonymous_7)
FN:498,(anonymous_8)
FNF:9
FNH:6
FNDA:6,(anonymous_0)
FNDA:0,(anonymous_1)
FNDA:2,(anonymous_2)
FNDA:0,(anonymous_3)
FNDA:0,(anonymous_4)
FNDA:1,(anonymous_5)
FNDA:1,(anonymous_6)
FNDA:2,(anonymous_7)
FNDA:4,(anonymous_8)
DA:43,7
DA:44,7
DA:45,7
DA:46,7
DA:47,7
DA:48,7
DA:49,7
DA:50,7
DA:84,7
DA:89,6
DA:90,6
DA:91,6
DA:93,6
DA:95,6
DA:96,6
DA:97,1
DA:98,1
DA:104,5
DA:105,1
DA:106,1
DA:112,4
DA:114,0
DA:116,0
DA:117,0
DA:123,4
DA:128,4
DA:129,1
DA:130,1
DA:136,3
DA:142,3
DA:144,3
DA:156,0
DA:157,0
DA:158,0
DA:163,0
DA:164,0
DA:169,0
DA:205,7
DA:210,2
DA:211,2
DA:214,2
DA:216,2
DA:217,0
DA:223,2
DA:224,0
DA:230,2
DA:231,0
DA:237,2
DA:238,2
DA:239,0
DA:245,2
DA:246,2
DA:248,2
DA:249,2
DA:251,2
DA:256,2
DA:260,2
DA:266,0
DA:267,0
DA:269,0
DA:300,7
DA:305,0
DA:306,0
DA:309,0
DA:311,0
DA:312,0
DA:318,0
DA:319,0
DA:325,0
DA:326,0
DA:332,0
DA:333,0
DA:335,0
DA:339,0
DA:345,0
DA:346,0
DA:348,0
DA:368,7
DA:373,0
DA:374,0
DA:385,0
DA:390,0
DA:391,0
DA:411,7
DA:416,1
DA:417,1
DA:418,1
DA:420,1
DA:434,1
DA:439,0
DA:440,0
DA:467,7
DA:468,2
DA:469,2
DA:470,2
DA:471,2
DA:476,2
DA:477,1
DA:483,1
DA:488,0
DA:489,0
DA:494,7
DA:499,4
DA:500,4
DA:503,4
DA:504,1
DA:509,3
DA:510,3
DA:512,3
DA:514,3
DA:516,3
DA:517,0
DA:522,3
DA:523,1
DA:529,2
DA:530,2
DA:532,0
DA:536,7
LF:118
LH:75
BRDA:96,0,0,1
BRDA:96,0,1,5
BRDA:104,1,0,1
BRDA:104,1,1,4
BRDA:112,2,0,0
BRDA:112,2,1,4
BRDA:113,3,0,4
BRDA:113,3,1,4
BRDA:128,4,0,1
BRDA:128,4,1,3
BRDA:139,5,0,3
BRDA:139,5,1,1
BRDA:157,6,0,0
BRDA:157,6,1,0
BRDA:163,7,0,0
BRDA:163,7,1,0
BRDA:216,8,0,0
BRDA:216,8,1,2
BRDA:223,9,0,0
BRDA:223,9,1,2
BRDA:230,10,0,0
BRDA:230,10,1,2
BRDA:238,11,0,0
BRDA:238,11,1,2
BRDA:266,12,0,0
BRDA:266,12,1,0
BRDA:311,13,0,0
BRDA:311,13,1,0
BRDA:318,14,0,0
BRDA:318,14,1,0
BRDA:325,15,0,0
BRDA:325,15,1,0
BRDA:345,16,0,0
BRDA:345,16,1,0
BRDA:476,17,0,1
BRDA:476,17,1,1
BRDA:503,18,0,1
BRDA:503,18,1,3
BRDA:512,19,0,3
BRDA:512,19,1,3
BRDA:516,20,0,0
BRDA:516,20,1,3
BRDA:516,21,0,3
BRDA:516,21,1,1
BRDA:516,21,2,0
BRDA:522,22,0,1
BRDA:522,22,1,2
BRF:47
BRH:26
end_of_record
TN:
SF:src\routes\auth.js
FN:221,(anonymous_0)
FN:227,(anonymous_1)
FN:281,(anonymous_2)
FN:331,(anonymous_3)
FN:385,(anonymous_4)
FN:475,(anonymous_5)
FN:587,(anonymous_6)
FN:641,(anonymous_7)
FN:706,(anonymous_8)
FN:732,(anonymous_9)
FN:793,(anonymous_10)
FN:796,(anonymous_11)
FN:797,(anonymous_12)
FN:806,(anonymous_13)
FN:835,(anonymous_14)
FNF:15
FNH:14
FNDA:6,(anonymous_0)
FNDA:6,(anonymous_1)
FNDA:5,(anonymous_2)
FNDA:0,(anonymous_3)
FNDA:2,(anonymous_4)
FNDA:3,(anonymous_5)
FNDA:2,(anonymous_6)
FNDA:1,(anonymous_7)
FNDA:2,(anonymous_8)
FNDA:18,(anonymous_9)
FNDA:1,(anonymous_10)
FNDA:16,(anonymous_11)
FNDA:8,(anonymous_12)
FNDA:3,(anonymous_13)
FNDA:2,(anonymous_14)
DA:1,7
DA:2,7
DA:3,7
DA:4,7
DA:5,7
DA:6,7
DA:8,7
DA:10,7
DA:11,7
DA:15,7
DA:221,7
DA:222,6
DA:227,7
DA:228,6
DA:281,7
DA:282,5
DA:283,5
DA:285,5
DA:286,5
DA:287,1
DA:293,4
DA:301,4
DA:304,4
DA:305,4
DA:308,4
DA:309,4
DA:311,4
DA:317,4
DA:330,0
DA:331,0
DA:332,0
DA:339,0
DA:340,0
DA:346,0
DA:347,0
DA:385,7
DA:386,2
DA:387,2
DA:389,2
DA:390,2
DA:391,0
DA:397,2
DA:398,2
DA:399,1
DA:406,1
DA:407,1
DA:410,1
DA:411,1
DA:413,1
DA:419,1
DA:435,0
DA:436,0
DA:475,7
DA:476,3
DA:477,3
DA:479,3
DA:480,1
DA:486,2
DA:488,2
DA:493,2
DA:494,1
DA:500,1
DA:501,0
DA:502,0
DA:508,1
DA:510,1
DA:511,1
DA:513,1
DA:514,1
DA:516,1
DA:522,1
DA:528,0
DA:529,0
DA:535,0
DA:536,0
DA:542,0
DA:543,0
DA:587,7
DA:588,2
DA:589,2
DA:591,2
DA:592,1
DA:599,1
DA:601,1
DA:606,0
DA:607,0
DA:641,7
DA:642,1
DA:643,1
DA:648,1
DA:653,0
DA:654,0
DA:706,7
DA:707,2
DA:718,2
DA:720,2
DA:732,2
DA:733,18
DA:734,12
DA:738,2
DA:746,1
DA:751,1
DA:752,1
DA:757,0
DA:758,0
DA:793,7
DA:794,1
DA:795,1
DA:796,16
DA:797,8
DA:798,1
DA:802,7
DA:807,3
DA:808,3
DA:809,1
DA:814,2
DA:820,2
DA:822,2
DA:824,2
DA:826,0
DA:827,0
DA:835,7
DA:836,2
DA:837,2
DA:838,2
DA:839,1
DA:841,1
DA:842,1
DA:844,0
DA:845,0
DA:849,7
LF:131
LH:103
BRDA:223,0,0,6
BRDA:223,0,1,0
BRDA:229,1,0,6
BRDA:229,1,1,0
BRDA:286,2,0,1
BRDA:286,2,1,4
BRDA:330,3,0,0
BRDA:330,3,1,0
BRDA:339,4,0,0
BRDA:339,4,1,0
BRDA:390,5,0,0
BRDA:390,5,1,2
BRDA:398,6,0,1
BRDA:398,6,1,1
BRDA:479,7,0,1
BRDA:479,7,1,2
BRDA:493,8,0,1
BRDA:493,8,1,1
BRDA:500,9,0,0
BRDA:500,9,1,1
BRDA:528,10,0,0
BRDA:528,10,1,0
BRDA:535,11,0,0
BRDA:535,11,1,0
BRDA:591,12,0,1
BRDA:591,12,1,1
BRDA:733,13,0,12
BRDA:733,13,1,6
BRDA:751,14,0,1
BRDA:751,14,1,0
BRDA:808,15,0,1
BRDA:808,15,1,2
BRDA:838,16,0,1
BRDA:838,16,1,1
BRDA:838,17,0,2
BRDA:838,17,1,2
BRF:36
BRH:23
end_of_record
TN:
SF:src\routes\robots.js
FN:4,(anonymous_0)
FNF:1
FNH:1
FNDA:1,(anonymous_0)
DA:1,7
DA:2,7
DA:4,7
DA:5,1
DA:7,1
DA:21,1
DA:22,1
DA:25,7
LF:8
LH:8
BRDA:5,0,0,1
BRDA:5,0,1,1
BRF:2
BRH:2
end_of_record
TN:
SF:src\routes\sitemap.js
FN:5,(anonymous_0)
FN:16,(anonymous_1)
FNF:2
FNH:1
FNDA:1,(anonymous_0)
FNDA:0,(anonymous_1)
DA:1,7
DA:2,7
DA:3,7
DA:5,7
DA:6,1
DA:7,1
DA:11,1
DA:12,1
DA:14,1
DA:16,1
DA:17,0
DA:20,1
DA:21,1
DA:24,7
LF:14
LH:13
BRDA:6,0,0,1
BRDA:6,0,1,1
BRF:2
BRH:2
end_of_record
TN:
SF:src\routes\trips.js
FN:118,(anonymous_0)
FN:194,(anonymous_1)
FN:280,(anonymous_2)
FN:361,(anonymous_3)
FN:439,(anonymous_4)
FN:507,(anonymous_5)
FN:556,(anonymous_6)
FN:614,(anonymous_7)
FN:634,(anonymous_8)
FN:635,(anonymous_9)
FNF:10
FNH:8
FNDA:6,(anonymous_0)
FNDA:2,(anonymous_1)
FNDA:3,(anonymous_2)
FNDA:2,(anonymous_3)
FNDA:1,(anonymous_4)
FNDA:1,(anonymous_5)
FNDA:1,(anonymous_6)
FNDA:1,(anonymous_7)
FNDA:0,(anonymous_8)
FNDA:0,(anonymous_9)
DA:74,7
DA:75,7
DA:76,7
DA:77,7
DA:78,7
DA:79,7
DA:80,7
DA:81,7
DA:118,7
DA:119,6
DA:134,6
DA:136,6
DA:138,6
DA:139,1
DA:146,6
DA:147,1
DA:150,6
DA:151,1
DA:154,6
DA:155,1
DA:156,1
DA:157,1
DA:158,1
DA:160,1
DA:161,1
DA:162,1
DA:165,1
DA:166,1
DA:173,5
DA:174,0
DA:177,5
DA:178,5
DA:181,5
DA:182,5
DA:184,5
DA:186,5
DA:193,5
DA:194,1
DA:195,2
DA:199,2
DA:200,1
DA:202,0
DA:206,5
DA:207,5
DA:208,0
DA:210,0
DA:211,0
DA:212,0
DA:213,0
DA:214,0
DA:215,0
DA:216,0
DA:219,0
DA:220,0
DA:221,0
DA:226,5
DA:228,5
DA:239,0
DA:240,0
DA:280,7
DA:281,3
DA:282,3
DA:286,3
DA:287,1
DA:290,2
DA:292,0
DA:293,0
DA:295,0
DA:361,7
DA:362,2
DA:363,2
DA:368,2
DA:369,2
DA:371,2
DA:376,2
DA:380,2
DA:382,0
DA:383,0
DA:385,0
DA:434,7
DA:440,1
DA:441,1
DA:442,1
DA:443,0
DA:448,1
DA:455,1
DA:457,0
DA:458,0
DA:460,0
DA:502,7
DA:508,1
DA:509,1
DA:511,1
DA:512,0
DA:517,1
DA:519,1
DA:524,1
DA:526,0
DA:553,7
DA:557,1
DA:558,1
DA:560,1
DA:561,0
DA:566,1
DA:572,1
DA:577,0
DA:578,0
DA:580,0
DA:609,7
DA:615,1
DA:616,1
DA:618,1
DA:619,0
DA:624,1
DA:631,1
DA:634,0
DA:635,0
DA:639,0
DA:640,0
DA:642,0
DA:647,7
LF:121
LH:84
BRDA:128,0,0,6
BRDA:130,1,0,6
BRDA:131,2,0,6
BRDA:132,3,0,6
BRDA:133,4,0,6
BRDA:138,5,0,1
BRDA:138,5,1,5
BRDA:146,6,0,1
BRDA:146,6,1,5
BRDA:150,7,0,1
BRDA:150,7,1,5
BRDA:154,8,0,1
BRDA:154,8,1,5
BRDA:154,9,0,6
BRDA:154,9,1,5
BRDA:156,10,0,1
BRDA:156,10,1,0
BRDA:158,11,0,1
BRDA:158,11,1,0
BRDA:160,12,0,1
BRDA:160,12,1,0
BRDA:162,13,0,1
BRDA:162,13,1,0
BRDA:165,14,0,1
BRDA:165,14,1,0
BRDA:165,15,0,1
BRDA:165,15,1,1
BRDA:165,15,2,1
BRDA:173,16,0,0
BRDA:173,16,1,5
BRDA:177,17,0,5
BRDA:177,17,1,0
BRDA:181,18,0,0
BRDA:181,18,1,5
BRDA:193,19,0,1
BRDA:193,19,1,4
BRDA:193,20,0,5
BRDA:193,20,1,4
BRDA:199,21,0,1
BRDA:199,21,1,1
BRDA:199,22,0,2
BRDA:199,22,1,2
BRDA:200,23,0,1
BRDA:200,23,1,0
BRDA:200,24,0,1
BRDA:200,24,1,1
BRDA:210,25,0,0
BRDA:210,25,1,0
BRDA:211,26,0,0
BRDA:211,26,1,0
BRDA:213,27,0,0
BRDA:213,27,1,0
BRDA:213,28,0,0
BRDA:213,28,1,0
BRDA:215,29,0,0
BRDA:215,29,1,0
BRDA:219,30,0,0
BRDA:219,30,1,0
BRDA:286,31,0,1
BRDA:286,31,1,2
BRDA:292,32,0,0
BRDA:292,32,1,0
BRDA:382,33,0,0
BRDA:382,33,1,0
BRDA:442,34,0,0
BRDA:442,34,1,1
BRDA:457,35,0,0
BRDA:457,35,1,0
BRDA:511,36,0,0
BRDA:511,36,1,1
BRDA:560,37,0,0
BRDA:560,37,1,1
BRDA:577,38,0,0
BRDA:577,38,1,0
BRDA:618,39,0,0
BRDA:618,39,1,1
BRDA:639,40,0,0
BRDA:639,40,1,0
BRF:78
BRH:43
end_of_record
TN:
SF:src\routes\weather.js
FN:5,(anonymous_0)
FNF:1
FNH:1
FNDA:2,(anonymous_0)
DA:1,7
DA:2,7
DA:3,7
DA:5,7
DA:6,2
DA:7,2
DA:8,2
DA:9,1
DA:11,1
DA:17,7
LF:10
LH:10
BRDA:8,0,0,1
BRDA:8,0,1,1
BRF:2
BRH:2
end_of_record
TN:
SF:src\utils\file.service.js
FN:10,uploadFile
FN:22,getFileUrl
FN:31,deleteFile
FNF:3
FNH:3
FNDA:3,uploadFile
FNDA:5,getFileUrl
FNDA:1,deleteFile
DA:1,8
DA:6,8
DA:7,8
DA:8,8
DA:11,3
DA:12,3
DA:18,3
DA:19,3
DA:23,5
DA:24,4
DA:28,4
DA:32,1
DA:33,1
DA:37,1
DA:40,8
LF:15
LH:15
BRDA:10,0,0,0
BRDA:22,1,0,5
BRDA:23,2,0,1
BRDA:23,2,1,4
BRDA:32,3,0,0
BRDA:32,3,1,1
BRF:6
BRH:4
end_of_record
TN:
SF:src\utils\weatherService.js
FN:5,getWeatherByCity
FNF:1
FNH:1
FNDA:4,getWeatherByCity
DA:1,8
DA:3,8
DA:6,4
DA:7,4
DA:16,2
DA:23,2
DA:24,2
DA:28,8
LF:8
LH:8
BRF:0
BRH:0
end_of_record
